09:55:42 I Init: Starting EQ2Emulator WorldServer...
09:55:42 I DB: Using database 'eq2world' at localhost
09:55:42 D World: Randomizing World...
09:55:42 D Init: ./LoginServer.ini read...
09:55:42 I World: Loading System Data...
09:55:46 I World: Loaded System Data (took 4 seconds)
09:55:46 W Threaded: Using Threaded loading of static data...
09:55:46 W Thread: Item Loading Thread started.
09:55:46 I Guilds: Loading Guilds...
09:55:46 W Thread: Spell Loading Thread started.
09:55:46 I DB: Using database 'eq2world' at localhost
09:55:46 I DB: Using database 'eq2world' at localhost
09:55:46 I Items: Loading Items...
09:55:46 I Spells: Loading Spells...
09:55:46 I Guilds: 	Loaded 0 Guild(s)
09:55:46 I Recipes: Loading Recipe Books...
09:55:46 D Recipes: 	Loaded 2619 Recipe Books 
09:55:46 I Recipes: Loading Recipes...
09:55:46 D Recipes: 	Loaded 981 recipes
09:55:46 I Tradeskills: Loading Tradeskill Events...
09:55:46 D Tradeskills: 	Loaded 144 tradeskill events
09:55:46 I AA: Loading Alternate Advancements...
09:55:46 I AA: Loaded 3084 Alternate Advancement(s)
09:55:46 I AA: Loading AA Tree Nodes...
09:55:46 I AA: Loaded 0 AA Tree Nodes
09:55:46 I Titles: Loading Titles...
09:55:46 D World: 	Loaded 472 Titles
09:55:46 I Languages: Loading Languages...
09:55:46 D World: 	Loaded 44 Languages
09:55:46 I Chat: Loading channels...
09:55:46 I LUA: Loading Spawn Scripts...
09:55:46 D LUA: 	Loaded 114199 SpawnScripts
09:55:46 I LUA: Loading Zone Scripts...
09:55:46 D LUA: 	Loaded 6 ZoneScripts
09:55:46 I World: Loading House Zone Data...
09:55:46 I World: Loading Heroic OP Data...
09:55:46 I World: Loading Race Types Data...
09:55:46 I World: - Loaded 0 Race Types
09:55:46 I World: Waiting for load threads to finish.
09:55:47 D Spells: Loading Spell Effects...
09:55:48 D Spells: 	Loaded 20434 Spell Effects.
09:55:48 D Spells: Loading Spell LUA Data...
09:55:48 D Spells: 	Loaded 25006 Spell LUA Data entries.
09:55:48 D Spells: Loading Spells Scripts...
09:55:48 D Items: 	Loaded 14664 Normal Items
09:55:48 D Items: 	Loaded 4205 Baubles
09:55:48 D Items: 	Loaded 350 Bags
09:55:48 D Items: 	Loaded 537 Books
09:55:48 D Items: 	Loaded 6677 House Items
09:55:48 D Items: 	Loaded 2627 Food Items
09:55:48 D Items: 	Loaded 20459 Weapons
09:55:48 D Items: 	Loaded 3548 Ranged Weapons
09:55:48 D Items: 	Loaded 157 Thrown Weapons
09:55:48 D Items: 	Loaded 62188 Armor Pieces
09:55:49 D Items: 	Loaded 5661 Shields
09:55:49 D Items: 	Loaded 24843 Skill Items
09:55:49 D Items: 	Loaded 25979 Recipe Book Items
09:55:49 D Items: 	Loaded 65 House Containers
09:55:49 D Items: Loading Item Appearances...
09:55:49 D Items: 	Loaded 73859 Item Appearances
09:55:49 D Items: Loading Item Stats...
09:55:49 D Spells: 	Loaded 13551 SpellScripts
09:55:49 I Spells: Loaded 11498 Spells (took 3 seconds)
09:55:49 I Spells: Loading Spell Errors...
09:55:49 I Traits: Loading Traits...
09:55:49 I Traits: Loaded 0 Trait(s)
09:55:49 W Thread: Spell Loading Thread completed.
09:55:50 D Items: 	Loaded 451278 Item Stats
09:55:50 D Items: Loading Item Effects...
09:55:50 D Items: 	Loaded 167559 Item Effects
09:55:50 D Items: Loading Item Level Overrides...
09:55:50 D Items: 	Loaded 0 Item Level Overrides
09:55:50 I Items: Loaded 153019 Total Items (took 4 seconds)
09:55:50 D Items: WorldDatabase::LoadNextUniqueItemID: max(id): 7249
09:55:50 I Collect: Loading Collections...
09:55:50 D Collect: 	Loaded 553 collections
09:55:50 D Collect: 	Loaded 2661 collection items
09:55:50 D Collect: 	Loaded 606 collection rewards
09:55:50 I Merchants: Loading Merchants...
09:55:50 D Merchant: 	Clearing Merchant Inventory...
09:55:50 D Merchant: 	Loading Merchant Inventory...
09:55:50 D Merchant: 	Loaded 22638 Merchant Inventory Item(s)
09:55:50 D Merchant: 	Loaded 774 Merchant List(s)
09:55:50 I Quests: Loading Quests...
09:55:50 D Quest: 	Loaded 183 Quest(s)
09:55:50 W Thread: Item Loading Thread completed.
09:55:50 I World: Load threads finished.
09:55:50 I World: Total World startup time: 8 seconds.
09:55:50 D World: Starting factory Reader
09:55:50 D World: Starting factory Writer
09:55:50 I Net: World server listening on: 127.0.0.1:9000
09:55:50 I Zone: Starting static zones...
09:55:50 I IRC: Starting global IRC server...
09:55:50 D IRC: Connecting to IRC server irc.eq2emulator.net:6667.
09:55:50 D IRC: Successfully connected to the global IRC server!
09:55:50 D Thread: Starting console command thread...
09:55:50 I Console: Type 'help' or '?' and press enter for menu options.
09:55:50 D Thread: Starting autoinit loginserver thread...
09:55:50 I World: Connected to LoginServer: 127.0.0.1: 9100
09:55:51 E World: Login Server returned a fatal error: Bad password
Disabling reconnect.
