10:10:27 I Init: Starting EQ2Emulator WorldServer...
10:10:27 I DB: Using database 'eq2world' at localhost
10:10:27 D World: Randomizing World...
10:10:27 D Init: ./LoginServer.ini read...
10:10:27 I Patcher: Connecting to DB PatchServer...
10:10:28 E Patcher: PatchServer::ConnectToUpdateServer: ' '
10:10:28 I Patcher: DB Update check completed...
10:10:28 I World: Loading System Data...
10:10:32 I World: Loaded System Data (took 4 seconds)
10:10:32 W Threaded: Using Threaded loading of static data...
10:10:32 W Thread: Item Loading Thread started.
10:10:32 I Guilds: Loading Guilds...
10:10:32 W Thread: Spell Loading Thread started.
10:10:32 I Guilds: 	Loaded 0 Guild(s)
10:10:32 I Recipes: Loading Recipe Books...
10:10:32 I DB: Using database 'eq2world' at localhost
10:10:32 I DB: Using database 'eq2world' at localhost
10:10:32 I Items: Loading Items...
10:10:32 I Spells: Loading Spells...
10:10:32 D Recipes: 	Loaded 2619 Recipe Books 
10:10:32 I Recipes: Loading Recipes...
10:10:32 D Recipes: 	Loaded 981 recipes
10:10:32 I Tradeskills: Loading Tradeskill Events...
10:10:32 D Tradeskills: 	Loaded 144 tradeskill events
10:10:32 I AA: Loading Alternate Advancements...
10:10:32 I AA: Loaded 3084 Alternate Advancement(s)
10:10:32 I AA: Loading AA Tree Nodes...
10:10:32 I AA: Loaded 0 AA Tree Nodes
10:10:32 I Titles: Loading Titles...
10:10:32 D World: 	Loaded 472 Titles
10:10:32 I Languages: Loading Languages...
10:10:32 D World: 	Loaded 44 Languages
10:10:32 I Chat: Loading channels...
10:10:32 I LUA: Loading Spawn Scripts...
10:10:32 D LUA: 	Loaded 114199 SpawnScripts
10:10:32 I LUA: Loading Zone Scripts...
10:10:32 D LUA: 	Loaded 6 ZoneScripts
10:10:32 I World: Loading House Zone Data...
10:10:32 I World: Loading Heroic OP Data...
10:10:32 I World: Loading Race Types Data...
10:10:32 I World: - Loaded 0 Race Types
10:10:32 I World: Waiting for load threads to finish.
10:10:32 D Spells: Loading Spell Effects...
10:10:33 D Spells: 	Loaded 20434 Spell Effects.
10:10:33 D Spells: Loading Spell LUA Data...
10:10:33 D Spells: 	Loaded 25006 Spell LUA Data entries.
10:10:33 D Spells: Loading Spells Scripts...
10:10:34 D Items: 	Loaded 14664 Normal Items
10:10:34 D Items: 	Loaded 4205 Baubles
10:10:34 D Items: 	Loaded 350 Bags
10:10:34 D Items: 	Loaded 537 Books
10:10:34 D Items: 	Loaded 6677 House Items
10:10:34 D Items: 	Loaded 2627 Food Items
10:10:34 D Items: 	Loaded 20459 Weapons
10:10:34 D Items: 	Loaded 3548 Ranged Weapons
10:10:34 D Items: 	Loaded 157 Thrown Weapons
10:10:34 D Items: 	Loaded 62188 Armor Pieces
10:10:34 D Items: 	Loaded 5661 Shields
10:10:34 D Items: 	Loaded 24843 Skill Items
10:10:34 D Items: 	Loaded 25979 Recipe Book Items
10:10:34 D Items: 	Loaded 65 House Containers
10:10:34 D Items: Loading Item Appearances...
10:10:34 D Items: 	Loaded 73859 Item Appearances
10:10:34 D Items: Loading Item Stats...
10:10:35 D Spells: 	Loaded 13551 SpellScripts
10:10:35 I Spells: Loaded 11498 Spells (took 3 seconds)
10:10:35 I Spells: Loading Spell Errors...
10:10:35 I Traits: Loading Traits...
10:10:35 I Traits: Loaded 0 Trait(s)
10:10:35 W Thread: Spell Loading Thread completed.
10:10:35 D Items: 	Loaded 451278 Item Stats
10:10:35 D Items: Loading Item Effects...
10:10:36 D Items: 	Loaded 167559 Item Effects
10:10:36 D Items: Loading Item Level Overrides...
10:10:36 D Items: 	Loaded 0 Item Level Overrides
10:10:36 I Items: Loaded 153019 Total Items (took 4 seconds)
10:10:36 D Items: WorldDatabase::LoadNextUniqueItemID: max(id): 7249
10:10:36 I Collect: Loading Collections...
10:10:36 D Collect: 	Loaded 553 collections
10:10:36 D Collect: 	Loaded 2661 collection items
10:10:36 D Collect: 	Loaded 606 collection rewards
10:10:36 I Merchants: Loading Merchants...
10:10:36 D Merchant: 	Clearing Merchant Inventory...
10:10:36 D Merchant: 	Loading Merchant Inventory...
10:10:36 D Merchant: 	Loaded 22638 Merchant Inventory Item(s)
10:10:36 D Merchant: 	Loaded 774 Merchant List(s)
10:10:36 I Quests: Loading Quests...
10:10:36 D Quest: 	Loaded 183 Quest(s)
10:10:36 W Thread: Item Loading Thread completed.
10:10:36 I World: Load threads finished.
10:10:36 I World: Total World startup time: 9 seconds.
10:10:36 D World: Starting factory Reader
10:10:36 D World: Starting factory Writer
10:10:36 I Net: World server listening on: 127.0.0.1:9000
10:10:36 I Zone: Starting static zones...
10:10:36 I IRC: Starting global IRC server...
10:10:36 D IRC: Connecting to IRC server irc.eq2emulator.net:6667.
10:10:36 D IRC: Successfully connected to the global IRC server!
10:10:36 D Thread: Starting console command thread...
10:10:36 I Console: Type 'help' or '?' and press enter for menu options.
10:10:36 D Thread: Starting autoinit loginserver thread...
10:10:36 I World: Connected to LoginServer: 127.0.0.1: 9100
