07:18:48 I Init: Starting EQ2Emulator WorldServer...
07:18:48 I DB: Using database 'eq2world' at localhost
07:18:48 D World: Randomizing World...
07:18:48 D Init: ./LoginServer.ini read...
07:18:48 I Patcher: Connecting to DB PatchServer...
07:18:49 E Patcher: PatchServer::ConnectToUpdateServer: ' '
07:18:49 I Patcher: DB Update check completed...
07:18:49 I World: Loading System Data...
07:18:53 I World: Loaded System Data (took 4 seconds)
07:18:53 W Threaded: Using Threaded loading of static data...
07:18:53 W Thread: Item Loading Thread started.
07:18:53 I DB: Using database 'eq2world' at localhost
07:18:53 I Items: Loading Items...
07:18:53 I Guilds: Loading Guilds...
07:18:53 W Thread: Spell Loading Thread started.
07:18:53 I DB: Using database 'eq2world' at localhost
07:18:53 I Spells: Loading Spells...
07:18:54 I Guilds: 	Loaded 0 Guild(s)
07:18:54 I Recipes: Loading Recipe Books...
07:18:54 D Recipes: 	Loaded 2619 Recipe Books 
07:18:54 I Recipes: Loading Recipes...
07:18:54 D Recipes: 	Loaded 981 recipes
07:18:54 I Tradeskills: Loading Tradeskill Events...
07:18:54 D Tradeskills: 	Loaded 144 tradeskill events
07:18:54 I AA: Loading Alternate Advancements...
07:18:54 I AA: Loaded 3084 Alternate Advancement(s)
07:18:54 I AA: Loading AA Tree Nodes...
07:18:54 I AA: Loaded 0 AA Tree Nodes
07:18:54 I Titles: Loading Titles...
07:18:54 D World: 	Loaded 472 Titles
07:18:54 I Languages: Loading Languages...
07:18:54 D World: 	Loaded 44 Languages
07:18:54 I Chat: Loading channels...
07:18:54 I LUA: Loading Spawn Scripts...
07:18:54 D LUA: 	Loaded 114199 SpawnScripts
07:18:54 I LUA: Loading Zone Scripts...
07:18:54 D LUA: 	Loaded 6 ZoneScripts
07:18:54 I World: Loading House Zone Data...
07:18:54 I World: Loading Heroic OP Data...
07:18:54 I World: Loading Race Types Data...
07:18:54 I World: - Loaded 0 Race Types
07:18:54 I World: Waiting for load threads to finish.
07:18:54 D Spells: Loading Spell Effects...
07:18:56 D Spells: 	Loaded 20434 Spell Effects.
07:18:56 D Spells: Loading Spell LUA Data...
07:18:56 D Spells: 	Loaded 25006 Spell LUA Data entries.
07:18:56 D Spells: Loading Spells Scripts...
07:18:56 D Items: 	Loaded 14664 Normal Items
07:18:56 D Items: 	Loaded 4205 Baubles
07:18:56 D Items: 	Loaded 350 Bags
07:18:56 D Items: 	Loaded 537 Books
07:18:56 D Items: 	Loaded 6677 House Items
07:18:57 D Items: 	Loaded 2627 Food Items
07:18:57 D Items: 	Loaded 20459 Weapons
07:18:57 D Items: 	Loaded 3548 Ranged Weapons
07:18:57 D Items: 	Loaded 157 Thrown Weapons
07:18:57 D Items: 	Loaded 62188 Armor Pieces
07:18:57 D Items: 	Loaded 5661 Shields
07:18:57 D Items: 	Loaded 24843 Skill Items
07:18:57 D Items: 	Loaded 25979 Recipe Book Items
07:18:57 D Items: 	Loaded 65 House Containers
07:18:57 D Items: Loading Item Appearances...
07:18:57 D Items: 	Loaded 73859 Item Appearances
07:18:57 D Items: Loading Item Stats...
07:18:58 D Items: 	Loaded 451278 Item Stats
07:18:58 D Items: Loading Item Effects...
07:18:59 D Items: 	Loaded 167559 Item Effects
07:18:59 D Items: Loading Item Level Overrides...
07:18:59 D Items: 	Loaded 0 Item Level Overrides
07:18:59 I Items: Loaded 153019 Total Items (took 6 seconds)
07:18:59 D Items: WorldDatabase::LoadNextUniqueItemID: max(id): 7249
07:18:59 I Collect: Loading Collections...
07:18:59 D Collect: 	Loaded 1174 collections
07:18:59 D Collect: 	Loaded 3819 collection items
07:18:59 D Collect: 	Loaded 2951 collection rewards
07:18:59 I Merchants: Loading Merchants...
07:18:59 D Merchant: 	Clearing Merchant Inventory...
07:18:59 D Merchant: 	Loading Merchant Inventory...
07:18:59 D Merchant: 	Loaded 22638 Merchant Inventory Item(s)
07:18:59 D Merchant: 	Loaded 774 Merchant List(s)
07:18:59 I Quests: Loading Quests...
07:19:00 D Quest: 	Loaded 183 Quest(s)
07:19:00 W Thread: Item Loading Thread completed.
07:19:01 D Spells: 	Loaded 13551 SpellScripts
07:19:01 I Spells: Loaded 11498 Spells (took 8 seconds)
07:19:01 I Spells: Loading Spell Errors...
07:19:01 I Traits: Loading Traits...
07:19:01 I Traits: Loaded 0 Trait(s)
07:19:01 W Thread: Spell Loading Thread completed.
07:19:01 I World: Load threads finished.
07:19:01 I World: Total World startup time: 13 seconds.
07:19:01 D World: Starting factory Reader
07:19:01 D World: Starting factory Writer
07:19:01 I Net: World server listening on: 127.0.0.1:9000
07:19:01 I Zone: Starting static zones...
07:19:01 I IRC: Starting global IRC server...
07:19:01 D IRC: Connecting to IRC server irc.eq2emulator.net:6667.
07:19:01 D IRC: Successfully connected to the global IRC server!
07:19:01 D Thread: Starting console command thread...
07:19:01 I Console: Type 'help' or '?' and press enter for menu options.
07:19:01 D Thread: Starting autoinit loginserver thread...
07:19:01 I World: Connected to LoginServer: 127.0.0.1: 9100
07:19:28 D Net: AddAuth: 1 Key: 1490440768
07:19:28 D Net: New client from ip: 127.0.0.1 port: 51672
07:19:28 D Net: Adding new client...
07:19:28 I ZoneAuth: Access Key: 1490440768, Character Name: Ememjr, Account ID: 1
07:19:28 D Player: Loading character for 'Ememjr' (char_id: 2)
07:19:28 I Zone: Loading new Zone 'FrostfangSea'
07:19:28 D Zone: SpawnUpdateTimer: 200ms
07:19:28 D Zone: SpawnDeleteTimer: 30000ms
07:19:28 D Zone: Loading zone flight paths
07:19:29 D Zone: Loaded 0 flight paths for Frostfang Sea
07:19:29 D Zone: Loaded 0 flight path locations for Frostfang Sea
07:19:29 D Command: -Loading Entity Commands...
07:19:29 D Command: --Loaded 1316 entity command(s)
07:19:29 I NPC: -Loading NPC data...
07:19:29 I NPC: --Loaded 708 NPC(s).
07:19:29 I NPC: --Loaded 3 NPC Spell(s).
07:19:29 I NPC: --Loaded 0 NPC Skill(s).
07:19:29 I NPC: --Loaded 0 NPC Equipment Piece(s).
07:19:30 I NPC: --Loaded 704 NPC Appearance(s).
07:19:30 I NPC: --Loaded 614 NPC Equipment Appearance(s).
07:19:30 I NPC: -Load NPC data complete!
07:19:30 I Object: -Loading Object data...
07:19:30 D Object: --Loaded 206 Object(s)
07:19:30 I Object: -Load Object data complete!
07:19:30 I Sign: -Loading Sign data...
07:19:30 D Sign: --Loaded 45 Sign(s)
07:19:30 I Sign: -Load Sign data complete!
07:19:30 I Widget: -Loading Widget data...
07:19:30 D Widget: --Loaded 34 Widget(s)
07:19:30 I Widget: -Load Widget data complete!
07:19:30 I GSpawn: -Loading Groundspawn data...
07:19:31 D GSpawn: --Loaded 19 GroundSpawn(s)
07:19:31 D GSpawn: --Loaded 33 GroundSpawn Entries.
07:19:31 D GSpawn: --Loaded 239 GroundSpawn Items.
07:19:31 I GSpawn: -Load Groundspawn data complete!
07:19:31 I Pet: -Loading Pet data...
07:19:41 D Pet: --Loaded 1707 Pet Names
07:19:41 I Pet: -Load Pet data complete!
07:19:41 I Loot: -Loading Spawn loot data...
07:19:41 D Loot: --Loading LootTables...
07:19:41 D Loot: --Loaded 0 loot tables.
07:19:41 D Loot: --Loading LootDrops...
07:19:41 D Loot: --Loaded 0 loot drops.
07:19:41 D Loot: --Assigning loot table(s) to spawn(s)...
07:19:41 D Loot: --Loaded 0 spawn loot lists.
07:19:41 I Loot: -Loading Global loot data...
07:19:41 D Loot: --Loaded 0 Global loot lists.
07:19:41 I Loot: -Loading Spawn loot data complete!
07:19:41 I Transport: -Loading Transporters...
07:19:41 D Transport: --Loaded 30 Transporter(s)
07:19:41 D Transport: -Loading Transporter Maps...
07:19:41 D Transport: --Loaded 1 Transporter Maps
07:19:41 I Transport: -Loading Transporters complete!
07:19:42 D Player: Loaded 0 LUA history for Ememjr
07:19:42 D Recipes: Loaded 0 recipes for player: Ememjr (2)
07:19:42 D Achievements: Loaded 0 player achievement updates
07:19:42 I Spawn: Loaded for zone 'FrostfangSea' (470):
	1806 NPC(s), 1238 Object(s), 34 Widget(s)
	81 Sign(s), 1920 Ground Spawn(s), 1828 Spawn Group(s)
	1161 Spawn Group Association(s), 0 Spawn Group Chance(s)
07:19:42 D Player: Loading character_details for 'Ememjr' (char_id: 2)
07:19:57 D NPC: Loaded NPC: 'a portal jumped Ry'Gorr raider' (4700096).
07:19:57 D Client: SendLoginInfo to new client...
07:19:57 D World: Increment Server_Accepted_Connection + 1
07:19:57 D Client: Populate Skill Map...
07:19:57 D Client: Toggle Character Online...
07:19:57 D Player: Toggling Character ONLINE!
07:19:57 D Client: Loading Character Skills for player 'Ememjr'...
07:19:57 D World: Loading Titles for player 'Ememjr'...
07:19:57 D World: Loading Languages for player 'Ememjr'...
07:19:57 D Client: No character languages loaded!
07:19:57 D Spells: Loading Character Spells for player Ememjr...
07:19:57 D Recipes: Loading Character Recipe Books for player 'Ememjr' ...
07:19:57 D Client: No character recipe books found!
07:19:57 D Packet: Sending Login Accepted packet (LS_LoginResponse, 1193)
07:19:57 D World: Send MOTD...
07:19:57 D Packet: Sending Character Macro packet (WS_MacroInit, 1193)
07:19:57 D World: Sending FriendList...
07:19:57 D Player: Loading Player Factions...
07:19:57 D Player: Loading Character Quests...
07:19:57 D LUA: Quest: Welcome to Norrath, function: Reload
07:19:57 D LUA: Done!
07:19:57 D LUA: Quest: The Art of Combat, function: Reload
07:19:57 D LUA: Done!
07:19:57 D LUA: Quest: A Presence of Evil, function: Reload
07:19:57 D LUA: Done!
07:19:57 D LUA: Quest: Into the Tainted Forest, function: Reload
07:19:57 D LUA: Done!
07:19:57 D LUA: Quest: Into the Tainted Forest, function: Reload
07:19:57 D LUA: Done!
07:19:57 D LUA: Quest: Into the Tainted Forest, function: Reload
07:19:57 D LUA: Done!
07:19:57 D LUA: Quest: Into the Tainted Forest, function: Reload
07:19:57 D LUA: Done!
07:19:57 D Player: Loading Player Mail...
07:19:57 D Client: Send Quest Journal...
07:19:57 D Client: Loading Faction Updates...
07:19:57 D Client: Send Command List...
07:19:57 D Client: Send Language Updates...
07:19:57 D Player: Getting current language for player 'Ememjr'...
07:19:57 D Client: SendFriendList
07:19:57 D Client: SendIgnoreList
07:20:04 D Items: Loading items for character 'Ememjr' (2)
07:20:04 D Player: Getting current title index for player 'Ememjr'...
07:20:04 D Player: Getting current title index for player 'Ememjr'...
07:20:04 D Merchant: Loading Buyback - Player: 2
07:20:09 D Command: Player 'Ememjr' (1), Command: autoattack
07:20:09 D Command: Player 'Ememjr' (1), Command: enablequeuedabilities
07:20:09 D Command: Player 'Ememjr' (1), Command: welcome_info
07:20:12 D Client: Saving paperdoll image for player Ememjr (2)
07:20:12 D Client: Saving headshot image for player Ememjr (2)
07:20:23 D Command: Player 'Ememjr' (1), Command: info
07:20:23 D Collect: Adding collection from master list 789

07:20:29 D Player: Saving History for Player: 'Ememjr'
07:21:57 D World: Removing connection...
07:23:54 D World: Name check on: Ibux
07:23:54 D World: Response: 1
07:23:54 W World: New character 'Ibux' granted GM status (200) from accountID: 1
07:23:54 D Player: Adding default zone for race: 5, class: 23 for char_id: 3 (choice: 32)
07:23:54 D Player: Setting New Character Starting Zone to 'FrostfangSea' FROM starting_zones table.
07:23:54 D Player: Adding default items for race: 5, class: 23 for char_id: 3
07:23:54 D Player: Adding default skills for race: 5, class: 23 for char_id: 3
07:23:54 D Player: Adding default spells for race: 5, class: 23 for char_id: 3
07:23:54 D Player: Adding default skillbar for race: 5, class: 23 for char_id: 3
07:23:54 D Player: Adding default titles for race: 5, class: 23, gender: 1 for char_id: 3
07:23:55 D Net: AddAuth: 1 Key: 1490441035
07:23:55 D Net: New client from ip: 127.0.0.1 port: 51524
07:23:55 D Net: Adding new client...
07:23:56 I ZoneAuth: Access Key: 1490441035, Character Name: Ibux, Account ID: 1
07:23:56 D Player: Loading character for 'Ibux' (char_id: 3)
07:23:56 D Player: Loaded 0 LUA history for Ibux
07:23:56 D Recipes: Loaded 0 recipes for player: Ibux (3)
07:23:56 D Achievements: Loaded 0 player achievement updates
07:23:56 D Player: Loading character_details for 'Ibux' (char_id: 3)
