06:58:45 I Init: Starting EQ2Emulator WorldServer...
06:58:46 I DB: Using database 'eq2world' at localhost
06:58:46 D World: Randomizing World...
06:58:46 D Init: ./LoginServer.ini read...
06:58:46 I Patcher: Connecting to DB PatchServer...
06:58:47 E Patcher: PatchServer::ConnectToUpdateServer: ' '
06:58:47 I Patcher: DB Update check completed...
06:58:47 I World: Loading System Data...
06:58:51 I World: Loaded System Data (took 4 seconds)
06:58:51 W Threaded: Using Threaded loading of static data...
06:58:51 W Thread: Item Loading Thread started.
06:58:51 I DB: Using database 'eq2world' at localhost
06:58:51 I Items: Loading Items...
06:58:51 I Guilds: Loading Guilds...
06:58:51 W Thread: Spell Loading Thread started.
06:58:51 I DB: Using database 'eq2world' at localhost
06:58:51 I Spells: Loading Spells...
06:58:51 I Guilds: 	Loaded 0 Guild(s)
06:58:51 I Recipes: Loading Recipe Books...
06:58:51 D Recipes: 	Loaded 2619 Recipe Books 
06:58:51 I Recipes: Loading Recipes...
06:58:51 D Recipes: 	Loaded 981 recipes
06:58:51 I Tradeskills: Loading Tradeskill Events...
06:58:51 D Tradeskills: 	Loaded 144 tradeskill events
06:58:51 I AA: Loading Alternate Advancements...
06:58:51 I AA: Loaded 3084 Alternate Advancement(s)
06:58:51 I AA: Loading AA Tree Nodes...
06:58:51 I AA: Loaded 0 AA Tree Nodes
06:58:51 I Titles: Loading Titles...
06:58:51 D World: 	Loaded 472 Titles
06:58:51 I Languages: Loading Languages...
06:58:51 D World: 	Loaded 44 Languages
06:58:51 I Chat: Loading channels...
06:58:51 I LUA: Loading Spawn Scripts...
06:58:52 D LUA: 	Loaded 114199 SpawnScripts
06:58:52 I LUA: Loading Zone Scripts...
06:58:52 D LUA: 	Loaded 6 ZoneScripts
06:58:52 I World: Loading House Zone Data...
06:58:52 I World: Loading Heroic OP Data...
06:58:52 I World: Loading Race Types Data...
06:58:52 I World: - Loaded 0 Race Types
06:58:52 I World: Waiting for load threads to finish.
06:58:52 D Spells: Loading Spell Effects...
06:58:53 D Spells: 	Loaded 20434 Spell Effects.
06:58:53 D Spells: Loading Spell LUA Data...
06:58:53 D Spells: 	Loaded 25006 Spell LUA Data entries.
06:58:53 D Spells: Loading Spells Scripts...
06:58:54 D Items: 	Loaded 14664 Normal Items
06:58:54 D Items: 	Loaded 4205 Baubles
06:58:54 D Items: 	Loaded 350 Bags
06:58:54 D Items: 	Loaded 537 Books
06:58:54 D Items: 	Loaded 6677 House Items
06:58:54 D Items: 	Loaded 2627 Food Items
06:58:54 D Items: 	Loaded 20459 Weapons
06:58:54 D Items: 	Loaded 3548 Ranged Weapons
06:58:54 D Items: 	Loaded 157 Thrown Weapons
06:58:54 D Items: 	Loaded 62188 Armor Pieces
06:58:54 D Items: 	Loaded 5661 Shields
06:58:54 D Items: 	Loaded 24843 Skill Items
06:58:54 D Items: 	Loaded 25979 Recipe Book Items
06:58:54 D Items: 	Loaded 65 House Containers
06:58:54 D Items: Loading Item Appearances...
06:58:54 D Items: 	Loaded 73859 Item Appearances
06:58:54 D Items: Loading Item Stats...
06:58:55 D Items: 	Loaded 451278 Item Stats
06:58:55 D Items: Loading Item Effects...
06:58:56 D Items: 	Loaded 167559 Item Effects
06:58:56 D Items: Loading Item Level Overrides...
06:58:56 D Items: 	Loaded 0 Item Level Overrides
06:58:56 I Items: Loaded 153019 Total Items (took 5 seconds)
06:58:56 D Items: WorldDatabase::LoadNextUniqueItemID: max(id): 7249
06:58:56 I Collect: Loading Collections...
06:58:56 D Collect: 	Loaded 1174 collections
06:58:56 D Collect: 	Loaded 3819 collection items
06:58:56 D Collect: 	Loaded 2951 collection rewards
06:58:56 I Merchants: Loading Merchants...
06:58:56 D Merchant: 	Clearing Merchant Inventory...
06:58:56 D Merchant: 	Loading Merchant Inventory...
06:58:56 D Merchant: 	Loaded 22638 Merchant Inventory Item(s)
06:58:56 D Merchant: 	Loaded 774 Merchant List(s)
06:58:56 I Quests: Loading Quests...
06:58:58 D Quest: 	Loaded 183 Quest(s)
06:58:58 W Thread: Item Loading Thread completed.
06:59:00 D Spells: 	Loaded 13551 SpellScripts
06:59:00 I Spells: Loaded 11498 Spells (took 9 seconds)
06:59:00 I Spells: Loading Spell Errors...
06:59:00 I Traits: Loading Traits...
06:59:00 I Traits: Loaded 0 Trait(s)
06:59:00 W Thread: Spell Loading Thread completed.
06:59:00 I World: Load threads finished.
06:59:00 I World: Total World startup time: 15 seconds.
06:59:00 D World: Starting factory Reader
06:59:00 D World: Starting factory Writer
06:59:00 I Net: World server listening on: 127.0.0.1:9000
06:59:00 I Zone: Starting static zones...
06:59:00 I IRC: Starting global IRC server...
06:59:00 D IRC: Connecting to IRC server irc.eq2emulator.net:6667.
06:59:00 D IRC: Successfully connected to the global IRC server!
06:59:00 D Thread: Starting console command thread...
06:59:00 I Console: Type 'help' or '?' and press enter for menu options.
06:59:00 D Thread: Starting autoinit loginserver thread...
06:59:00 I World: Connected to LoginServer: 127.0.0.1: 9100
07:08:28 D Net: AddAuth: 1 Key: 1490440108
07:08:29 D Net: New client from ip: 127.0.0.1 port: 54627
07:08:29 D Net: Adding new client...
07:08:29 I ZoneAuth: Access Key: 1490440108, Character Name: Ememjr, Account ID: 1
07:08:29 D Player: Loading character for 'Ememjr' (char_id: 2)
07:08:29 I Zone: Loading new Zone 'FrostfangSea'
07:08:29 D Zone: SpawnUpdateTimer: 200ms
07:08:29 D Zone: SpawnDeleteTimer: 30000ms
07:08:29 D Zone: Loading zone flight paths
07:08:29 D Zone: Loaded 0 flight paths for Frostfang Sea
07:08:29 D Zone: Loaded 0 flight path locations for Frostfang Sea
07:08:29 D Command: -Loading Entity Commands...
07:08:29 D Command: --Loaded 1316 entity command(s)
07:08:29 I NPC: -Loading NPC data...
07:08:29 I NPC: --Loaded 708 NPC(s).
07:08:30 I NPC: --Loaded 3 NPC Spell(s).
07:08:30 I NPC: --Loaded 0 NPC Skill(s).
07:08:30 I NPC: --Loaded 0 NPC Equipment Piece(s).
07:08:31 I NPC: --Loaded 704 NPC Appearance(s).
07:08:31 I NPC: --Loaded 614 NPC Equipment Appearance(s).
07:08:31 I NPC: -Load NPC data complete!
07:08:31 I Object: -Loading Object data...
07:08:31 D Object: --Loaded 206 Object(s)
07:08:31 I Object: -Load Object data complete!
07:08:31 I Sign: -Loading Sign data...
07:08:31 D Sign: --Loaded 45 Sign(s)
07:08:31 I Sign: -Load Sign data complete!
07:08:31 I Widget: -Loading Widget data...
07:08:31 D Widget: --Loaded 34 Widget(s)
07:08:31 I Widget: -Load Widget data complete!
07:08:31 I GSpawn: -Loading Groundspawn data...
07:08:32 D GSpawn: --Loaded 19 GroundSpawn(s)
07:08:32 D GSpawn: --Loaded 33 GroundSpawn Entries.
07:08:32 D GSpawn: --Loaded 239 GroundSpawn Items.
07:08:32 I GSpawn: -Load Groundspawn data complete!
07:08:32 I Pet: -Loading Pet data...
07:08:32 D Pet: --Loaded 1707 Pet Names
07:08:32 I Pet: -Load Pet data complete!
07:08:32 I Loot: -Loading Spawn loot data...
07:08:33 D Loot: --Loading LootTables...
07:08:33 D Loot: --Loaded 0 loot tables.
07:08:33 D Loot: --Loading LootDrops...
07:08:33 D Loot: --Loaded 0 loot drops.
07:08:33 D Loot: --Assigning loot table(s) to spawn(s)...
07:08:33 D Loot: --Loaded 0 spawn loot lists.
07:08:33 I Loot: -Loading Global loot data...
07:08:33 D Loot: --Loaded 0 Global loot lists.
07:08:33 I Loot: -Loading Spawn loot data complete!
07:08:33 I Transport: -Loading Transporters...
07:08:33 D Transport: --Loaded 30 Transporter(s)
07:08:33 D Transport: -Loading Transporter Maps...
07:08:33 D Transport: --Loaded 1 Transporter Maps
07:08:33 I Transport: -Loading Transporters complete!
07:08:33 D Player: Loaded 0 LUA history for Ememjr
07:08:33 D Recipes: Loaded 0 recipes for player: Ememjr (2)
07:08:33 D Achievements: Loaded 0 player achievement updates
07:08:33 D Player: Loading character_details for 'Ememjr' (char_id: 2)
07:08:34 I Spawn: Loaded for zone 'FrostfangSea' (470):
	1806 NPC(s), 1238 Object(s), 34 Widget(s)
	81 Sign(s), 1920 Ground Spawn(s), 1828 Spawn Group(s)
	1161 Spawn Group Association(s), 0 Spawn Group Chance(s)
07:08:57 D NPC: Loaded NPC: 'a portal jumped Ry'Gorr raider' (4700096).
07:08:57 D Client: SendLoginInfo to new client...
07:08:57 D World: Increment Server_Accepted_Connection + 1
07:08:57 D Client: Populate Skill Map...
07:08:57 D Client: Toggle Character Online...
07:08:57 D Player: Toggling Character ONLINE!
07:08:57 D Client: Loading Character Skills for player 'Ememjr'...
07:08:57 D World: Loading Titles for player 'Ememjr'...
07:08:57 D World: Loading Languages for player 'Ememjr'...
07:08:57 D Client: No character languages loaded!
07:08:57 D Spells: Loading Character Spells for player Ememjr...
07:08:57 D Recipes: Loading Character Recipe Books for player 'Ememjr' ...
07:08:57 D Client: No character recipe books found!
07:08:57 D Packet: Sending Login Accepted packet (LS_LoginResponse, 1193)
07:08:57 D World: Send MOTD...
07:08:57 D Packet: Sending Character Macro packet (WS_MacroInit, 1193)
07:08:57 D World: Sending FriendList...
07:08:57 D Player: Loading Player Factions...
07:08:57 D Player: Loading Character Quests...
07:08:57 D LUA: Quest: Welcome to Norrath, function: Reload
07:08:57 D LUA: Done!
07:08:57 D LUA: Quest: The Art of Combat, function: Reload
07:08:57 D LUA: Done!
07:08:57 D LUA: Quest: A Presence of Evil, function: Reload
07:08:57 D LUA: Done!
07:08:57 D LUA: Quest: Into the Tainted Forest, function: Reload
07:08:57 D LUA: Done!
07:08:57 D LUA: Quest: Into the Tainted Forest, function: Reload
07:08:57 D LUA: Done!
07:08:57 D LUA: Quest: Into the Tainted Forest, function: Reload
07:08:57 D LUA: Done!
07:08:57 D LUA: Quest: Into the Tainted Forest, function: Reload
07:08:57 D LUA: Done!
07:08:57 D Player: Loading Player Mail...
07:08:57 D Client: Send Quest Journal...
07:08:57 D Client: Loading Faction Updates...
07:08:57 D Client: Send Command List...
07:08:57 D Client: Send Language Updates...
07:08:57 D Player: Getting current language for player 'Ememjr'...
07:08:57 D Client: SendFriendList
07:08:57 D Client: SendIgnoreList
07:09:04 D Items: Loading items for character 'Ememjr' (2)
07:09:04 D Player: Getting current title index for player 'Ememjr'...
07:09:04 D Player: Getting current title index for player 'Ememjr'...
07:09:04 D Merchant: Loading Buyback - Player: 2
07:09:10 D Command: Player 'Ememjr' (1), Command: autoattack
07:09:10 D Command: Player 'Ememjr' (1), Command: enablequeuedabilities
07:09:10 D Command: Player 'Ememjr' (1), Command: welcome_info
07:09:13 D Client: Saving paperdoll image for player Ememjr (2)
07:09:13 D Client: Saving headshot image for player Ememjr (2)
07:09:29 D Player: Saving History for Player: 'Ememjr'
07:12:20 D Player: Saving LUA History for Player: 'Ememjr'
07:12:20 D LUA: Found LUA Spell Script: 'Spells/Commoner/harvest.lua'
07:12:20 D Command: Player 'Ememjr' (1), Command: clearallqueuedabilities
07:12:20 D Player: Ememjr left grid 4294967295 and entered grid 3646759888
07:12:20 D Spell: 'unknown' is Interrupting spell of 'Ememjr'...
07:12:20 D LUA: Found LUA Spell Script: 'Spells/Commoner/harvest.lua'
07:12:20 D LUA: Found LUA Spell Script: 'Spells/Commoner/harvest.lua'
07:12:20 D LUA: Found LUA Spell Script: 'Spells/Commoner/harvest.lua'
07:12:20 D LUA: Found LUA Spell Script: 'Spells/Commoner/harvest.lua'
07:12:20 D LUA: Found LUA Spell Script: 'Spells/Commoner/harvest.lua'
07:12:20 D Spell: 'unknown' is Interrupting spell of 'Ememjr'...
07:12:20 D Spell: 'unknown' is Interrupting spell of 'Ememjr'...
07:12:20 D Spell: 'unknown' is Interrupting spell of 'Ememjr'...
07:12:20 D Spell: 'unknown' is Interrupting spell of 'Ememjr'...
07:12:20 D Spell: 'unknown' is Interrupting spell of 'Ememjr'...
07:12:20 D Spell: 'unknown' is Interrupting spell of 'Ememjr'...
07:12:20 D Spell: 'unknown' is Interrupting spell of 'Ememjr'...
07:12:20 D Spell: 'unknown' is Interrupting spell of 'Ememjr'...
07:12:20 D Spell: 'unknown' is Interrupting spell of 'Ememjr'...
07:12:20 D LUA: Found LUA Spell Script: 'Spells/Commoner/harvest.lua'
07:12:20 D Command: Player 'Ememjr' (1), Command: clearallqueuedabilities
07:12:20 D LUA: Found LUA Spell Script: 'Spells/Commoner/harvest.lua'
07:12:20 D LUA: Found LUA Spell Script: 'Spells/Commoner/harvest.lua'
07:12:20 D LUA: Found LUA Spell Script: 'Spells/Commoner/harvest.lua'
07:12:20 D LUA: Found LUA Spell Script: 'Spells/Commoner/harvest.lua'
07:12:20 D LUA: Found LUA Spell Script: 'Spells/Commoner/harvest.lua'
07:12:20 D LUA: Found LUA Spell Script: 'Spells/Commoner/harvest.lua'
07:12:20 D LUA: Found LUA Spell Script: 'Spells/Commoner/harvest.lua'
07:12:20 D LUA: Found LUA Spell Script: 'Spells/Commoner/harvest.lua'
07:12:20 D LUA: Found LUA Spell Script: 'Spells/Commoner/harvest.lua'
07:12:20 D LUA: Found LUA Spell Script: 'Spells/Commoner/harvest.lua'
07:12:20 D Spell: 'unknown' is Interrupting spell of 'Ememjr'...
07:12:20 D Spell: 'unknown' is Interrupting spell of 'Ememjr'...
07:12:20 D Spell: 'unknown' is Interrupting spell of 'Ememjr'...
07:12:20 D Spell: 'unknown' is Interrupting spell of 'Ememjr'...
07:12:20 D Spell: 'unknown' is Interrupting spell of 'Ememjr'...
07:12:20 D Spell: 'unknown' is Interrupting spell of 'Ememjr'...
07:12:20 D Spell: 'unknown' is Interrupting spell of 'Ememjr'...
07:12:20 D Spell: 'unknown' is Interrupting spell of 'Ememjr'...
07:12:20 D Spell: 'unknown' is Interrupting spell of 'Ememjr'...
07:12:20 D Spell: 'unknown' is Interrupting spell of 'Ememjr'...
07:12:20 D Spell: 'unknown' is Interrupting spell of 'Ememjr'...
07:12:20 D Spell: 'unknown' is Interrupting spell of 'Ememjr'...
07:12:20 D Spell: 'unknown' is Interrupting spell of 'Ememjr'...
07:12:20 D Spell: 'unknown' is Interrupting spell of 'Ememjr'...
07:12:20 D Spell: 'unknown' is Interrupting spell of 'Ememjr'...
07:12:20 D Spell: 'unknown' is Interrupting spell of 'Ememjr'...
07:12:20 D Spell: 'unknown' is Interrupting spell of 'Ememjr'...
07:12:20 D Spell: 'unknown' is Interrupting spell of 'Ememjr'...
07:12:20 D Spell: 'unknown' is Interrupting spell of 'Ememjr'...
07:12:20 D Spell: 'unknown' is Interrupting spell of 'Ememjr'...
07:12:20 D Spell: 'unknown' is Interrupting spell of 'Ememjr'...
07:12:20 D Spell: 'unknown' is Interrupting spell of 'Ememjr'...
07:12:20 D Spell: 'unknown' is Interrupting spell of 'Ememjr'...
07:12:20 D Spell: 'unknown' is Interrupting spell of 'Ememjr'...
07:12:20 D Spell: 'unknown' is Interrupting spell of 'Ememjr'...
07:12:20 D Spell: 'unknown' is Interrupting spell of 'Ememjr'...
07:12:20 D Spell: 'unknown' is Interrupting spell of 'Ememjr'...
07:12:20 D Spell: 'unknown' is Interrupting spell of 'Ememjr'...
07:12:20 D Spell: 'unknown' is Interrupting spell of 'Ememjr'...
07:12:20 D Spell: 'unknown' is Interrupting spell of 'Ememjr'...
07:12:20 D Spell: 'unknown' is Interrupting spell of 'Ememjr'...
07:12:20 D Spell: 'unknown' is Interrupting spell of 'Ememjr'...
07:12:20 D Spell: 'unknown' is Interrupting spell of 'Ememjr'...
07:12:20 D Spell: 'unknown' is Interrupting spell of 'Ememjr'...
07:12:20 D Spell: 'unknown' is Interrupting spell of 'Ememjr'...
07:12:20 D Spell: 'unknown' is Interrupting spell of 'Ememjr'...
07:12:20 D Spell: 'unknown' is Interrupting spell of 'Ememjr'...
07:12:20 D Spell: 'unknown' is Interrupting spell of 'Ememjr'...
07:12:20 D Spell: 'unknown' is Interrupting spell of 'Ememjr'...
07:12:20 D Spell: 'unknown' is Interrupting spell of 'Ememjr'...
07:12:20 D Spell: 'unknown' is Interrupting spell of 'Ememjr'...
07:12:20 D Spell: 'unknown' is Interrupting spell of 'Ememjr'...
07:12:20 D Spell: 'unknown' is Interrupting spell of 'Ememjr'...
07:12:20 D Spell: 'unknown' is Interrupting spell of 'Ememjr'...
07:12:20 D Spell: 'unknown' is Interrupting spell of 'Ememjr'...
07:12:20 D Spell: 'unknown' is Interrupting spell of 'Ememjr'...
07:12:20 D Spell: 'unknown' is Interrupting spell of 'Ememjr'...
07:12:20 D Spell: 'unknown' is Interrupting spell of 'Ememjr'...
07:12:20 D Spell: 'unknown' is Interrupting spell of 'Ememjr'...
07:12:20 D Spell: 'unknown' is Interrupting spell of 'Ememjr'...
07:12:20 D LUA: Found LUA Spell Script: 'Spells/Commoner/harvest.lua'
07:12:20 D Command: Player 'Ememjr' (1), Command: clearallqueuedabilities
07:12:20 D LUA: Found LUA Spell Script: 'Spells/Commoner/harvest.lua'
07:12:20 D LUA: Found LUA Spell Script: 'Spells/Commoner/harvest.lua'
07:12:20 D LUA: Found LUA Spell Script: 'Spells/Commoner/harvest.lua'
07:12:20 D LUA: Found LUA Spell Script: 'Spells/Commoner/harvest.lua'
07:12:20 D LUA: Found LUA Spell Script: 'Spells/Commoner/harvest.lua'
07:12:20 D Command: Player 'Ememjr' (1), Command: clearallqueuedabilities
07:12:20 D Command: Player 'Ememjr' (1), Command: clearallqueuedabilities
07:12:20 D LUA: Found LUA Spell Script: 'Spells/Commoner/harvest.lua'
07:12:20 D LUA: Found LUA Spell Script: 'Spells/Commoner/harvest.lua'
07:12:20 D LUA: Found LUA Spell Script: 'Spells/Commoner/harvest.lua'
07:12:20 D LUA: Found LUA Spell Script: 'Spells/Commoner/harvest.lua'
07:12:20 D LUA: Found LUA Spell Script: 'Spells/Commoner/harvest.lua'
07:12:20 D LUA: Found LUA Spell Script: 'Spells/Commoner/harvest.lua'
07:12:20 D LUA: Found LUA Spell Script: 'Spells/Commoner/harvest.lua'
07:12:20 D LUA: Found LUA Spell Script: 'Spells/Commoner/harvest.lua'
07:12:20 D LUA: Found LUA Spell Script: 'Spells/Commoner/harvest.lua'
07:12:20 D LUA: Found LUA Spell Script: 'Spells/Commoner/harvest.lua'
07:12:20 D LUA: Found LUA Spell Script: 'Spells/Commoner/harvest.lua'
07:12:20 D LUA: Found LUA Spell Script: 'Spells/Commoner/harvest.lua'
07:12:20 D LUA: Found LUA Spell Script: 'Spells/Commoner/harvest.lua'
07:12:20 D LUA: Found LUA Spell Script: 'Spells/Commoner/harvest.lua'
07:12:20 D Player: Saving History for Player: 'Ememjr'
07:14:23 D World: Removing connection...
07:15:18 D Player: Saving LUA History for Player: 'Ememjr'
07:15:18 D Zone: Client is disconnecting in ZoneServer::ClientProcess (camping = false)
07:15:18 D CClient: Client Disconnect...
07:15:18 D Player: Saving History for Player: 'Ememjr'
07:15:47 D Net: AddAuth: 1 Key: 1490440547
07:15:47 D Net: New client from ip: 127.0.0.1 port: 50319
07:15:47 D Net: Adding new client...
07:15:48 I ZoneAuth: Access Key: 1490440547, Character Name: Ememjr, Account ID: 1
07:15:48 D Player: Loading character for 'Ememjr' (char_id: 2)
07:15:57 D Player: Loaded 0 LUA history for Ememjr
07:15:57 D Recipes: Loaded 0 recipes for player: Ememjr (2)
07:15:57 D Achievements: Loaded 0 player achievement updates
07:15:57 D Player: Loading character_details for 'Ememjr' (char_id: 2)
07:15:57 I Zone: Removing connection for client 'Ememjr'.
07:15:57 D Player: Toggling Character OFFLINE!
07:17:07 D World: Removing connection...
07:18:25 D Player: Saving LUA History for Player: 'Ememjr'
07:18:25 D Zone: Sending login equipment appearance updates...
07:18:25 D Zone: Removing client 'Ememjr' (2) due to Camp/Quit...
07:18:25 D Zone: Calling clients.Remove(client)...
