00:00:01 D LUA: Found LUA Spell Script: 'Spells/Scout/Predator/Assassin/QuickStrike.lua'
00:00:05 D LUA: Found LUA Spell Script: 'Spells/Scout/Predator/Assassin/QuickStrike.lua'
00:00:24 D LUA: Found LUA Spell Script: 'Spells/Scout/Predator/Assassin/QuickStrike.lua'
00:00:32 D LUA: Found LUA Spell Script: 'Spells/Scout/Predator/Assassin/QuickStrike.lua'
00:00:32 D Spell: Concentration is now 0 on a tainted Sapswill invader
00:00:36 D LUA: Found LUA Spell Script: 'Spells/Scout/Predator/Assassin/QuickStrike.lua'
00:00:36 D Spell: Concentration is now 0 on a tainted Sapswill invader
00:00:39 D LUA: Found LUA Spell Script: 'Spells/Scout/Predator/Assassin/QuickStrike.lua'
00:00:40 D Spell: Concentration is now 0 on a tainted Sapswill invader
00:00:40 D LUA: Found LUA Spell Script: 'Spells/Scout/Predator/Assassin/QuickStrike.lua'
00:00:51 D Player: Saving History for Player: 'Emem'
00:00:51 D Player: Saving LUA History for Player: 'Emem'
00:01:00 D LUA: Found LUA Spell Script: 'Spells/Scout/Predator/Assassin/QuickStrike.lua'
00:01:07 D LUA: Found LUA Spell Script: 'Spells/Scout/Predator/Assassin/QuickStrike.lua'
00:01:15 D LUA: Found LUA Spell Script: 'Spells/Scout/Predator/Assassin/QuickStrike.lua'
00:01:19 D LUA: Found LUA Spell Script: 'Spells/Scout/Predator/Assassin/QuickStrike.lua'
00:01:20 D Spell: Concentration is now 0 on a tainted Sapswill invader
00:01:32 D LUA: Found LUA Spell Script: 'Spells/Scout/Predator/Assassin/QuickStrike.lua'
00:01:36 D LUA: Found LUA Spell Script: 'Spells/Scout/Predator/Assassin/QuickStrike.lua'
00:01:40 D LUA: Found LUA Spell Script: 'Spells/Scout/Predator/Assassin/QuickStrike.lua'
00:01:51 D Player: Saving History for Player: 'Emem'
00:01:51 D Player: Saving LUA History for Player: 'Emem'
00:02:00 D LUA: Found LUA Spell Script: 'Spells/Scout/Predator/Assassin/QuickStrike.lua'
00:02:02 D LUA: Found LUA Spell Script: 'Spells/Scout/Predator/Assassin/QuickStrike.lua'
00:02:03 D Spell: Concentration is now 0 on a tainted Sapswill invader
00:02:06 D LUA: Found LUA Spell Script: 'Spells/Scout/Predator/Assassin/QuickStrike.lua'
00:02:07 D Spell: Concentration is now 0 on a tainted Sapswill invader
00:02:07 D LUA: Found LUA Spell Script: 'Spells/Scout/Predator/Assassin/QuickStrike.lua'
00:02:31 D LUA: Found LUA Spell Script: 'Spells/Scout/Predator/Assassin/QuickStrike.lua'
00:02:44 D LUA: Found LUA Spell Script: 'Spells/Scout/Predator/Assassin/QuickStrike.lua'
00:02:51 D Player: Saving History for Player: 'Emem'
00:02:51 D Player: Saving LUA History for Player: 'Emem'
00:02:57 D LUA: Found LUA Spell Script: 'Spells/Scout/Predator/Assassin/QuickStrike.lua'
00:03:02 D LUA: Found LUA Spell Script: 'Spells/Scout/Predator/Assassin/QuickStrike.lua'
00:03:05 D LUA: Found LUA Spell Script: 'Spells/Scout/Predator/Assassin/QuickStrike.lua'
00:03:09 D LUA: Found LUA Spell Script: 'Spells/Scout/Predator/Assassin/QuickStrike.lua'
00:03:10 D LUA: Found LUA Spell Script: 'Spells/Scout/Predator/Assassin/QuickStrike.lua'
00:03:22 D LUA: Found LUA Spell Script: 'Spells/Scout/Predator/Assassin/QuickStrike.lua'
00:03:32 D LUA: Found LUA Spell Script: 'Spells/Scout/Predator/Assassin/QuickStrike.lua'
00:03:36 D LUA: Found LUA Spell Script: 'Spells/Scout/Predator/Assassin/QuickStrike.lua'
00:03:39 D LUA: Found LUA Spell Script: 'Spells/Scout/Predator/Assassin/QuickStrike.lua'
00:03:41 D LUA: Found LUA Spell Script: 'Spells/Scout/Predator/Assassin/QuickStrike.lua'
00:03:41 D Spell: Concentration is now 0 on a tainted Sapswill invader
00:03:46 D LUA: Found LUA Spell Script: 'Spells/Scout/Predator/Assassin/QuickStrike.lua'
00:03:47 D Spell: Concentration is now 0 on a tainted Sapswill invader
00:03:51 D Player: Saving History for Player: 'Emem'
00:03:51 D Player: Saving LUA History for Player: 'Emem'
00:04:14 D LUA: Found LUA Spell Script: 'Spells/Scout/Predator/Assassin/QuickStrike.lua'
00:04:41 D LUA: Found LUA Spell Script: 'Spells/Scout/Predator/Assassin/QuickStrike.lua'
00:04:46 D LUA: Found LUA Spell Script: 'Spells/Scout/Predator/Assassin/QuickStrike.lua'
00:04:46 D Spell: Concentration is now 0 on a tainted Sapswill invader
00:04:48 D LUA: Found LUA Spell Script: 'Spells/Scout/Predator/Assassin/QuickStrike.lua'
00:04:51 D Player: Saving History for Player: 'Emem'
00:04:51 D Player: Saving LUA History for Player: 'Emem'
00:04:52 D LUA: Found LUA Spell Script: 'Spells/Scout/Predator/Assassin/QuickStrike.lua'
00:04:54 D LUA: Found LUA Spell Script: 'Spells/Scout/Predator/Assassin/QuickStrike.lua'
00:04:55 D Spell: Concentration is now 0 on a tainted Sapswill invader
00:04:59 D LUA: Found LUA Spell Script: 'Spells/Scout/Predator/Assassin/QuickStrike.lua'
00:04:59 D Spell: Concentration is now 0 on a tainted Sapswill invader
00:05:03 D LUA: Found LUA Spell Script: 'Spells/Scout/Predator/Assassin/QuickStrike.lua'
00:05:07 D LUA: Found LUA Spell Script: 'Spells/Scout/Predator/Assassin/QuickStrike.lua'
00:05:20 D LUA: Found LUA Spell Script: 'Spells/Scout/Predator/Assassin/QuickStrike.lua'
00:05:28 D LUA: Found LUA Spell Script: 'Spells/Scout/Predator/Assassin/QuickStrike.lua'
00:05:51 D Player: Saving History for Player: 'Emem'
00:05:51 D Player: Saving LUA History for Player: 'Emem'
00:06:10 D LUA: Found LUA Spell Script: 'Spells/Scout/Predator/Assassin/QuickStrike.lua'
00:06:15 D LUA: Found LUA Spell Script: 'Spells/Scout/Predator/Assassin/QuickStrike.lua'
00:06:20 D LUA: Found LUA Spell Script: 'Spells/Scout/Predator/Assassin/QuickStrike.lua'
00:06:23 D LUA: Found LUA Spell Script: 'Spells/Scout/Predator/Assassin/QuickStrike.lua'
00:06:28 D LUA: Found LUA Spell Script: 'Spells/Scout/Predator/Assassin/QuickStrike.lua'
00:06:31 D LUA: Found LUA Spell Script: 'Spells/Scout/Predator/Assassin/QuickStrike.lua'
00:06:40 D LUA: Found LUA Spell Script: 'Spells/Scout/Predator/Assassin/QuickStrike.lua'
00:06:43 D LUA: Found LUA Spell Script: 'Spells/Scout/Predator/Assassin/QuickStrike.lua'
00:06:48 D LUA: Found LUA Spell Script: 'Spells/Scout/Predator/Assassin/QuickStrike.lua'
00:06:51 D Player: Saving History for Player: 'Emem'
00:06:51 D Player: Saving LUA History for Player: 'Emem'
00:06:58 D LUA: Found LUA Spell Script: 'Spells/Scout/Predator/Assassin/QuickStrike.lua'
00:07:01 D LUA: Found LUA Spell Script: 'Spells/Scout/Predator/Assassin/QuickStrike.lua'
00:07:02 D LUA: Found LUA Spell Script: 'Spells/Scout/Predator/Assassin/QuickStrike.lua'
00:07:06 D LUA: Found LUA Spell Script: 'Spells/Scout/Predator/Assassin/QuickStrike.lua'
00:07:07 D LUA: Found LUA Spell Script: 'Spells/Scout/Predator/Assassin/QuickStrike.lua'
00:07:09 D LUA: Found LUA Spell Script: 'Spells/Scout/Predator/Assassin/QuickStrike.lua'
00:07:10 D LUA: Found LUA Spell Script: 'Spells/Scout/Predator/Assassin/QuickStrike.lua'
00:07:22 D LUA: Found LUA Spell Script: 'Spells/Scout/Predator/Assassin/QuickStrike.lua'
00:07:22 D Combat: 'Defender Kuglup' failed to interrupt spell for 'a tainted Sapswill invader': 30%
00:07:22 D Spell: Concentration is now 0 on a tainted Sapswill invader
00:07:51 D Player: Saving History for Player: 'Emem'
00:07:51 D Player: Saving LUA History for Player: 'Emem'
00:07:56 D LUA: Found LUA Spell Script: 'Spells/Scout/Predator/Assassin/QuickStrike.lua'
00:08:00 D LUA: Found LUA Spell Script: 'Spells/Scout/Predator/Assassin/QuickStrike.lua'
00:08:02 D LUA: Found LUA Spell Script: 'Spells/Scout/Predator/Assassin/QuickStrike.lua'
00:08:05 D LUA: Found LUA Spell Script: 'Spells/Scout/Predator/Assassin/QuickStrike.lua'
00:08:09 D LUA: Found LUA Spell Script: 'Spells/Scout/Predator/Assassin/QuickStrike.lua'
00:08:10 D Spell: Concentration is now 0 on a tainted Sapswill invader
00:08:22 D LUA: Found LUA Spell Script: 'Spells/Scout/Predator/Assassin/QuickStrike.lua'
00:08:23 D Spell: Concentration is now 0 on a tainted Sapswill invader
00:08:29 D LUA: Found LUA Spell Script: 'Spells/Scout/Predator/Assassin/QuickStrike.lua'
00:08:29 D Spell: Concentration is now 0 on a tainted Sapswill invader
00:08:32 D LUA: Found LUA Spell Script: 'Spells/Scout/Predator/Assassin/QuickStrike.lua'
00:08:33 D Spell: Concentration is now 0 on a tainted Sapswill invader
00:08:38 D LUA: Found LUA Spell Script: 'Spells/Scout/Predator/Assassin/QuickStrike.lua'
00:08:38 D Spell: Concentration is now 0 on a tainted Sapswill invader
00:08:42 D LUA: Found LUA Spell Script: 'Spells/Scout/Predator/Assassin/QuickStrike.lua'
00:08:43 D Spell: Concentration is now 0 on a tainted Sapswill invader
00:08:51 D Player: Saving History for Player: 'Emem'
00:08:51 D Player: Saving LUA History for Player: 'Emem'
00:08:51 D LUA: Found LUA Spell Script: 'Spells/Scout/Predator/Assassin/QuickStrike.lua'
00:08:57 D LUA: Found LUA Spell Script: 'Spells/Scout/Predator/Assassin/QuickStrike.lua'
00:09:32 D LUA: Found LUA Spell Script: 'Spells/Scout/Predator/Assassin/QuickStrike.lua'
00:09:38 D LUA: Found LUA Spell Script: 'Spells/Scout/Predator/Assassin/QuickStrike.lua'
00:09:51 D Player: Saving History for Player: 'Emem'
00:09:51 D Player: Saving LUA History for Player: 'Emem'
00:10:04 D LUA: Found LUA Spell Script: 'Spells/Scout/Predator/Assassin/QuickStrike.lua'
00:10:07 D LUA: Found LUA Spell Script: 'Spells/Scout/Predator/Assassin/QuickStrike.lua'
00:10:08 D LUA: Found LUA Spell Script: 'Spells/Scout/Predator/Assassin/QuickStrike.lua'
00:10:12 D LUA: Found LUA Spell Script: 'Spells/Scout/Predator/Assassin/QuickStrike.lua'
00:10:12 D LUA: Found LUA Spell Script: 'Spells/Scout/Predator/Assassin/QuickStrike.lua'
00:10:16 D LUA: Found LUA Spell Script: 'Spells/Scout/Predator/Assassin/QuickStrike.lua'
00:10:32 D LUA: Found LUA Spell Script: 'Spells/Scout/Predator/Assassin/QuickStrike.lua'
00:10:33 D Spell: Concentration is now 0 on a tainted Sapswill invader
00:10:37 D LUA: Found LUA Spell Script: 'Spells/Scout/Predator/Assassin/QuickStrike.lua'
00:10:37 D Spell: Concentration is now 0 on a tainted Sapswill invader
00:10:41 D LUA: Found LUA Spell Script: 'Spells/Scout/Predator/Assassin/QuickStrike.lua'
00:10:41 D Spell: Concentration is now 0 on a tainted Sapswill invader
00:10:46 D LUA: Found LUA Spell Script: 'Spells/Scout/Predator/Assassin/QuickStrike.lua'
00:10:46 D Spell: Concentration is now 0 on a tainted Sapswill invader
00:10:51 D Player: Saving History for Player: 'Emem'
00:10:51 D Player: Saving LUA History for Player: 'Emem'
00:10:53 D LUA: Found LUA Spell Script: 'Spells/Scout/Predator/Assassin/QuickStrike.lua'
00:10:53 D Spell: Concentration is now 0 on a tainted Sapswill invader
00:11:01 D LUA: Found LUA Spell Script: 'Spells/Scout/Predator/Assassin/QuickStrike.lua'
00:11:08 D LUA: Found LUA Spell Script: 'Spells/Scout/Predator/Assassin/QuickStrike.lua'
00:11:17 D LUA: Found LUA Spell Script: 'Spells/Scout/Predator/Assassin/QuickStrike.lua'
00:11:37 D LUA: Found LUA Spell Script: 'Spells/Scout/Predator/Assassin/QuickStrike.lua'
00:11:37 D Spell: Concentration is now 0 on a tainted Sapswill invader
00:11:44 D LUA: Found LUA Spell Script: 'Spells/Scout/Predator/Assassin/QuickStrike.lua'
00:11:48 D LUA: Found LUA Spell Script: 'Spells/Scout/Predator/Assassin/QuickStrike.lua'
00:11:51 D Player: Saving History for Player: 'Emem'
00:11:51 D Player: Saving LUA History for Player: 'Emem'
00:11:56 D LUA: Found LUA Spell Script: 'Spells/Scout/Predator/Assassin/QuickStrike.lua'
00:12:12 D LUA: Found LUA Spell Script: 'Spells/Scout/Predator/Assassin/QuickStrike.lua'
00:12:15 D LUA: Found LUA Spell Script: 'Spells/Scout/Predator/Assassin/QuickStrike.lua'
00:12:23 D LUA: Found LUA Spell Script: 'Spells/Scout/Predator/Assassin/QuickStrike.lua'
00:12:51 D Player: Saving History for Player: 'Emem'
00:12:51 D Player: Saving LUA History for Player: 'Emem'
00:12:57 D LUA: Found LUA Spell Script: 'Spells/Scout/Predator/Assassin/QuickStrike.lua'
00:13:01 D LUA: Found LUA Spell Script: 'Spells/Scout/Predator/Assassin/QuickStrike.lua'
00:13:14 D LUA: Found LUA Spell Script: 'Spells/Scout/Predator/Assassin/QuickStrike.lua'
00:13:18 D LUA: Found LUA Spell Script: 'Spells/Scout/Predator/Assassin/QuickStrike.lua'
00:13:23 D LUA: Found LUA Spell Script: 'Spells/Scout/Predator/Assassin/QuickStrike.lua'
00:13:25 D LUA: Found LUA Spell Script: 'Spells/Scout/Predator/Assassin/QuickStrike.lua'
00:13:34 D LUA: Found LUA Spell Script: 'Spells/Scout/Predator/Assassin/QuickStrike.lua'
00:13:34 D Spell: Concentration is now 0 on a tainted Sapswill invader
00:13:51 D Player: Saving History for Player: 'Emem'
00:13:51 D Player: Saving LUA History for Player: 'Emem'
00:14:02 D LUA: Found LUA Spell Script: 'Spells/Scout/Predator/Assassin/QuickStrike.lua'
00:14:02 D LUA: Found LUA Spell Script: 'Spells/Scout/Predator/Assassin/QuickStrike.lua'
00:14:06 D LUA: Found LUA Spell Script: 'Spells/Scout/Predator/Assassin/QuickStrike.lua'
00:14:09 D LUA: Found LUA Spell Script: 'Spells/Scout/Predator/Assassin/QuickStrike.lua'
00:14:17 D LUA: Found LUA Spell Script: 'Spells/Scout/Predator/Assassin/QuickStrike.lua'
00:14:28 D LUA: Found LUA Spell Script: 'Spells/Scout/Predator/Assassin/QuickStrike.lua'
00:14:51 D Player: Saving History for Player: 'Emem'
00:14:51 D Player: Saving LUA History for Player: 'Emem'
00:14:52 D LUA: Found LUA Spell Script: 'Spells/Scout/Predator/Assassin/QuickStrike.lua'
00:14:52 D Spell: Concentration is now 0 on a tainted Sapswill invader
00:14:56 D LUA: Found LUA Spell Script: 'Spells/Scout/Predator/Assassin/QuickStrike.lua'
00:14:56 D Spell: Concentration is now 0 on a tainted Sapswill invader
00:15:01 D LUA: Found LUA Spell Script: 'Spells/Scout/Predator/Assassin/QuickStrike.lua'
00:15:01 D Spell: Concentration is now 0 on a tainted Sapswill invader
00:15:01 D LUA: Found LUA Spell Script: 'Spells/Scout/Predator/Assassin/QuickStrike.lua'
00:15:04 D LUA: Found LUA Spell Script: 'Spells/Scout/Predator/Assassin/QuickStrike.lua'
00:15:05 D Spell: Concentration is now 0 on a tainted Sapswill invader
00:15:20 D LUA: Found LUA Spell Script: 'Spells/Scout/Predator/Assassin/QuickStrike.lua'
00:15:23 D LUA: Found LUA Spell Script: 'Spells/Scout/Predator/Assassin/QuickStrike.lua'
00:15:29 D LUA: Found LUA Spell Script: 'Spells/Scout/Predator/Assassin/QuickStrike.lua'
00:15:37 D LUA: Found LUA Spell Script: 'Spells/Scout/Predator/Assassin/QuickStrike.lua'
00:15:40 D LUA: Found LUA Spell Script: 'Spells/Scout/Predator/Assassin/QuickStrike.lua'
00:15:41 D LUA: Found LUA Spell Script: 'Spells/Scout/Predator/Assassin/QuickStrike.lua'
00:15:45 D LUA: Found LUA Spell Script: 'Spells/Scout/Predator/Assassin/QuickStrike.lua'
00:15:51 D Player: Saving History for Player: 'Emem'
00:15:51 D Player: Saving LUA History for Player: 'Emem'
00:16:00 D LUA: Found LUA Spell Script: 'Spells/Scout/Predator/Assassin/QuickStrike.lua'
00:16:01 D Spell: Concentration is now 0 on a tainted Sapswill invader
00:16:23 D LUA: Found LUA Spell Script: 'Spells/Scout/Predator/Assassin/QuickStrike.lua'
00:16:26 D LUA: Found LUA Spell Script: 'Spells/Scout/Predator/Assassin/QuickStrike.lua'
00:16:36 D LUA: Found LUA Spell Script: 'Spells/Scout/Predator/Assassin/QuickStrike.lua'
00:16:51 D Player: Saving History for Player: 'Emem'
00:16:51 D Player: Saving LUA History for Player: 'Emem'
00:17:14 D LUA: Found LUA Spell Script: 'Spells/Scout/Predator/Assassin/QuickStrike.lua'
00:17:18 D LUA: Found LUA Spell Script: 'Spells/Scout/Predator/Assassin/QuickStrike.lua'
00:17:28 D LUA: Found LUA Spell Script: 'Spells/Scout/Predator/Assassin/QuickStrike.lua'
00:17:32 D LUA: Found LUA Spell Script: 'Spells/Scout/Predator/Assassin/QuickStrike.lua'
00:17:42 D LUA: Found LUA Spell Script: 'Spells/Scout/Predator/Assassin/QuickStrike.lua'
00:17:49 D LUA: Found LUA Spell Script: 'Spells/Scout/Predator/Assassin/QuickStrike.lua'
00:17:51 D Player: Saving History for Player: 'Emem'
00:17:51 D Player: Saving LUA History for Player: 'Emem'
00:18:05 D LUA: Found LUA Spell Script: 'Spells/Scout/Predator/Assassin/QuickStrike.lua'
00:18:43 D LUA: Found LUA Spell Script: 'Spells/Scout/Predator/Assassin/QuickStrike.lua'
00:18:51 D Player: Saving History for Player: 'Emem'
00:18:51 D Player: Saving LUA History for Player: 'Emem'
00:18:58 D LUA: Found LUA Spell Script: 'Spells/Scout/Predator/Assassin/QuickStrike.lua'
00:18:59 D LUA: Found LUA Spell Script: 'Spells/Scout/Predator/Assassin/QuickStrike.lua'
00:19:04 D LUA: Found LUA Spell Script: 'Spells/Scout/Predator/Assassin/QuickStrike.lua'
00:19:12 D LUA: Found LUA Spell Script: 'Spells/Scout/Predator/Assassin/QuickStrike.lua'
00:19:33 D LUA: Found LUA Spell Script: 'Spells/Scout/Predator/Assassin/QuickStrike.lua'
00:19:51 D Player: Saving History for Player: 'Emem'
00:19:51 D Player: Saving LUA History for Player: 'Emem'
00:20:01 D LUA: Found LUA Spell Script: 'Spells/Scout/Predator/Assassin/QuickStrike.lua'
00:20:12 D LUA: Found LUA Spell Script: 'Spells/Scout/Predator/Assassin/QuickStrike.lua'
00:20:16 D LUA: Found LUA Spell Script: 'Spells/Scout/Predator/Assassin/QuickStrike.lua'
00:20:20 D LUA: Found LUA Spell Script: 'Spells/Scout/Predator/Assassin/QuickStrike.lua'
00:20:23 D LUA: Found LUA Spell Script: 'Spells/Scout/Predator/Assassin/QuickStrike.lua'
00:20:31 D LUA: Found LUA Spell Script: 'Spells/Scout/Predator/Assassin/QuickStrike.lua'
00:20:45 D LUA: Found LUA Spell Script: 'Spells/Scout/Predator/Assassin/QuickStrike.lua'
00:20:51 D Player: Saving History for Player: 'Emem'
00:20:51 D Player: Saving LUA History for Player: 'Emem'
00:21:04 D LUA: Found LUA Spell Script: 'Spells/Scout/Predator/Assassin/QuickStrike.lua'
00:21:04 D Spell: Concentration is now 0 on a tainted Sapswill invader
00:21:07 D LUA: Found LUA Spell Script: 'Spells/Scout/Predator/Assassin/QuickStrike.lua'
00:21:08 D Spell: Concentration is now 0 on a tainted Sapswill invader
00:21:35 D LUA: Found LUA Spell Script: 'Spells/Scout/Predator/Assassin/QuickStrike.lua'
00:21:36 D Spell: Concentration is now 0 on a tainted Sapswill invader
00:21:51 D Player: Saving History for Player: 'Emem'
00:21:51 D Player: Saving LUA History for Player: 'Emem'
00:21:54 D LUA: Found LUA Spell Script: 'Spells/Scout/Predator/Assassin/QuickStrike.lua'
00:21:58 D LUA: Found LUA Spell Script: 'Spells/Scout/Predator/Assassin/QuickStrike.lua'
00:21:58 D LUA: Found LUA Spell Script: 'Spells/Scout/Predator/Assassin/QuickStrike.lua'
00:21:59 D Spell: Concentration is now 0 on a tainted Sapswill invader
00:22:24 D LUA: Found LUA Spell Script: 'Spells/Scout/Predator/Assassin/QuickStrike.lua'
00:22:25 D Spell: Concentration is now 0 on a tainted Sapswill invader
00:22:28 D LUA: Found LUA Spell Script: 'Spells/Scout/Predator/Assassin/QuickStrike.lua'
00:22:29 D Spell: Concentration is now 0 on a tainted Sapswill invader
00:22:47 D LUA: Found LUA Spell Script: 'Spells/Scout/Predator/Assassin/QuickStrike.lua'
00:22:51 D Player: Saving History for Player: 'Emem'
00:22:51 D Player: Saving LUA History for Player: 'Emem'
00:23:05 D LUA: Found LUA Spell Script: 'Spells/Scout/Predator/Assassin/QuickStrike.lua'
00:23:14 D LUA: Found LUA Spell Script: 'Spells/Scout/Predator/Assassin/QuickStrike.lua'
00:23:21 D LUA: Found LUA Spell Script: 'Spells/Scout/Predator/Assassin/QuickStrike.lua'
00:23:30 D LUA: Found LUA Spell Script: 'Spells/Scout/Predator/Assassin/QuickStrike.lua'
00:23:37 D LUA: Found LUA Spell Script: 'Spells/Scout/Predator/Assassin/QuickStrike.lua'
00:23:51 D Player: Saving History for Player: 'Emem'
00:23:51 D Player: Saving LUA History for Player: 'Emem'
00:24:02 D LUA: Found LUA Spell Script: 'Spells/Scout/Predator/Assassin/QuickStrike.lua'
00:24:21 D LUA: Found LUA Spell Script: 'Spells/Scout/Predator/Assassin/QuickStrike.lua'
00:24:32 D LUA: Found LUA Spell Script: 'Spells/Scout/Predator/Assassin/QuickStrike.lua'
00:24:40 D LUA: Found LUA Spell Script: 'Spells/Scout/Predator/Assassin/QuickStrike.lua'
00:24:40 D Spell: Concentration is now 0 on a tainted Sapswill invader
00:24:42 D LUA: Found LUA Spell Script: 'Spells/Scout/Predator/Assassin/QuickStrike.lua'
00:24:43 D Spell: Concentration is now 0 on a tainted Sapswill invader
00:24:46 D LUA: Found LUA Spell Script: 'Spells/Scout/Predator/Assassin/QuickStrike.lua'
00:24:47 D Spell: Concentration is now 0 on a tainted Sapswill invader
00:24:51 D Player: Saving History for Player: 'Emem'
00:24:51 D Player: Saving LUA History for Player: 'Emem'
00:24:51 D LUA: Found LUA Spell Script: 'Spells/Scout/Predator/Assassin/QuickStrike.lua'
00:24:53 D LUA: Found LUA Spell Script: 'Spells/Scout/Predator/Assassin/QuickStrike.lua'
00:24:53 D Spell: Concentration is now 0 on a tainted Sapswill invader
00:24:57 D LUA: Found LUA Spell Script: 'Spells/Scout/Predator/Assassin/QuickStrike.lua'
00:25:12 D LUA: Found LUA Spell Script: 'Spells/Scout/Predator/Assassin/QuickStrike.lua'
00:25:17 D LUA: Found LUA Spell Script: 'Spells/Scout/Predator/Assassin/QuickStrike.lua'
00:25:20 D LUA: Found LUA Spell Script: 'Spells/Scout/Predator/Assassin/QuickStrike.lua'
00:25:23 D LUA: Found LUA Spell Script: 'Spells/Scout/Predator/Assassin/QuickStrike.lua'
00:25:42 D LUA: Found LUA Spell Script: 'Spells/Scout/Predator/Assassin/QuickStrike.lua'
00:25:46 D LUA: Found LUA Spell Script: 'Spells/Scout/Predator/Assassin/QuickStrike.lua'
00:25:51 D Player: Saving History for Player: 'Emem'
00:25:51 D Player: Saving LUA History for Player: 'Emem'
00:25:53 D LUA: Found LUA Spell Script: 'Spells/Scout/Predator/Assassin/QuickStrike.lua'
00:25:56 D LUA: Found LUA Spell Script: 'Spells/Scout/Predator/Assassin/QuickStrike.lua'
00:25:56 D Spell: Concentration is now 0 on a tainted Sapswill invader
00:25:59 D LUA: Found LUA Spell Script: 'Spells/Scout/Predator/Assassin/QuickStrike.lua'
00:25:59 D Spell: Concentration is now 0 on a tainted Sapswill invader
00:26:19 D LUA: Found LUA Spell Script: 'Spells/Scout/Predator/Assassin/QuickStrike.lua'
00:26:19 D Spell: Concentration is now 0 on a tainted Sapswill invader
00:26:22 D LUA: Found LUA Spell Script: 'Spells/Scout/Predator/Assassin/QuickStrike.lua'
00:26:23 D LUA: Found LUA Spell Script: 'Spells/Scout/Predator/Assassin/QuickStrike.lua'
00:26:23 D Spell: Concentration is now 0 on a tainted Sapswill invader
00:26:30 D LUA: Found LUA Spell Script: 'Spells/Scout/Predator/Assassin/QuickStrike.lua'
00:26:36 D LUA: Found LUA Spell Script: 'Spells/Scout/Predator/Assassin/QuickStrike.lua'
00:26:51 D Player: Saving History for Player: 'Emem'
00:26:51 D Player: Saving LUA History for Player: 'Emem'
00:26:58 D LUA: Found LUA Spell Script: 'Spells/Scout/Predator/Assassin/QuickStrike.lua'
00:27:01 D LUA: Found LUA Spell Script: 'Spells/Scout/Predator/Assassin/QuickStrike.lua'
00:27:12 D LUA: Found LUA Spell Script: 'Spells/Scout/Predator/Assassin/QuickStrike.lua'
00:27:22 D LUA: Found LUA Spell Script: 'Spells/Scout/Predator/Assassin/QuickStrike.lua'
00:27:22 D Combat: 'Defender Kuglup' interrupted spell for 'a tainted Sapswill invader': 30%
00:27:22 D Spell: 'Defender Kuglup' is Interrupting spell of 'a tainted Sapswill invader'...
00:27:35 D LUA: Found LUA Spell Script: 'Spells/Scout/Predator/Assassin/QuickStrike.lua'
00:27:39 D LUA: Found LUA Spell Script: 'Spells/Scout/Predator/Assassin/QuickStrike.lua'
00:27:47 D LUA: Found LUA Spell Script: 'Spells/Scout/Predator/Assassin/QuickStrike.lua'
00:27:48 D Spell: Concentration is now 0 on a tainted Sapswill invader
00:27:51 D Player: Saving History for Player: 'Emem'
00:27:51 D Player: Saving LUA History for Player: 'Emem'
00:27:55 D LUA: Found LUA Spell Script: 'Spells/Scout/Predator/Assassin/QuickStrike.lua'
00:28:12 D LUA: Found LUA Spell Script: 'Spells/Scout/Predator/Assassin/QuickStrike.lua'
00:28:31 D LUA: Found LUA Spell Script: 'Spells/Scout/Predator/Assassin/QuickStrike.lua'
00:28:37 D LUA: Found LUA Spell Script: 'Spells/Scout/Predator/Assassin/QuickStrike.lua'
00:28:51 D Player: Saving History for Player: 'Emem'
00:28:51 D Player: Saving LUA History for Player: 'Emem'
00:29:03 D LUA: Found LUA Spell Script: 'Spells/Scout/Predator/Assassin/QuickStrike.lua'
00:29:05 D LUA: Found LUA Spell Script: 'Spells/Scout/Predator/Assassin/QuickStrike.lua'
00:29:16 D LUA: Found LUA Spell Script: 'Spells/Scout/Predator/Assassin/QuickStrike.lua'
00:29:16 D LUA: Found LUA Spell Script: 'Spells/Scout/Predator/Assassin/QuickStrike.lua'
00:29:21 D LUA: Found LUA Spell Script: 'Spells/Scout/Predator/Assassin/QuickStrike.lua'
00:29:26 D LUA: Found LUA Spell Script: 'Spells/Scout/Predator/Assassin/QuickStrike.lua'
00:29:30 D LUA: Found LUA Spell Script: 'Spells/Scout/Predator/Assassin/QuickStrike.lua'
00:29:49 D LUA: Found LUA Spell Script: 'Spells/Scout/Predator/Assassin/QuickStrike.lua'
00:29:51 D Player: Saving History for Player: 'Emem'
00:29:51 D Player: Saving LUA History for Player: 'Emem'
00:29:55 D LUA: Found LUA Spell Script: 'Spells/Scout/Predator/Assassin/QuickStrike.lua'
00:29:56 D Spell: Concentration is now 0 on a tainted Sapswill invader
00:29:59 D LUA: Found LUA Spell Script: 'Spells/Scout/Predator/Assassin/QuickStrike.lua'
00:30:00 D Spell: Concentration is now 0 on a tainted Sapswill invader
00:30:34 D LUA: Found LUA Spell Script: 'Spells/Scout/Predator/Assassin/QuickStrike.lua'
00:30:34 D Spell: Concentration is now 0 on a tainted Sapswill invader
00:30:47 D LUA: Found LUA Spell Script: 'Spells/Scout/Predator/Assassin/QuickStrike.lua'
00:30:48 D Spell: Concentration is now 0 on a tainted Sapswill invader
00:30:51 D Player: Saving History for Player: 'Emem'
00:30:51 D Player: Saving LUA History for Player: 'Emem'
00:30:52 D LUA: Found LUA Spell Script: 'Spells/Scout/Predator/Assassin/QuickStrike.lua'
00:30:52 D Spell: Concentration is now 0 on a tainted Sapswill invader
00:30:54 D LUA: Found LUA Spell Script: 'Spells/Scout/Predator/Assassin/QuickStrike.lua'
00:31:02 D LUA: Found LUA Spell Script: 'Spells/Scout/Predator/Assassin/QuickStrike.lua'
00:31:06 D LUA: Found LUA Spell Script: 'Spells/Scout/Predator/Assassin/QuickStrike.lua'
00:31:29 D LUA: Found LUA Spell Script: 'Spells/Scout/Predator/Assassin/QuickStrike.lua'
00:31:29 D Spell: Concentration is now 0 on a tainted Sapswill invader
00:31:37 D LUA: Found LUA Spell Script: 'Spells/Scout/Predator/Assassin/QuickStrike.lua'
00:31:43 D LUA: Found LUA Spell Script: 'Spells/Scout/Predator/Assassin/QuickStrike.lua'
00:31:47 D LUA: Found LUA Spell Script: 'Spells/Scout/Predator/Assassin/QuickStrike.lua'
00:31:51 D Player: Saving History for Player: 'Emem'
00:31:51 D Player: Saving LUA History for Player: 'Emem'
00:32:03 D LUA: Found LUA Spell Script: 'Spells/Scout/Predator/Assassin/QuickStrike.lua'
00:32:07 D LUA: Found LUA Spell Script: 'Spells/Scout/Predator/Assassin/QuickStrike.lua'
00:32:27 D LUA: Found LUA Spell Script: 'Spells/Scout/Predator/Assassin/QuickStrike.lua'
00:32:32 D LUA: Found LUA Spell Script: 'Spells/Scout/Predator/Assassin/QuickStrike.lua'
00:32:32 D Spell: Concentration is now 0 on a tainted Sapswill invader
00:32:35 D LUA: Found LUA Spell Script: 'Spells/Scout/Predator/Assassin/QuickStrike.lua'
00:32:35 D LUA: Found LUA Spell Script: 'Spells/Scout/Predator/Assassin/QuickStrike.lua'
00:32:36 D Spell: Concentration is now 0 on a tainted Sapswill invader
00:32:51 D Player: Saving History for Player: 'Emem'
00:32:51 D Player: Saving LUA History for Player: 'Emem'
00:32:57 D LUA: Found LUA Spell Script: 'Spells/Scout/Predator/Assassin/QuickStrike.lua'
00:33:16 D LUA: Found LUA Spell Script: 'Spells/Scout/Predator/Assassin/QuickStrike.lua'
00:33:16 D Spell: Concentration is now 0 on a tainted Sapswill invader
00:33:18 D LUA: Found LUA Spell Script: 'Spells/Scout/Predator/Assassin/QuickStrike.lua'
00:33:19 D Spell: Concentration is now 0 on a tainted Sapswill invader
00:33:23 D LUA: Found LUA Spell Script: 'Spells/Scout/Predator/Assassin/QuickStrike.lua'
00:33:24 D Spell: Concentration is now 0 on a tainted Sapswill invader
00:33:48 D LUA: Found LUA Spell Script: 'Spells/Scout/Predator/Assassin/QuickStrike.lua'
00:33:51 D Player: Saving History for Player: 'Emem'
00:33:51 D Player: Saving LUA History for Player: 'Emem'
00:33:52 D LUA: Found LUA Spell Script: 'Spells/Scout/Predator/Assassin/QuickStrike.lua'
00:33:55 D LUA: Found LUA Spell Script: 'Spells/Scout/Predator/Assassin/QuickStrike.lua'
00:34:04 D LUA: Found LUA Spell Script: 'Spells/Scout/Predator/Assassin/QuickStrike.lua'
00:34:06 D LUA: Found LUA Spell Script: 'Spells/Scout/Predator/Assassin/QuickStrike.lua'
00:34:08 D LUA: Found LUA Spell Script: 'Spells/Scout/Predator/Assassin/QuickStrike.lua'
00:34:12 D LUA: Found LUA Spell Script: 'Spells/Scout/Predator/Assassin/QuickStrike.lua'
00:34:15 D LUA: Found LUA Spell Script: 'Spells/Scout/Predator/Assassin/QuickStrike.lua'
00:34:22 D LUA: Found LUA Spell Script: 'Spells/Scout/Predator/Assassin/QuickStrike.lua'
00:34:24 D LUA: Found LUA Spell Script: 'Spells/Scout/Predator/Assassin/QuickStrike.lua'
00:34:24 D Spell: Concentration is now 0 on a tainted Sapswill invader
00:34:30 D LUA: Found LUA Spell Script: 'Spells/Scout/Predator/Assassin/QuickStrike.lua'
00:34:30 D Spell: Concentration is now 0 on a tainted Sapswill invader
00:34:51 D Player: Saving History for Player: 'Emem'
00:34:51 D Player: Saving LUA History for Player: 'Emem'
00:35:00 D LUA: Found LUA Spell Script: 'Spells/Scout/Predator/Assassin/QuickStrike.lua'
00:35:00 D Combat: 'Defender Kuglup' interrupted spell for 'a tainted Sapswill invader': 30%
00:35:00 D Spell: 'Defender Kuglup' is Interrupting spell of 'a tainted Sapswill invader'...
00:35:19 D LUA: Found LUA Spell Script: 'Spells/Scout/Predator/Assassin/QuickStrike.lua'
00:35:19 D Spell: Concentration is now 0 on a tainted Sapswill invader
00:35:23 D LUA: Found LUA Spell Script: 'Spells/Scout/Predator/Assassin/QuickStrike.lua'
00:35:23 D Spell: Concentration is now 0 on a tainted Sapswill invader
00:35:23 D LUA: Found LUA Spell Script: 'Spells/Scout/Predator/Assassin/QuickStrike.lua'
00:35:27 D LUA: Found LUA Spell Script: 'Spells/Scout/Predator/Assassin/QuickStrike.lua'
00:35:27 D Spell: Concentration is now 0 on a tainted Sapswill invader
00:35:34 D LUA: Found LUA Spell Script: 'Spells/Scout/Predator/Assassin/QuickStrike.lua'
00:35:38 D LUA: Found LUA Spell Script: 'Spells/Scout/Predator/Assassin/QuickStrike.lua'
00:35:51 D Player: Saving History for Player: 'Emem'
00:35:51 D Player: Saving LUA History for Player: 'Emem'
00:36:01 D LUA: Found LUA Spell Script: 'Spells/Scout/Predator/Assassin/QuickStrike.lua'
00:36:01 D Spell: Concentration is now 0 on a tainted Sapswill invader
00:36:12 D LUA: Found LUA Spell Script: 'Spells/Scout/Predator/Assassin/QuickStrike.lua'
00:36:16 D LUA: Found LUA Spell Script: 'Spells/Scout/Predator/Assassin/QuickStrike.lua'
00:36:27 D LUA: Found LUA Spell Script: 'Spells/Scout/Predator/Assassin/QuickStrike.lua'
00:36:34 D LUA: Found LUA Spell Script: 'Spells/Scout/Predator/Assassin/QuickStrike.lua'
00:36:42 D LUA: Found LUA Spell Script: 'Spells/Scout/Predator/Assassin/QuickStrike.lua'
00:36:42 D Spell: Concentration is now 0 on a tainted Sapswill invader
00:36:48 D LUA: Found LUA Spell Script: 'Spells/Scout/Predator/Assassin/QuickStrike.lua'
00:36:51 D Player: Saving History for Player: 'Emem'
00:36:51 D Player: Saving LUA History for Player: 'Emem'
00:36:52 D LUA: Found LUA Spell Script: 'Spells/Scout/Predator/Assassin/QuickStrike.lua'
00:37:11 D LUA: Found LUA Spell Script: 'Spells/Scout/Predator/Assassin/QuickStrike.lua'
00:37:12 D Spell: Concentration is now 0 on a tainted Sapswill invader
00:37:46 D LUA: Found LUA Spell Script: 'Spells/Scout/Predator/Assassin/QuickStrike.lua'
00:37:46 D Spell: Concentration is now 0 on a tainted Sapswill invader
00:37:51 D Player: Saving History for Player: 'Emem'
00:37:51 D Player: Saving LUA History for Player: 'Emem'
00:37:54 D LUA: Found LUA Spell Script: 'Spells/Scout/Predator/Assassin/QuickStrike.lua'
00:37:54 D Spell: Concentration is now 0 on a tainted Sapswill invader
00:37:57 D LUA: Found LUA Spell Script: 'Spells/Scout/Predator/Assassin/QuickStrike.lua'
00:38:01 D LUA: Found LUA Spell Script: 'Spells/Scout/Predator/Assassin/QuickStrike.lua'
00:38:04 D LUA: Found LUA Spell Script: 'Spells/Scout/Predator/Assassin/QuickStrike.lua'
00:38:04 D Spell: Concentration is now 0 on a tainted Sapswill invader
00:38:09 D LUA: Found LUA Spell Script: 'Spells/Scout/Predator/Assassin/QuickStrike.lua'
00:38:10 D Spell: Concentration is now 0 on a tainted Sapswill invader
00:38:17 D LUA: Found LUA Spell Script: 'Spells/Scout/Predator/Assassin/QuickStrike.lua'
00:38:17 D Spell: Concentration is now 0 on a tainted Sapswill invader
00:38:18 D LUA: Found LUA Spell Script: 'Spells/Scout/Predator/Assassin/QuickStrike.lua'
00:38:46 D LUA: Found LUA Spell Script: 'Spells/Scout/Predator/Assassin/QuickStrike.lua'
00:38:51 D Player: Saving History for Player: 'Emem'
00:38:51 D Player: Saving LUA History for Player: 'Emem'
00:39:21 D LUA: Found LUA Spell Script: 'Spells/Scout/Predator/Assassin/QuickStrike.lua'
00:39:22 D LUA: Found LUA Spell Script: 'Spells/Scout/Predator/Assassin/QuickStrike.lua'
00:39:24 D LUA: Found LUA Spell Script: 'Spells/Scout/Predator/Assassin/QuickStrike.lua'
00:39:26 D LUA: Found LUA Spell Script: 'Spells/Scout/Predator/Assassin/QuickStrike.lua'
00:39:28 D LUA: Found LUA Spell Script: 'Spells/Scout/Predator/Assassin/QuickStrike.lua'
00:39:35 D LUA: Found LUA Spell Script: 'Spells/Scout/Predator/Assassin/QuickStrike.lua'
00:39:36 D LUA: Found LUA Spell Script: 'Spells/Scout/Predator/Assassin/QuickStrike.lua'
00:39:40 D LUA: Found LUA Spell Script: 'Spells/Scout/Predator/Assassin/QuickStrike.lua'
00:39:40 D Spell: Concentration is now 0 on a tainted Sapswill invader
00:39:41 D LUA: Found LUA Spell Script: 'Spells/Scout/Predator/Assassin/QuickStrike.lua'
00:39:51 D Player: Saving History for Player: 'Emem'
00:39:51 D Player: Saving LUA History for Player: 'Emem'
00:40:14 D LUA: Found LUA Spell Script: 'Spells/Scout/Predator/Assassin/QuickStrike.lua'
00:40:15 D Spell: Concentration is now 0 on a tainted Sapswill invader
00:40:41 D LUA: Found LUA Spell Script: 'Spells/Scout/Predator/Assassin/QuickStrike.lua'
00:40:45 D LUA: Found LUA Spell Script: 'Spells/Scout/Predator/Assassin/QuickStrike.lua'
00:40:51 D Player: Saving History for Player: 'Emem'
00:40:51 D Player: Saving LUA History for Player: 'Emem'
00:41:01 D LUA: Found LUA Spell Script: 'Spells/Scout/Predator/Assassin/QuickStrike.lua'
00:41:06 D LUA: Found LUA Spell Script: 'Spells/Scout/Predator/Assassin/QuickStrike.lua'
00:41:10 D LUA: Found LUA Spell Script: 'Spells/Scout/Predator/Assassin/QuickStrike.lua'
00:41:11 D Spell: Concentration is now 0 on a tainted Sapswill invader
00:41:42 D LUA: Found LUA Spell Script: 'Spells/Scout/Predator/Assassin/QuickStrike.lua'
00:41:51 D Player: Saving History for Player: 'Emem'
00:41:51 D Player: Saving LUA History for Player: 'Emem'
00:42:05 D LUA: Found LUA Spell Script: 'Spells/Scout/Predator/Assassin/QuickStrike.lua'
00:42:05 D Spell: Concentration is now 0 on a tainted Sapswill invader
00:42:36 D LUA: Found LUA Spell Script: 'Spells/Scout/Predator/Assassin/QuickStrike.lua'
00:42:39 D LUA: Found LUA Spell Script: 'Spells/Scout/Predator/Assassin/QuickStrike.lua'
00:42:42 D LUA: Found LUA Spell Script: 'Spells/Scout/Predator/Assassin/QuickStrike.lua'
00:42:45 D LUA: Found LUA Spell Script: 'Spells/Scout/Predator/Assassin/QuickStrike.lua'
00:42:50 D LUA: Found LUA Spell Script: 'Spells/Scout/Predator/Assassin/QuickStrike.lua'
00:42:51 D Player: Saving History for Player: 'Emem'
00:42:51 D Player: Saving LUA History for Player: 'Emem'
00:42:58 D LUA: Found LUA Spell Script: 'Spells/Scout/Predator/Assassin/QuickStrike.lua'
00:43:13 D LUA: Found LUA Spell Script: 'Spells/Scout/Predator/Assassin/QuickStrike.lua'
00:43:18 D LUA: Found LUA Spell Script: 'Spells/Scout/Predator/Assassin/QuickStrike.lua'
00:43:21 D LUA: Found LUA Spell Script: 'Spells/Scout/Predator/Assassin/QuickStrike.lua'
00:43:24 D LUA: Found LUA Spell Script: 'Spells/Scout/Predator/Assassin/QuickStrike.lua'
00:43:51 D Player: Saving History for Player: 'Emem'
00:43:51 D Player: Saving LUA History for Player: 'Emem'
00:44:08 D LUA: Found LUA Spell Script: 'Spells/Scout/Predator/Assassin/QuickStrike.lua'
00:44:17 D LUA: Found LUA Spell Script: 'Spells/Scout/Predator/Assassin/QuickStrike.lua'
00:44:23 D LUA: Found LUA Spell Script: 'Spells/Scout/Predator/Assassin/QuickStrike.lua'
00:44:24 D LUA: Found LUA Spell Script: 'Spells/Scout/Predator/Assassin/QuickStrike.lua'
00:44:24 D Spell: Concentration is now 0 on a tainted Sapswill invader
00:44:36 D LUA: Found LUA Spell Script: 'Spells/Scout/Predator/Assassin/QuickStrike.lua'
00:44:37 D Spell: Concentration is now 0 on a tainted Sapswill invader
00:44:42 D LUA: Found LUA Spell Script: 'Spells/Scout/Predator/Assassin/QuickStrike.lua'
00:44:51 D Player: Saving History for Player: 'Emem'
00:44:51 D Player: Saving LUA History for Player: 'Emem'
00:44:54 D LUA: Found LUA Spell Script: 'Spells/Scout/Predator/Assassin/QuickStrike.lua'
00:45:40 D LUA: Found LUA Spell Script: 'Spells/Scout/Predator/Assassin/QuickStrike.lua'
00:45:44 D LUA: Found LUA Spell Script: 'Spells/Scout/Predator/Assassin/QuickStrike.lua'
00:45:49 D LUA: Found LUA Spell Script: 'Spells/Scout/Predator/Assassin/QuickStrike.lua'
00:45:51 D Player: Saving History for Player: 'Emem'
00:45:51 D Player: Saving LUA History for Player: 'Emem'
00:45:52 D LUA: Found LUA Spell Script: 'Spells/Scout/Predator/Assassin/QuickStrike.lua'
00:45:58 D LUA: Found LUA Spell Script: 'Spells/Scout/Predator/Assassin/QuickStrike.lua'
00:45:58 D LUA: Found LUA Spell Script: 'Spells/Scout/Predator/Assassin/QuickStrike.lua'
00:46:02 D LUA: Found LUA Spell Script: 'Spells/Scout/Predator/Assassin/QuickStrike.lua'
00:46:03 D LUA: Found LUA Spell Script: 'Spells/Scout/Predator/Assassin/QuickStrike.lua'
00:46:10 D LUA: Found LUA Spell Script: 'Spells/Scout/Predator/Assassin/QuickStrike.lua'
00:46:13 D LUA: Found LUA Spell Script: 'Spells/Scout/Predator/Assassin/QuickStrike.lua'
00:46:17 D LUA: Found LUA Spell Script: 'Spells/Scout/Predator/Assassin/QuickStrike.lua'
00:46:18 D Combat: 'Defender Bristlebrow' interrupted spell for 'a tainted Sapswill invader': 30%
00:46:18 D Spell: 'Defender Bristlebrow' is Interrupting spell of 'a tainted Sapswill invader'...
00:46:23 D LUA: Found LUA Spell Script: 'Spells/Scout/Predator/Assassin/QuickStrike.lua'
00:46:51 D Player: Saving History for Player: 'Emem'
00:46:51 D Player: Saving LUA History for Player: 'Emem'
00:47:25 D LUA: Found LUA Spell Script: 'Spells/Scout/Predator/Assassin/QuickStrike.lua'
00:47:25 D Combat: 'Defender Kuglup' interrupted spell for 'a tainted Sapswill invader': 30%
00:47:25 D Spell: 'Defender Kuglup' is Interrupting spell of 'a tainted Sapswill invader'...
00:47:32 D LUA: Found LUA Spell Script: 'Spells/Scout/Predator/Assassin/QuickStrike.lua'
00:47:40 D LUA: Found LUA Spell Script: 'Spells/Scout/Predator/Assassin/QuickStrike.lua'
00:47:40 D Spell: Concentration is now 0 on a tainted Sapswill invader
00:47:47 D LUA: Found LUA Spell Script: 'Spells/Scout/Predator/Assassin/QuickStrike.lua'
00:47:51 D LUA: Found LUA Spell Script: 'Spells/Scout/Predator/Assassin/QuickStrike.lua'
00:47:51 D LUA: Found LUA Spell Script: 'Spells/Scout/Predator/Assassin/QuickStrike.lua'
00:47:51 D Player: Saving History for Player: 'Emem'
00:47:51 D Player: Saving LUA History for Player: 'Emem'
00:47:54 D LUA: Found LUA Spell Script: 'Spells/Scout/Predator/Assassin/QuickStrike.lua'
00:47:56 D LUA: Found LUA Spell Script: 'Spells/Scout/Predator/Assassin/QuickStrike.lua'
00:48:00 D LUA: Found LUA Spell Script: 'Spells/Scout/Predator/Assassin/QuickStrike.lua'
00:48:05 D LUA: Found LUA Spell Script: 'Spells/Scout/Predator/Assassin/QuickStrike.lua'
00:48:16 D LUA: Found LUA Spell Script: 'Spells/Scout/Predator/Assassin/QuickStrike.lua'
00:48:20 D LUA: Found LUA Spell Script: 'Spells/Scout/Predator/Assassin/QuickStrike.lua'
00:48:24 D LUA: Found LUA Spell Script: 'Spells/Scout/Predator/Assassin/QuickStrike.lua'
00:48:43 D LUA: Found LUA Spell Script: 'Spells/Scout/Predator/Assassin/QuickStrike.lua'
00:48:47 D LUA: Found LUA Spell Script: 'Spells/Scout/Predator/Assassin/QuickStrike.lua'
00:48:51 D Player: Saving History for Player: 'Emem'
00:48:51 D Player: Saving LUA History for Player: 'Emem'
00:48:52 D LUA: Found LUA Spell Script: 'Spells/Scout/Predator/Assassin/QuickStrike.lua'
00:48:55 D LUA: Found LUA Spell Script: 'Spells/Scout/Predator/Assassin/QuickStrike.lua'
00:48:56 D LUA: Found LUA Spell Script: 'Spells/Scout/Predator/Assassin/QuickStrike.lua'
00:49:00 D LUA: Found LUA Spell Script: 'Spells/Scout/Predator/Assassin/QuickStrike.lua'
00:49:00 D Spell: Concentration is now 0 on a tainted Sapswill invader
00:49:06 D LUA: Found LUA Spell Script: 'Spells/Scout/Predator/Assassin/QuickStrike.lua'
00:49:25 D LUA: Found LUA Spell Script: 'Spells/Scout/Predator/Assassin/QuickStrike.lua'
00:49:40 D LUA: Found LUA Spell Script: 'Spells/Scout/Predator/Assassin/QuickStrike.lua'
00:49:44 D LUA: Found LUA Spell Script: 'Spells/Scout/Predator/Assassin/QuickStrike.lua'
00:49:47 D LUA: Found LUA Spell Script: 'Spells/Scout/Predator/Assassin/QuickStrike.lua'
00:49:51 D Player: Saving History for Player: 'Emem'
00:49:51 D Player: Saving LUA History for Player: 'Emem'
00:50:02 D LUA: Found LUA Spell Script: 'Spells/Scout/Predator/Assassin/QuickStrike.lua'
00:50:13 D LUA: Found LUA Spell Script: 'Spells/Scout/Predator/Assassin/QuickStrike.lua'
00:50:28 D LUA: Found LUA Spell Script: 'Spells/Scout/Predator/Assassin/QuickStrike.lua'
00:50:37 D LUA: Found LUA Spell Script: 'Spells/Scout/Predator/Assassin/QuickStrike.lua'
00:50:40 D LUA: Found LUA Spell Script: 'Spells/Scout/Predator/Assassin/QuickStrike.lua'
00:50:51 D Player: Saving History for Player: 'Emem'
00:50:51 D Player: Saving LUA History for Player: 'Emem'
00:50:52 D LUA: Found LUA Spell Script: 'Spells/Scout/Predator/Assassin/QuickStrike.lua'
00:50:57 D LUA: Found LUA Spell Script: 'Spells/Scout/Predator/Assassin/QuickStrike.lua'
00:51:18 D LUA: Found LUA Spell Script: 'Spells/Scout/Predator/Assassin/QuickStrike.lua'
00:51:32 D LUA: Found LUA Spell Script: 'Spells/Scout/Predator/Assassin/QuickStrike.lua'
00:51:51 D Player: Saving History for Player: 'Emem'
00:51:51 D Player: Saving LUA History for Player: 'Emem'
00:52:04 D LUA: Found LUA Spell Script: 'Spells/Scout/Predator/Assassin/QuickStrike.lua'
00:52:11 D LUA: Found LUA Spell Script: 'Spells/Scout/Predator/Assassin/QuickStrike.lua'
00:52:19 D LUA: Found LUA Spell Script: 'Spells/Scout/Predator/Assassin/QuickStrike.lua'
00:52:20 D Spell: Concentration is now 0 on a tainted Sapswill invader
00:52:24 D LUA: Found LUA Spell Script: 'Spells/Scout/Predator/Assassin/QuickStrike.lua'
00:52:25 D Combat: 'Defender Kuglup' interrupted spell for 'a tainted Sapswill invader': 30%
00:52:25 D Spell: 'Defender Kuglup' is Interrupting spell of 'a tainted Sapswill invader'...
00:52:50 D LUA: Found LUA Spell Script: 'Spells/Scout/Predator/Assassin/QuickStrike.lua'
00:52:50 D LUA: Found LUA Spell Script: 'Spells/Scout/Predator/Assassin/QuickStrike.lua'
00:52:51 D Player: Saving History for Player: 'Emem'
00:52:51 D Player: Saving LUA History for Player: 'Emem'
00:52:53 D LUA: Found LUA Spell Script: 'Spells/Scout/Predator/Assassin/QuickStrike.lua'
00:52:53 D LUA: Found LUA Spell Script: 'Spells/Scout/Predator/Assassin/QuickStrike.lua'
00:52:54 D Spell: Concentration is now 0 on a tainted Sapswill invader
00:52:57 D LUA: Found LUA Spell Script: 'Spells/Scout/Predator/Assassin/QuickStrike.lua'
00:52:57 D Spell: Concentration is now 0 on a tainted Sapswill invader
00:53:00 D LUA: Found LUA Spell Script: 'Spells/Scout/Predator/Assassin/QuickStrike.lua'
00:53:01 D Combat: 'Defender Bristlebrow' interrupted spell for 'a tainted Sapswill invader': 30%
00:53:01 D Spell: 'Defender Bristlebrow' is Interrupting spell of 'a tainted Sapswill invader'...
00:53:21 D LUA: Found LUA Spell Script: 'Spells/Scout/Predator/Assassin/QuickStrike.lua'
00:53:25 D LUA: Found LUA Spell Script: 'Spells/Scout/Predator/Assassin/QuickStrike.lua'
00:53:46 D LUA: Found LUA Spell Script: 'Spells/Scout/Predator/Assassin/QuickStrike.lua'
00:53:51 D Player: Saving History for Player: 'Emem'
00:53:51 D Player: Saving LUA History for Player: 'Emem'
00:53:52 D LUA: Found LUA Spell Script: 'Spells/Scout/Predator/Assassin/QuickStrike.lua'
00:54:16 D LUA: Found LUA Spell Script: 'Spells/Scout/Predator/Assassin/QuickStrike.lua'
00:54:35 D LUA: Found LUA Spell Script: 'Spells/Scout/Predator/Assassin/QuickStrike.lua'
00:54:36 D Spell: Concentration is now 0 on a tainted Sapswill invader
00:54:51 D Player: Saving History for Player: 'Emem'
00:54:51 D Player: Saving LUA History for Player: 'Emem'
00:55:03 D LUA: Found LUA Spell Script: 'Spells/Scout/Predator/Assassin/QuickStrike.lua'
00:55:13 D LUA: Found LUA Spell Script: 'Spells/Scout/Predator/Assassin/QuickStrike.lua'
00:55:14 D Spell: Concentration is now 0 on a tainted Sapswill invader
00:55:17 D LUA: Found LUA Spell Script: 'Spells/Scout/Predator/Assassin/QuickStrike.lua'
00:55:17 D Spell: Concentration is now 0 on a tainted Sapswill invader
00:55:20 D LUA: Found LUA Spell Script: 'Spells/Scout/Predator/Assassin/QuickStrike.lua'
00:55:20 D Spell: Concentration is now 0 on a tainted Sapswill invader
00:55:24 D LUA: Found LUA Spell Script: 'Spells/Scout/Predator/Assassin/QuickStrike.lua'
00:55:30 D LUA: Found LUA Spell Script: 'Spells/Scout/Predator/Assassin/QuickStrike.lua'
00:55:34 D LUA: Found LUA Spell Script: 'Spells/Scout/Predator/Assassin/QuickStrike.lua'
00:55:34 D Spell: Concentration is now 0 on a tainted Sapswill invader
00:55:38 D LUA: Found LUA Spell Script: 'Spells/Scout/Predator/Assassin/QuickStrike.lua'
00:55:39 D Spell: Concentration is now 0 on a tainted Sapswill invader
00:55:44 D LUA: Found LUA Spell Script: 'Spells/Scout/Predator/Assassin/QuickStrike.lua'
00:55:44 D Spell: Concentration is now 0 on a tainted Sapswill invader
00:55:51 D Player: Saving History for Player: 'Emem'
00:55:51 D Player: Saving LUA History for Player: 'Emem'
00:55:55 D LUA: Found LUA Spell Script: 'Spells/Scout/Predator/Assassin/QuickStrike.lua'
00:55:55 D Spell: Concentration is now 0 on a tainted Sapswill invader
00:56:08 D LUA: Found LUA Spell Script: 'Spells/Scout/Predator/Assassin/QuickStrike.lua'
00:56:51 D Player: Saving History for Player: 'Emem'
00:56:51 D Player: Saving LUA History for Player: 'Emem'
00:56:54 D LUA: Found LUA Spell Script: 'Spells/Scout/Predator/Assassin/QuickStrike.lua'
00:56:55 D LUA: Found LUA Spell Script: 'Spells/Scout/Predator/Assassin/QuickStrike.lua'
00:56:55 D Combat: 'Defender Kuglup' interrupted spell for 'a tainted Sapswill invader': 30%
00:56:55 D Spell: 'Defender Kuglup' is Interrupting spell of 'a tainted Sapswill invader'...
00:56:58 D LUA: Found LUA Spell Script: 'Spells/Scout/Predator/Assassin/QuickStrike.lua'
00:57:01 D LUA: Found LUA Spell Script: 'Spells/Scout/Predator/Assassin/QuickStrike.lua'
00:57:02 D Spell: Concentration is now 0 on a tainted Sapswill invader
00:57:03 D LUA: Found LUA Spell Script: 'Spells/Scout/Predator/Assassin/QuickStrike.lua'
00:57:12 D LUA: Found LUA Spell Script: 'Spells/Scout/Predator/Assassin/QuickStrike.lua'
00:57:16 D LUA: Found LUA Spell Script: 'Spells/Scout/Predator/Assassin/QuickStrike.lua'
00:57:21 D LUA: Found LUA Spell Script: 'Spells/Scout/Predator/Assassin/QuickStrike.lua'
00:57:38 D LUA: Found LUA Spell Script: 'Spells/Scout/Predator/Assassin/QuickStrike.lua'
00:57:43 D LUA: Found LUA Spell Script: 'Spells/Scout/Predator/Assassin/QuickStrike.lua'
00:57:44 D Spell: Concentration is now 0 on a tainted Sapswill invader
00:57:51 D Player: Saving History for Player: 'Emem'
00:57:51 D Player: Saving LUA History for Player: 'Emem'
00:57:53 D LUA: Found LUA Spell Script: 'Spells/Scout/Predator/Assassin/QuickStrike.lua'
00:57:54 D Spell: Concentration is now 0 on a tainted Sapswill invader
00:58:23 D LUA: Found LUA Spell Script: 'Spells/Scout/Predator/Assassin/QuickStrike.lua'
00:58:27 D LUA: Found LUA Spell Script: 'Spells/Scout/Predator/Assassin/QuickStrike.lua'
00:58:31 D LUA: Found LUA Spell Script: 'Spells/Scout/Predator/Assassin/QuickStrike.lua'
00:58:32 D Spell: Concentration is now 0 on a tainted Sapswill invader
00:58:36 D LUA: Found LUA Spell Script: 'Spells/Scout/Predator/Assassin/QuickStrike.lua'
00:58:37 D Spell: Concentration is now 0 on a tainted Sapswill invader
00:58:39 D LUA: Found LUA Spell Script: 'Spells/Scout/Predator/Assassin/QuickStrike.lua'
00:58:48 D LUA: Found LUA Spell Script: 'Spells/Scout/Predator/Assassin/QuickStrike.lua'
00:58:51 D Player: Saving History for Player: 'Emem'
00:58:51 D Player: Saving LUA History for Player: 'Emem'
00:58:53 D LUA: Found LUA Spell Script: 'Spells/Scout/Predator/Assassin/QuickStrike.lua'
00:58:56 D LUA: Found LUA Spell Script: 'Spells/Scout/Predator/Assassin/QuickStrike.lua'
00:59:09 D LUA: Found LUA Spell Script: 'Spells/Scout/Predator/Assassin/QuickStrike.lua'
00:59:13 D LUA: Found LUA Spell Script: 'Spells/Scout/Predator/Assassin/QuickStrike.lua'
00:59:18 D LUA: Found LUA Spell Script: 'Spells/Scout/Predator/Assassin/QuickStrike.lua'
00:59:22 D LUA: Found LUA Spell Script: 'Spells/Scout/Predator/Assassin/QuickStrike.lua'
00:59:51 D Player: Saving History for Player: 'Emem'
00:59:51 D Player: Saving LUA History for Player: 'Emem'
01:00:03 D LUA: Found LUA Spell Script: 'Spells/Scout/Predator/Assassin/QuickStrike.lua'
01:00:08 D LUA: Found LUA Spell Script: 'Spells/Scout/Predator/Assassin/QuickStrike.lua'
01:00:08 D LUA: Found LUA Spell Script: 'Spells/Scout/Predator/Assassin/QuickStrike.lua'
01:00:09 D Spell: Concentration is now 0 on a tainted Sapswill invader
01:00:09 D Spell: Concentration is now 0 on a tainted Sapswill invader
01:00:29 D LUA: Found LUA Spell Script: 'Spells/Scout/Predator/Assassin/QuickStrike.lua'
01:00:42 D LUA: Found LUA Spell Script: 'Spells/Scout/Predator/Assassin/QuickStrike.lua'
01:00:46 D LUA: Found LUA Spell Script: 'Spells/Scout/Predator/Assassin/QuickStrike.lua'
01:00:51 D Player: Saving History for Player: 'Emem'
01:00:51 D Player: Saving LUA History for Player: 'Emem'
01:01:18 D LUA: Found LUA Spell Script: 'Spells/Scout/Predator/Assassin/QuickStrike.lua'
01:01:19 D Spell: Concentration is now 0 on a tainted Sapswill invader
01:01:21 D LUA: Found LUA Spell Script: 'Spells/Scout/Predator/Assassin/QuickStrike.lua'
01:01:22 D Spell: Concentration is now 0 on a tainted Sapswill invader
01:01:34 D LUA: Found LUA Spell Script: 'Spells/Scout/Predator/Assassin/QuickStrike.lua'
01:01:34 D Spell: Concentration is now 0 on a tainted Sapswill invader
01:01:45 D LUA: Found LUA Spell Script: 'Spells/Scout/Predator/Assassin/QuickStrike.lua'
01:01:47 D LUA: Found LUA Spell Script: 'Spells/Scout/Predator/Assassin/QuickStrike.lua'
01:01:51 D LUA: Found LUA Spell Script: 'Spells/Scout/Predator/Assassin/QuickStrike.lua'
01:01:51 D Player: Saving History for Player: 'Emem'
01:01:51 D Player: Saving LUA History for Player: 'Emem'
01:01:54 D LUA: Found LUA Spell Script: 'Spells/Scout/Predator/Assassin/QuickStrike.lua'
01:02:07 D LUA: Found LUA Spell Script: 'Spells/Scout/Predator/Assassin/QuickStrike.lua'
01:02:39 D LUA: Found LUA Spell Script: 'Spells/Scout/Predator/Assassin/QuickStrike.lua'
01:02:43 D LUA: Found LUA Spell Script: 'Spells/Scout/Predator/Assassin/QuickStrike.lua'
01:02:46 D LUA: Found LUA Spell Script: 'Spells/Scout/Predator/Assassin/QuickStrike.lua'
01:02:51 D Player: Saving History for Player: 'Emem'
01:02:51 D Player: Saving LUA History for Player: 'Emem'
01:03:05 D LUA: Found LUA Spell Script: 'Spells/Scout/Predator/Assassin/QuickStrike.lua'
01:03:09 D LUA: Found LUA Spell Script: 'Spells/Scout/Predator/Assassin/QuickStrike.lua'
01:03:31 D LUA: Found LUA Spell Script: 'Spells/Scout/Predator/Assassin/QuickStrike.lua'
01:03:35 D LUA: Found LUA Spell Script: 'Spells/Scout/Predator/Assassin/QuickStrike.lua'
01:03:39 D LUA: Found LUA Spell Script: 'Spells/Scout/Predator/Assassin/QuickStrike.lua'
01:03:44 D LUA: Found LUA Spell Script: 'Spells/Scout/Predator/Assassin/QuickStrike.lua'
01:03:44 D Spell: Concentration is now 0 on a tainted Sapswill invader
01:03:51 D Player: Saving History for Player: 'Emem'
01:03:51 D Player: Saving LUA History for Player: 'Emem'
01:04:01 D LUA: Found LUA Spell Script: 'Spells/Scout/Predator/Assassin/QuickStrike.lua'
01:04:01 D Spell: Concentration is now 0 on a tainted Sapswill invader
01:04:05 D LUA: Found LUA Spell Script: 'Spells/Scout/Predator/Assassin/QuickStrike.lua'
01:04:05 D Combat: 'Defender Bristlebrow' interrupted spell for 'a tainted Sapswill invader': 30%
01:04:05 D Spell: 'Defender Bristlebrow' is Interrupting spell of 'a tainted Sapswill invader'...
01:04:19 D LUA: Found LUA Spell Script: 'Spells/Scout/Predator/Assassin/QuickStrike.lua'
01:04:19 D Spell: Concentration is now 0 on a tainted Sapswill invader
01:04:23 D LUA: Found LUA Spell Script: 'Spells/Scout/Predator/Assassin/QuickStrike.lua'
01:04:23 D Combat: 'Defender Kuglup' interrupted spell for 'a tainted Sapswill invader': 30%
01:04:23 D Spell: 'Defender Kuglup' is Interrupting spell of 'a tainted Sapswill invader'...
01:04:29 D LUA: Found LUA Spell Script: 'Spells/Scout/Predator/Assassin/QuickStrike.lua'
01:04:29 D Spell: Concentration is now 0 on a tainted Sapswill invader
01:04:36 D LUA: Found LUA Spell Script: 'Spells/Scout/Predator/Assassin/QuickStrike.lua'
01:04:51 D Player: Saving History for Player: 'Emem'
01:04:51 D Player: Saving LUA History for Player: 'Emem'
01:04:57 D LUA: Found LUA Spell Script: 'Spells/Scout/Predator/Assassin/QuickStrike.lua'
01:05:02 D LUA: Found LUA Spell Script: 'Spells/Scout/Predator/Assassin/QuickStrike.lua'
01:05:02 D Spell: Concentration is now 0 on a tainted Sapswill invader
01:05:15 D LUA: Found LUA Spell Script: 'Spells/Scout/Predator/Assassin/QuickStrike.lua'
01:05:22 D LUA: Found LUA Spell Script: 'Spells/Scout/Predator/Assassin/QuickStrike.lua'
01:05:28 D LUA: Found LUA Spell Script: 'Spells/Scout/Predator/Assassin/QuickStrike.lua'
01:05:51 D Player: Saving History for Player: 'Emem'
01:05:51 D Player: Saving LUA History for Player: 'Emem'
01:06:05 D LUA: Found LUA Spell Script: 'Spells/Scout/Predator/Assassin/QuickStrike.lua'
01:06:23 D LUA: Found LUA Spell Script: 'Spells/Scout/Predator/Assassin/QuickStrike.lua'
01:06:24 D Spell: Concentration is now 0 on a tainted Sapswill invader
01:06:28 D LUA: Found LUA Spell Script: 'Spells/Scout/Predator/Assassin/QuickStrike.lua'
01:06:28 D Spell: Concentration is now 0 on a tainted Sapswill invader
01:06:36 D LUA: Found LUA Spell Script: 'Spells/Scout/Predator/Assassin/QuickStrike.lua'
01:06:36 D Combat: 'Defender Kuglup' interrupted spell for 'a tainted Sapswill invader': 30%
01:06:36 D Spell: 'Defender Kuglup' is Interrupting spell of 'a tainted Sapswill invader'...
01:06:43 D LUA: Found LUA Spell Script: 'Spells/Scout/Predator/Assassin/QuickStrike.lua'
01:06:47 D LUA: Found LUA Spell Script: 'Spells/Scout/Predator/Assassin/QuickStrike.lua'
01:06:51 D Player: Saving History for Player: 'Emem'
01:06:51 D Player: Saving LUA History for Player: 'Emem'
01:06:55 D LUA: Found LUA Spell Script: 'Spells/Scout/Predator/Assassin/QuickStrike.lua'
01:07:00 D LUA: Found LUA Spell Script: 'Spells/Scout/Predator/Assassin/QuickStrike.lua'
01:07:01 D Spell: Concentration is now 0 on a tainted Sapswill invader
01:07:01 D LUA: Found LUA Spell Script: 'Spells/Scout/Predator/Assassin/QuickStrike.lua'
01:07:05 D LUA: Found LUA Spell Script: 'Spells/Scout/Predator/Assassin/QuickStrike.lua'
01:07:06 D Spell: Concentration is now 0 on a tainted Sapswill invader
01:07:31 D LUA: Found LUA Spell Script: 'Spells/Scout/Predator/Assassin/QuickStrike.lua'
01:07:38 D LUA: Found LUA Spell Script: 'Spells/Scout/Predator/Assassin/QuickStrike.lua'
01:07:39 D Spell: Concentration is now 0 on a tainted Sapswill invader
01:07:51 D Player: Saving History for Player: 'Emem'
01:07:51 D Player: Saving LUA History for Player: 'Emem'
01:07:59 D LUA: Found LUA Spell Script: 'Spells/Scout/Predator/Assassin/QuickStrike.lua'
01:08:05 D LUA: Found LUA Spell Script: 'Spells/Scout/Predator/Assassin/QuickStrike.lua'
01:08:10 D LUA: Found LUA Spell Script: 'Spells/Scout/Predator/Assassin/QuickStrike.lua'
01:08:35 D LUA: Found LUA Spell Script: 'Spells/Scout/Predator/Assassin/QuickStrike.lua'
01:08:36 D LUA: Found LUA Spell Script: 'Spells/Scout/Predator/Assassin/QuickStrike.lua'
01:08:38 D LUA: Found LUA Spell Script: 'Spells/Scout/Predator/Assassin/QuickStrike.lua'
01:08:38 D LUA: Found LUA Spell Script: 'Spells/Scout/Predator/Assassin/QuickStrike.lua'
01:08:51 D Player: Saving History for Player: 'Emem'
01:08:51 D Player: Saving LUA History for Player: 'Emem'
01:09:02 D LUA: Found LUA Spell Script: 'Spells/Scout/Predator/Assassin/QuickStrike.lua'
01:09:07 D LUA: Found LUA Spell Script: 'Spells/Scout/Predator/Assassin/QuickStrike.lua'
01:09:10 D LUA: Found LUA Spell Script: 'Spells/Scout/Predator/Assassin/QuickStrike.lua'
01:09:11 D Spell: Concentration is now 0 on a tainted Sapswill invader
01:09:22 D LUA: Found LUA Spell Script: 'Spells/Scout/Predator/Assassin/QuickStrike.lua'
01:09:25 D LUA: Found LUA Spell Script: 'Spells/Scout/Predator/Assassin/QuickStrike.lua'
01:09:33 D LUA: Found LUA Spell Script: 'Spells/Scout/Predator/Assassin/QuickStrike.lua'
01:09:35 D LUA: Found LUA Spell Script: 'Spells/Scout/Predator/Assassin/QuickStrike.lua'
01:09:39 D LUA: Found LUA Spell Script: 'Spells/Scout/Predator/Assassin/QuickStrike.lua'
01:09:51 D Player: Saving History for Player: 'Emem'
01:09:51 D Player: Saving LUA History for Player: 'Emem'
01:10:07 D LUA: Found LUA Spell Script: 'Spells/Scout/Predator/Assassin/QuickStrike.lua'
01:10:16 D LUA: Found LUA Spell Script: 'Spells/Scout/Predator/Assassin/QuickStrike.lua'
01:10:16 D Spell: Concentration is now 0 on a tainted Sapswill invader
01:10:25 D LUA: Found LUA Spell Script: 'Spells/Scout/Predator/Assassin/QuickStrike.lua'
01:10:25 D Combat: 'Defender Bristlebrow' interrupted spell for 'a tainted Sapswill invader': 30%
01:10:25 D Spell: 'Defender Bristlebrow' is Interrupting spell of 'a tainted Sapswill invader'...
01:10:28 D LUA: Found LUA Spell Script: 'Spells/Scout/Predator/Assassin/QuickStrike.lua'
01:10:28 D Spell: Concentration is now 0 on a tainted Sapswill invader
01:10:33 D LUA: Found LUA Spell Script: 'Spells/Scout/Predator/Assassin/QuickStrike.lua'
01:10:33 D Spell: Concentration is now 0 on a tainted Sapswill invader
01:10:50 D LUA: Found LUA Spell Script: 'Spells/Scout/Predator/Assassin/QuickStrike.lua'
01:10:51 D LUA: Found LUA Spell Script: 'Spells/Scout/Predator/Assassin/QuickStrike.lua'
01:10:51 D Player: Saving History for Player: 'Emem'
01:10:51 D Player: Saving LUA History for Player: 'Emem'
01:10:55 D LUA: Found LUA Spell Script: 'Spells/Scout/Predator/Assassin/QuickStrike.lua'
01:10:59 D LUA: Found LUA Spell Script: 'Spells/Scout/Predator/Assassin/QuickStrike.lua'
01:11:02 D LUA: Found LUA Spell Script: 'Spells/Scout/Predator/Assassin/QuickStrike.lua'
01:11:12 D LUA: Found LUA Spell Script: 'Spells/Scout/Predator/Assassin/QuickStrike.lua'
01:11:12 D Spell: Concentration is now 0 on a tainted Sapswill invader
01:11:49 D LUA: Found LUA Spell Script: 'Spells/Scout/Predator/Assassin/QuickStrike.lua'
01:11:51 D Player: Saving History for Player: 'Emem'
01:11:51 D Player: Saving LUA History for Player: 'Emem'
01:11:52 D LUA: Found LUA Spell Script: 'Spells/Scout/Predator/Assassin/QuickStrike.lua'
01:11:59 D LUA: Found LUA Spell Script: 'Spells/Scout/Predator/Assassin/QuickStrike.lua'
01:12:05 D LUA: Found LUA Spell Script: 'Spells/Scout/Predator/Assassin/QuickStrike.lua'
01:12:25 D LUA: Found LUA Spell Script: 'Spells/Scout/Predator/Assassin/QuickStrike.lua'
01:12:25 D Spell: Concentration is now 0 on a tainted Sapswill invader
01:12:27 D LUA: Found LUA Spell Script: 'Spells/Scout/Predator/Assassin/QuickStrike.lua'
01:12:28 D Spell: Concentration is now 0 on a tainted Sapswill invader
01:12:28 D LUA: Found LUA Spell Script: 'Spells/Scout/Predator/Assassin/QuickStrike.lua'
01:12:29 D Spell: Concentration is now 0 on a tainted Sapswill invader
01:12:33 D LUA: Found LUA Spell Script: 'Spells/Scout/Predator/Assassin/QuickStrike.lua'
01:12:33 D Spell: Concentration is now 0 on a tainted Sapswill invader
01:12:37 D LUA: Found LUA Spell Script: 'Spells/Scout/Predator/Assassin/QuickStrike.lua'
01:12:47 D LUA: Found LUA Spell Script: 'Spells/Scout/Predator/Assassin/QuickStrike.lua'
01:12:51 D Player: Saving History for Player: 'Emem'
01:12:51 D Player: Saving LUA History for Player: 'Emem'
01:13:26 D LUA: Found LUA Spell Script: 'Spells/Scout/Predator/Assassin/QuickStrike.lua'
01:13:26 D Spell: Concentration is now 0 on a tainted Sapswill invader
01:13:35 D LUA: Found LUA Spell Script: 'Spells/Scout/Predator/Assassin/QuickStrike.lua'
01:13:40 D LUA: Found LUA Spell Script: 'Spells/Scout/Predator/Assassin/QuickStrike.lua'
01:13:43 D LUA: Found LUA Spell Script: 'Spells/Scout/Predator/Assassin/QuickStrike.lua'
01:13:51 D Player: Saving History for Player: 'Emem'
01:13:51 D Player: Saving LUA History for Player: 'Emem'
01:13:53 D LUA: Found LUA Spell Script: 'Spells/Scout/Predator/Assassin/QuickStrike.lua'
01:14:01 D LUA: Found LUA Spell Script: 'Spells/Scout/Predator/Assassin/QuickStrike.lua'
01:14:01 D Combat: 'Defender Bristlebrow' failed to interrupt spell for 'a tainted Sapswill invader': 30%
01:14:02 D Spell: Concentration is now 0 on a tainted Sapswill invader
01:14:11 D LUA: Found LUA Spell Script: 'Spells/Scout/Predator/Assassin/QuickStrike.lua'
01:14:11 D Spell: Concentration is now 0 on a tainted Sapswill invader
01:14:14 D LUA: Found LUA Spell Script: 'Spells/Scout/Predator/Assassin/QuickStrike.lua'
01:14:15 D LUA: Found LUA Spell Script: 'Spells/Scout/Predator/Assassin/QuickStrike.lua'
01:14:16 D Spell: Concentration is now 0 on a tainted Sapswill invader
01:14:24 D LUA: Found LUA Spell Script: 'Spells/Scout/Predator/Assassin/QuickStrike.lua'
01:14:51 D Player: Saving History for Player: 'Emem'
01:14:51 D Player: Saving LUA History for Player: 'Emem'
01:14:57 D LUA: Found LUA Spell Script: 'Spells/Scout/Predator/Assassin/QuickStrike.lua'
01:15:13 D LUA: Found LUA Spell Script: 'Spells/Scout/Predator/Assassin/QuickStrike.lua'
01:15:13 D Spell: Concentration is now 0 on a tainted Sapswill invader
01:15:17 D LUA: Found LUA Spell Script: 'Spells/Scout/Predator/Assassin/QuickStrike.lua'
01:15:17 D Spell: Concentration is now 0 on a tainted Sapswill invader
01:15:22 D LUA: Found LUA Spell Script: 'Spells/Scout/Predator/Assassin/QuickStrike.lua'
01:15:23 D Spell: Concentration is now 0 on a tainted Sapswill invader
01:15:42 D LUA: Found LUA Spell Script: 'Spells/Scout/Predator/Assassin/QuickStrike.lua'
01:15:51 D LUA: Found LUA Spell Script: 'Spells/Scout/Predator/Assassin/QuickStrike.lua'
01:15:51 D Player: Saving History for Player: 'Emem'
01:15:51 D Player: Saving LUA History for Player: 'Emem'
01:15:59 D LUA: Found LUA Spell Script: 'Spells/Scout/Predator/Assassin/QuickStrike.lua'
01:16:26 D LUA: Found LUA Spell Script: 'Spells/Scout/Predator/Assassin/QuickStrike.lua'
01:16:29 D LUA: Found LUA Spell Script: 'Spells/Scout/Predator/Assassin/QuickStrike.lua'
01:16:34 D LUA: Found LUA Spell Script: 'Spells/Scout/Predator/Assassin/QuickStrike.lua'
01:16:34 D Combat: 'Defender Bristlebrow' interrupted spell for 'a tainted Sapswill invader': 30%
01:16:34 D Spell: 'Defender Bristlebrow' is Interrupting spell of 'a tainted Sapswill invader'...
01:16:35 D LUA: Found LUA Spell Script: 'Spells/Scout/Predator/Assassin/QuickStrike.lua'
01:16:36 D Spell: Concentration is now 0 on a tainted Sapswill invader
01:16:38 D LUA: Found LUA Spell Script: 'Spells/Scout/Predator/Assassin/QuickStrike.lua'
01:16:38 D Combat: 'Defender Kuglup' interrupted spell for 'a tainted Sapswill invader': 30%
01:16:38 D Spell: 'Defender Kuglup' is Interrupting spell of 'a tainted Sapswill invader'...
01:16:51 D Player: Saving History for Player: 'Emem'
01:16:51 D Player: Saving LUA History for Player: 'Emem'
01:17:07 D LUA: Found LUA Spell Script: 'Spells/Scout/Predator/Assassin/QuickStrike.lua'
01:17:07 D Spell: Concentration is now 0 on a tainted Sapswill invader
01:17:10 D LUA: Found LUA Spell Script: 'Spells/Scout/Predator/Assassin/QuickStrike.lua'
01:17:24 D LUA: Found LUA Spell Script: 'Spells/Scout/Predator/Assassin/QuickStrike.lua'
01:17:25 D Spell: Concentration is now 0 on a tainted Sapswill invader
01:17:30 D LUA: Found LUA Spell Script: 'Spells/Scout/Predator/Assassin/QuickStrike.lua'
01:17:51 D Player: Saving History for Player: 'Emem'
01:17:51 D Player: Saving LUA History for Player: 'Emem'
01:17:56 D LUA: Found LUA Spell Script: 'Spells/Scout/Predator/Assassin/QuickStrike.lua'
01:18:01 D LUA: Found LUA Spell Script: 'Spells/Scout/Predator/Assassin/QuickStrike.lua'
01:18:06 D LUA: Found LUA Spell Script: 'Spells/Scout/Predator/Assassin/QuickStrike.lua'
01:18:06 D Spell: Concentration is now 0 on a tainted Sapswill invader
01:18:31 D LUA: Found LUA Spell Script: 'Spells/Scout/Predator/Assassin/QuickStrike.lua'
01:18:43 D LUA: Found LUA Spell Script: 'Spells/Scout/Predator/Assassin/QuickStrike.lua'
01:18:43 D Spell: Concentration is now 0 on a tainted Sapswill invader
01:18:46 D LUA: Found LUA Spell Script: 'Spells/Scout/Predator/Assassin/QuickStrike.lua'
01:18:47 D Spell: Concentration is now 0 on a tainted Sapswill invader
01:18:51 D Player: Saving History for Player: 'Emem'
01:18:51 D Player: Saving LUA History for Player: 'Emem'
01:19:01 D LUA: Found LUA Spell Script: 'Spells/Scout/Predator/Assassin/QuickStrike.lua'
01:19:05 D LUA: Found LUA Spell Script: 'Spells/Scout/Predator/Assassin/QuickStrike.lua'
01:19:08 D LUA: Found LUA Spell Script: 'Spells/Scout/Predator/Assassin/QuickStrike.lua'
01:19:28 D LUA: Found LUA Spell Script: 'Spells/Scout/Predator/Assassin/QuickStrike.lua'
01:19:28 D Spell: Concentration is now 0 on a tainted Sapswill invader
01:19:37 D LUA: Found LUA Spell Script: 'Spells/Scout/Predator/Assassin/QuickStrike.lua'
01:19:51 D Player: Saving History for Player: 'Emem'
01:19:51 D Player: Saving LUA History for Player: 'Emem'
01:20:05 D LUA: Found LUA Spell Script: 'Spells/Scout/Predator/Assassin/QuickStrike.lua'
01:20:24 D LUA: Found LUA Spell Script: 'Spells/Scout/Predator/Assassin/QuickStrike.lua'
01:20:29 D LUA: Found LUA Spell Script: 'Spells/Scout/Predator/Assassin/QuickStrike.lua'
01:20:38 D LUA: Found LUA Spell Script: 'Spells/Scout/Predator/Assassin/QuickStrike.lua'
01:20:43 D LUA: Found LUA Spell Script: 'Spells/Scout/Predator/Assassin/QuickStrike.lua'
01:20:48 D LUA: Found LUA Spell Script: 'Spells/Scout/Predator/Assassin/QuickStrike.lua'
01:20:51 D Player: Saving History for Player: 'Emem'
01:20:51 D Player: Saving LUA History for Player: 'Emem'
01:21:14 D LUA: Found LUA Spell Script: 'Spells/Scout/Predator/Assassin/QuickStrike.lua'
01:21:34 D LUA: Found LUA Spell Script: 'Spells/Scout/Predator/Assassin/QuickStrike.lua'
01:21:38 D LUA: Found LUA Spell Script: 'Spells/Scout/Predator/Assassin/QuickStrike.lua'
01:21:41 D LUA: Found LUA Spell Script: 'Spells/Scout/Predator/Assassin/QuickStrike.lua'
01:21:51 D Player: Saving History for Player: 'Emem'
01:21:51 D Player: Saving LUA History for Player: 'Emem'
01:21:58 D LUA: Found LUA Spell Script: 'Spells/Scout/Predator/Assassin/QuickStrike.lua'
01:21:58 D Spell: Concentration is now 0 on a tainted Sapswill invader
01:22:02 D LUA: Found LUA Spell Script: 'Spells/Scout/Predator/Assassin/QuickStrike.lua'
01:22:02 D Spell: Concentration is now 0 on a tainted Sapswill invader
01:22:07 D LUA: Found LUA Spell Script: 'Spells/Scout/Predator/Assassin/QuickStrike.lua'
01:22:07 D LUA: Found LUA Spell Script: 'Spells/Scout/Predator/Assassin/QuickStrike.lua'
01:22:07 D Spell: Concentration is now 0 on a tainted Sapswill invader
01:22:07 D Spell: Concentration is now 0 on a tainted Sapswill invader
01:22:12 D LUA: Found LUA Spell Script: 'Spells/Scout/Predator/Assassin/QuickStrike.lua'
01:22:12 D Spell: Concentration is now 0 on a tainted Sapswill invader
01:22:14 D LUA: Found LUA Spell Script: 'Spells/Scout/Predator/Assassin/QuickStrike.lua'
01:22:16 D LUA: Found LUA Spell Script: 'Spells/Scout/Predator/Assassin/QuickStrike.lua'
01:22:16 D Spell: Concentration is now 0 on a tainted Sapswill invader
01:22:18 D LUA: Found LUA Spell Script: 'Spells/Scout/Predator/Assassin/QuickStrike.lua'
01:22:28 D LUA: Found LUA Spell Script: 'Spells/Scout/Predator/Assassin/QuickStrike.lua'
01:22:31 D LUA: Found LUA Spell Script: 'Spells/Scout/Predator/Assassin/QuickStrike.lua'
01:22:36 D LUA: Found LUA Spell Script: 'Spells/Scout/Predator/Assassin/QuickStrike.lua'
01:22:37 D LUA: Found LUA Spell Script: 'Spells/Scout/Predator/Assassin/QuickStrike.lua'
01:22:41 D LUA: Found LUA Spell Script: 'Spells/Scout/Predator/Assassin/QuickStrike.lua'
01:22:51 D Player: Saving History for Player: 'Emem'
01:22:51 D Player: Saving LUA History for Player: 'Emem'
01:23:01 D LUA: Found LUA Spell Script: 'Spells/Scout/Predator/Assassin/QuickStrike.lua'
01:23:01 D Spell: Concentration is now 0 on a tainted Sapswill invader
01:23:07 D LUA: Found LUA Spell Script: 'Spells/Scout/Predator/Assassin/QuickStrike.lua'
01:23:07 D Spell: Concentration is now 0 on a tainted Sapswill invader
01:23:33 D LUA: Found LUA Spell Script: 'Spells/Scout/Predator/Assassin/QuickStrike.lua'
01:23:44 D LUA: Found LUA Spell Script: 'Spells/Scout/Predator/Assassin/QuickStrike.lua'
01:23:44 D Spell: Concentration is now 0 on a tainted Sapswill invader
01:23:51 D Player: Saving History for Player: 'Emem'
01:23:51 D Player: Saving LUA History for Player: 'Emem'
01:23:52 D LUA: Found LUA Spell Script: 'Spells/Scout/Predator/Assassin/QuickStrike.lua'
01:23:53 D Spell: Concentration is now 0 on a tainted Sapswill invader
01:23:56 D LUA: Found LUA Spell Script: 'Spells/Scout/Predator/Assassin/QuickStrike.lua'
01:23:56 D Combat: 'Defender Kuglup' interrupted spell for 'a tainted Sapswill invader': 30%
01:23:56 D Spell: 'Defender Kuglup' is Interrupting spell of 'a tainted Sapswill invader'...
01:24:13 D LUA: Found LUA Spell Script: 'Spells/Scout/Predator/Assassin/QuickStrike.lua'
01:24:16 D LUA: Found LUA Spell Script: 'Spells/Scout/Predator/Assassin/QuickStrike.lua'
01:24:17 D LUA: Found LUA Spell Script: 'Spells/Scout/Predator/Assassin/QuickStrike.lua'
01:24:19 D LUA: Found LUA Spell Script: 'Spells/Scout/Predator/Assassin/QuickStrike.lua'
01:24:20 D LUA: Found LUA Spell Script: 'Spells/Scout/Predator/Assassin/QuickStrike.lua'
01:24:23 D LUA: Found LUA Spell Script: 'Spells/Scout/Predator/Assassin/QuickStrike.lua'
01:24:25 D LUA: Found LUA Spell Script: 'Spells/Scout/Predator/Assassin/QuickStrike.lua'
01:24:33 D LUA: Found LUA Spell Script: 'Spells/Scout/Predator/Assassin/QuickStrike.lua'
01:24:51 D Player: Saving History for Player: 'Emem'
01:24:51 D Player: Saving LUA History for Player: 'Emem'
01:24:52 D LUA: Found LUA Spell Script: 'Spells/Scout/Predator/Assassin/QuickStrike.lua'
01:25:33 D LUA: Found LUA Spell Script: 'Spells/Scout/Predator/Assassin/QuickStrike.lua'
01:25:34 D Spell: Concentration is now 0 on a tainted Sapswill invader
01:25:40 D LUA: Found LUA Spell Script: 'Spells/Scout/Predator/Assassin/QuickStrike.lua'
01:25:40 D Combat: 'Defender Kuglup' interrupted spell for 'a tainted Sapswill invader': 30%
01:25:40 D Spell: 'Defender Kuglup' is Interrupting spell of 'a tainted Sapswill invader'...
01:25:45 D LUA: Found LUA Spell Script: 'Spells/Scout/Predator/Assassin/QuickStrike.lua'
01:25:46 D Spell: Concentration is now 0 on a tainted Sapswill invader
01:25:51 D Player: Saving History for Player: 'Emem'
01:25:51 D Player: Saving LUA History for Player: 'Emem'
01:25:54 D LUA: Found LUA Spell Script: 'Spells/Scout/Predator/Assassin/QuickStrike.lua'
01:25:56 D LUA: Found LUA Spell Script: 'Spells/Scout/Predator/Assassin/QuickStrike.lua'
01:26:00 D LUA: Found LUA Spell Script: 'Spells/Scout/Predator/Assassin/QuickStrike.lua'
01:26:01 D LUA: Found LUA Spell Script: 'Spells/Scout/Predator/Assassin/QuickStrike.lua'
01:26:04 D LUA: Found LUA Spell Script: 'Spells/Scout/Predator/Assassin/QuickStrike.lua'
01:26:06 D LUA: Found LUA Spell Script: 'Spells/Scout/Predator/Assassin/QuickStrike.lua'
01:26:14 D LUA: Found LUA Spell Script: 'Spells/Scout/Predator/Assassin/QuickStrike.lua'
01:26:51 D Player: Saving History for Player: 'Emem'
01:26:51 D Player: Saving LUA History for Player: 'Emem'
01:26:53 D LUA: Found LUA Spell Script: 'Spells/Scout/Predator/Assassin/QuickStrike.lua'
01:27:13 D LUA: Found LUA Spell Script: 'Spells/Scout/Predator/Assassin/QuickStrike.lua'
01:27:13 D LUA: Found LUA Spell Script: 'Spells/Scout/Predator/Assassin/QuickStrike.lua'
01:27:13 D Spell: Concentration is now 0 on a tainted Sapswill invader
01:27:18 D LUA: Found LUA Spell Script: 'Spells/Scout/Predator/Assassin/QuickStrike.lua'
01:27:20 D LUA: Found LUA Spell Script: 'Spells/Scout/Predator/Assassin/QuickStrike.lua'
01:27:20 D Spell: Concentration is now 0 on a tainted Sapswill invader
01:27:26 D LUA: Found LUA Spell Script: 'Spells/Scout/Predator/Assassin/QuickStrike.lua'
01:27:29 D LUA: Found LUA Spell Script: 'Spells/Scout/Predator/Assassin/QuickStrike.lua'
01:27:35 D LUA: Found LUA Spell Script: 'Spells/Scout/Predator/Assassin/QuickStrike.lua'
01:27:36 D LUA: Found LUA Spell Script: 'Spells/Scout/Predator/Assassin/QuickStrike.lua'
01:27:36 D Spell: Concentration is now 0 on a tainted Sapswill invader
01:27:38 D LUA: Found LUA Spell Script: 'Spells/Scout/Predator/Assassin/QuickStrike.lua'
01:27:41 D LUA: Found LUA Spell Script: 'Spells/Scout/Predator/Assassin/QuickStrike.lua'
01:27:52 D Player: Saving History for Player: 'Emem'
01:27:52 D Player: Saving LUA History for Player: 'Emem'
01:28:29 D LUA: Found LUA Spell Script: 'Spells/Scout/Predator/Assassin/QuickStrike.lua'
01:28:43 D LUA: Found LUA Spell Script: 'Spells/Scout/Predator/Assassin/QuickStrike.lua'
01:28:44 D Spell: Concentration is now 0 on a tainted Sapswill invader
01:28:51 D Player: Saving History for Player: 'Emem'
01:28:51 D Player: Saving LUA History for Player: 'Emem'
01:28:53 D LUA: Found LUA Spell Script: 'Spells/Scout/Predator/Assassin/QuickStrike.lua'
01:28:53 D Spell: Concentration is now 0 on a tainted Sapswill invader
01:28:59 D LUA: Found LUA Spell Script: 'Spells/Scout/Predator/Assassin/QuickStrike.lua'
01:28:59 D LUA: Found LUA Spell Script: 'Spells/Scout/Predator/Assassin/QuickStrike.lua'
01:29:03 D LUA: Found LUA Spell Script: 'Spells/Scout/Predator/Assassin/QuickStrike.lua'
01:29:04 D LUA: Found LUA Spell Script: 'Spells/Scout/Predator/Assassin/QuickStrike.lua'
01:29:05 D Spell: Concentration is now 0 on a tainted Sapswill invader
01:29:07 D LUA: Found LUA Spell Script: 'Spells/Scout/Predator/Assassin/QuickStrike.lua'
01:29:10 D LUA: Found LUA Spell Script: 'Spells/Scout/Predator/Assassin/QuickStrike.lua'
01:29:27 D LUA: Found LUA Spell Script: 'Spells/Scout/Predator/Assassin/QuickStrike.lua'
01:29:27 D Spell: Concentration is now 0 on a tainted Sapswill invader
01:29:48 D LUA: Found LUA Spell Script: 'Spells/Scout/Predator/Assassin/QuickStrike.lua'
01:29:51 D Player: Saving History for Player: 'Emem'
01:29:51 D Player: Saving LUA History for Player: 'Emem'
01:29:59 D LUA: Found LUA Spell Script: 'Spells/Scout/Predator/Assassin/QuickStrike.lua'
01:30:02 D LUA: Found LUA Spell Script: 'Spells/Scout/Predator/Assassin/QuickStrike.lua'
01:30:23 D LUA: Found LUA Spell Script: 'Spells/Scout/Predator/Assassin/QuickStrike.lua'
01:30:23 D Spell: Concentration is now 0 on a tainted Sapswill invader
01:30:25 D LUA: Found LUA Spell Script: 'Spells/Scout/Predator/Assassin/QuickStrike.lua'
01:30:27 D LUA: Found LUA Spell Script: 'Spells/Scout/Predator/Assassin/QuickStrike.lua'
01:30:27 D Spell: Concentration is now 0 on a tainted Sapswill invader
01:30:28 D LUA: Found LUA Spell Script: 'Spells/Scout/Predator/Assassin/QuickStrike.lua'
01:30:32 D LUA: Found LUA Spell Script: 'Spells/Scout/Predator/Assassin/QuickStrike.lua'
01:30:51 D Player: Saving History for Player: 'Emem'
01:30:51 D Player: Saving LUA History for Player: 'Emem'
01:30:55 D LUA: Found LUA Spell Script: 'Spells/Scout/Predator/Assassin/QuickStrike.lua'
01:31:18 D LUA: Found LUA Spell Script: 'Spells/Scout/Predator/Assassin/QuickStrike.lua'
01:31:41 D LUA: Found LUA Spell Script: 'Spells/Scout/Predator/Assassin/QuickStrike.lua'
01:31:41 D Spell: Concentration is now 0 on a tainted Sapswill invader
01:31:44 D LUA: Found LUA Spell Script: 'Spells/Scout/Predator/Assassin/QuickStrike.lua'
01:31:50 D LUA: Found LUA Spell Script: 'Spells/Scout/Predator/Assassin/QuickStrike.lua'
01:31:51 D Player: Saving History for Player: 'Emem'
01:31:51 D Player: Saving LUA History for Player: 'Emem'
01:32:35 D LUA: Found LUA Spell Script: 'Spells/Scout/Predator/Assassin/QuickStrike.lua'
01:32:40 D LUA: Found LUA Spell Script: 'Spells/Scout/Predator/Assassin/QuickStrike.lua'
01:32:51 D Player: Saving History for Player: 'Emem'
01:32:51 D Player: Saving LUA History for Player: 'Emem'
01:32:59 D LUA: Found LUA Spell Script: 'Spells/Scout/Predator/Assassin/QuickStrike.lua'
01:33:08 D LUA: Found LUA Spell Script: 'Spells/Scout/Predator/Assassin/QuickStrike.lua'
01:33:11 D LUA: Found LUA Spell Script: 'Spells/Scout/Predator/Assassin/QuickStrike.lua'
01:33:12 D Spell: Concentration is now 0 on a tainted Sapswill invader
01:33:13 D LUA: Found LUA Spell Script: 'Spells/Scout/Predator/Assassin/QuickStrike.lua'
01:33:34 D LUA: Found LUA Spell Script: 'Spells/Scout/Predator/Assassin/QuickStrike.lua'
01:33:35 D Spell: Concentration is now 0 on a tainted Sapswill invader
01:33:39 D LUA: Found LUA Spell Script: 'Spells/Scout/Predator/Assassin/QuickStrike.lua'
01:33:39 D Spell: Concentration is now 0 on a tainted Sapswill invader
01:33:51 D Player: Saving History for Player: 'Emem'
01:33:51 D Player: Saving LUA History for Player: 'Emem'
01:34:06 D LUA: Found LUA Spell Script: 'Spells/Scout/Predator/Assassin/QuickStrike.lua'
01:34:17 D LUA: Found LUA Spell Script: 'Spells/Scout/Predator/Assassin/QuickStrike.lua'
01:34:17 D LUA: Found LUA Spell Script: 'Spells/Scout/Predator/Assassin/QuickStrike.lua'
01:34:23 D LUA: Found LUA Spell Script: 'Spells/Scout/Predator/Assassin/QuickStrike.lua'
01:34:26 D LUA: Found LUA Spell Script: 'Spells/Scout/Predator/Assassin/QuickStrike.lua'
01:34:30 D LUA: Found LUA Spell Script: 'Spells/Scout/Predator/Assassin/QuickStrike.lua'
01:34:40 D LUA: Found LUA Spell Script: 'Spells/Scout/Predator/Assassin/QuickStrike.lua'
01:34:40 D Spell: Concentration is now 0 on a tainted Sapswill invader
01:34:43 D LUA: Found LUA Spell Script: 'Spells/Scout/Predator/Assassin/QuickStrike.lua'
01:34:43 D Spell: Concentration is now 0 on a tainted Sapswill invader
01:34:49 D LUA: Found LUA Spell Script: 'Spells/Scout/Predator/Assassin/QuickStrike.lua'
01:34:51 D Player: Saving History for Player: 'Emem'
01:34:51 D Player: Saving LUA History for Player: 'Emem'
01:35:05 D LUA: Found LUA Spell Script: 'Spells/Scout/Predator/Assassin/QuickStrike.lua'
01:35:45 D LUA: Found LUA Spell Script: 'Spells/Scout/Predator/Assassin/QuickStrike.lua'
01:35:50 D LUA: Found LUA Spell Script: 'Spells/Scout/Predator/Assassin/QuickStrike.lua'
01:35:51 D Player: Saving History for Player: 'Emem'
01:35:51 D Player: Saving LUA History for Player: 'Emem'
01:36:01 D LUA: Found LUA Spell Script: 'Spells/Scout/Predator/Assassin/QuickStrike.lua'
01:36:04 D LUA: Found LUA Spell Script: 'Spells/Scout/Predator/Assassin/QuickStrike.lua'
01:36:10 D LUA: Found LUA Spell Script: 'Spells/Scout/Predator/Assassin/QuickStrike.lua'
01:36:20 D LUA: Found LUA Spell Script: 'Spells/Scout/Predator/Assassin/QuickStrike.lua'
01:36:24 D LUA: Found LUA Spell Script: 'Spells/Scout/Predator/Assassin/QuickStrike.lua'
01:36:27 D LUA: Found LUA Spell Script: 'Spells/Scout/Predator/Assassin/QuickStrike.lua'
01:36:33 D LUA: Found LUA Spell Script: 'Spells/Scout/Predator/Assassin/QuickStrike.lua'
01:36:51 D Player: Saving History for Player: 'Emem'
01:36:51 D Player: Saving LUA History for Player: 'Emem'
01:37:03 D LUA: Found LUA Spell Script: 'Spells/Scout/Predator/Assassin/QuickStrike.lua'
01:37:07 D LUA: Found LUA Spell Script: 'Spells/Scout/Predator/Assassin/QuickStrike.lua'
01:37:11 D LUA: Found LUA Spell Script: 'Spells/Scout/Predator/Assassin/QuickStrike.lua'
01:37:37 D LUA: Found LUA Spell Script: 'Spells/Scout/Predator/Assassin/QuickStrike.lua'
01:37:37 D LUA: Found LUA Spell Script: 'Spells/Scout/Predator/Assassin/QuickStrike.lua'
01:37:38 D Spell: Concentration is now 0 on a tainted Sapswill invader
01:37:41 D LUA: Found LUA Spell Script: 'Spells/Scout/Predator/Assassin/QuickStrike.lua'
01:37:51 D Player: Saving History for Player: 'Emem'
01:37:51 D Player: Saving LUA History for Player: 'Emem'
01:38:00 D LUA: Found LUA Spell Script: 'Spells/Scout/Predator/Assassin/QuickStrike.lua'
01:38:03 E LUA: attempt to call a nil value
01:38:06 D LUA: Found LUA Spell Script: 'Spells/Scout/Predator/Assassin/QuickStrike.lua'
01:38:07 D Spell: Concentration is now 0 on a tainted Sapswill invader
01:38:51 D LUA: Found LUA Spell Script: 'Spells/Scout/Predator/Assassin/QuickStrike.lua'
01:38:51 D Player: Saving History for Player: 'Emem'
01:38:51 D Player: Saving LUA History for Player: 'Emem'
01:38:59 D LUA: Found LUA Spell Script: 'Spells/Scout/Predator/Assassin/QuickStrike.lua'
01:39:20 D LUA: Found LUA Spell Script: 'Spells/Scout/Predator/Assassin/QuickStrike.lua'
01:39:23 D LUA: Found LUA Spell Script: 'Spells/Scout/Predator/Assassin/QuickStrike.lua'
01:39:32 D LUA: Found LUA Spell Script: 'Spells/Scout/Predator/Assassin/QuickStrike.lua'
01:39:32 D Spell: Concentration is now 0 on a tainted Sapswill invader
01:39:40 D LUA: Found LUA Spell Script: 'Spells/Scout/Predator/Assassin/QuickStrike.lua'
01:39:41 D Spell: Concentration is now 0 on a tainted Sapswill invader
01:39:51 D Player: Saving History for Player: 'Emem'
01:39:51 D Player: Saving LUA History for Player: 'Emem'
01:40:20 D LUA: Found LUA Spell Script: 'Spells/Scout/Predator/Assassin/QuickStrike.lua'
01:40:28 D LUA: Found LUA Spell Script: 'Spells/Scout/Predator/Assassin/QuickStrike.lua'
01:40:32 D LUA: Found LUA Spell Script: 'Spells/Scout/Predator/Assassin/QuickStrike.lua'
01:40:37 E World: Invalid ZoneAuthRequest, disconnecting client.
01:40:37 D CClient: Client Disconnect...
01:40:37 D Player: Saving History for Player: 'Emem'
01:40:37 D Player: Saving LUA History for Player: 'Emem'
01:40:37 D Player: Saving History for Player: 'Emem'
01:40:37 D Player: Saving LUA History for Player: 'Emem'
01:40:37 D Zone: Client is disconnecting in ZoneServer::ClientProcess (camping = false)
01:40:37 D CClient: Client Disconnect...
01:40:37 D Player: Saving History for Player: 'Emem'
01:40:37 D Player: Saving LUA History for Player: 'Emem'
01:40:37 D Zone: Sending login equipment appearance updates...
01:40:37 D Zone: Removing client 'Emem' (2) due to LD/Exit...
01:40:37 D Zone: Calling clients.Remove(client)...
01:40:37 I Zone: Scheduling client 'Emem' for removal.
01:40:37 D Player: Toggling Character OFFLINE!
