07:29:11 I Init: Starting EQ2Emulator WorldServer...
07:29:11 I DB: Using database 'eq2world' at localhost
07:29:11 D World: Randomizing World...
07:29:11 D Init: ./LoginServer.ini read...
07:29:11 I Patcher: Connecting to DB PatchServer...
07:29:12 E Patcher: PatchServer::ConnectToUpdateServer: ' '
07:29:12 I Patcher: DB Update check completed...
07:29:12 I World: Loading System Data...
07:29:15 I World: Loaded System Data (took 3 seconds)
07:29:15 W Threaded: Using Threaded loading of static data...
07:29:15 W Thread: Item Loading Thread started.
07:29:15 I DB: Using database 'eq2world' at localhost
07:29:15 I Items: Loading Items...
07:29:15 I Guilds: Loading Guilds...
07:29:15 W Thread: Spell Loading Thread started.
07:29:15 I DB: Using database 'eq2world' at localhost
07:29:15 I Spells: Loading Spells...
07:29:15 I Guilds: 	Loaded 0 Guild(s)
07:29:15 I Recipes: Loading Recipe Books...
07:29:15 D Recipes: 	Loaded 2619 Recipe Books 
07:29:15 I Recipes: Loading Recipes...
07:29:15 D Recipes: 	Loaded 981 recipes
07:29:15 I Tradeskills: Loading Tradeskill Events...
07:29:15 D Tradeskills: 	Loaded 144 tradeskill events
07:29:15 I AA: Loading Alternate Advancements...
07:29:15 I AA: Loaded 3084 Alternate Advancement(s)
07:29:15 I AA: Loading AA Tree Nodes...
07:29:15 I AA: Loaded 0 AA Tree Nodes
07:29:15 I Titles: Loading Titles...
07:29:15 D World: 	Loaded 472 Titles
07:29:15 I Languages: Loading Languages...
07:29:15 D World: 	Loaded 44 Languages
07:29:15 I Chat: Loading channels...
07:29:15 I LUA: Loading Spawn Scripts...
07:29:15 D LUA: 	Loaded 114199 SpawnScripts
07:29:15 I LUA: Loading Zone Scripts...
07:29:15 D LUA: 	Loaded 6 ZoneScripts
07:29:15 I World: Loading House Zone Data...
07:29:15 I World: Loading Heroic OP Data...
07:29:15 I World: Loading Race Types Data...
07:29:15 I World: - Loaded 0 Race Types
07:29:15 I World: Waiting for load threads to finish.
07:29:16 D Spells: Loading Spell Effects...
07:29:17 D Spells: 	Loaded 20434 Spell Effects.
07:29:17 D Spells: Loading Spell LUA Data...
07:29:17 D Spells: 	Loaded 25006 Spell LUA Data entries.
07:29:17 D Spells: Loading Spells Scripts...
07:29:17 D Items: 	Loaded 14664 Normal Items
07:29:17 D Items: 	Loaded 4205 Baubles
07:29:17 D Items: 	Loaded 350 Bags
07:29:17 D Items: 	Loaded 537 Books
07:29:17 D Items: 	Loaded 6677 House Items
07:29:17 D Items: 	Loaded 2627 Food Items
07:29:17 D Items: 	Loaded 20459 Weapons
07:29:18 D Items: 	Loaded 3548 Ranged Weapons
07:29:18 D Items: 	Loaded 157 Thrown Weapons
07:29:18 D Items: 	Loaded 62188 Armor Pieces
07:29:18 D Items: 	Loaded 5661 Shields
07:29:18 D Items: 	Loaded 24843 Skill Items
07:29:18 D Items: 	Loaded 25979 Recipe Book Items
07:29:18 D Items: 	Loaded 65 House Containers
07:29:18 D Items: Loading Item Appearances...
07:29:18 D Items: 	Loaded 73859 Item Appearances
07:29:18 D Items: Loading Item Stats...
07:29:19 D Items: 	Loaded 451278 Item Stats
07:29:19 D Items: Loading Item Effects...
07:29:19 D Items: 	Loaded 167559 Item Effects
07:29:19 D Items: Loading Item Level Overrides...
07:29:19 D Items: 	Loaded 0 Item Level Overrides
07:29:19 I Items: Loaded 153019 Total Items (took 4 seconds)
07:29:19 D Items: WorldDatabase::LoadNextUniqueItemID: max(id): 7258
07:29:19 I Collect: Loading Collections...
07:29:20 D Collect: 	Loaded 1174 collections
07:29:20 D Collect: 	Loaded 3819 collection items
07:29:20 D Collect: 	Loaded 2951 collection rewards
07:29:20 I Merchants: Loading Merchants...
07:29:20 D Merchant: 	Clearing Merchant Inventory...
07:29:20 D Merchant: 	Loading Merchant Inventory...
07:29:20 D Merchant: 	Loaded 22638 Merchant Inventory Item(s)
07:29:20 D Merchant: 	Loaded 774 Merchant List(s)
07:29:20 I Quests: Loading Quests...
07:29:20 D Quest: 	Loaded 183 Quest(s)
07:29:20 W Thread: Item Loading Thread completed.
07:29:21 D Spells: 	Loaded 13551 SpellScripts
07:29:21 I Spells: Loaded 11498 Spells (took 6 seconds)
07:29:21 I Spells: Loading Spell Errors...
07:29:21 I Traits: Loading Traits...
07:29:21 I Traits: Loaded 0 Trait(s)
07:29:21 W Thread: Spell Loading Thread completed.
07:29:21 I World: Load threads finished.
07:29:21 I World: Total World startup time: 10 seconds.
07:29:21 D World: Starting factory Reader
07:29:21 D World: Starting factory Writer
07:29:21 I Net: World server listening on: 127.0.0.1:9000
07:29:21 I Zone: Starting static zones...
07:29:21 I IRC: Starting global IRC server...
07:29:21 D IRC: Connecting to IRC server irc.eq2emulator.net:6667.
07:29:21 D IRC: Successfully connected to the global IRC server!
07:29:21 D Thread: Starting console command thread...
07:29:21 I Console: Type 'help' or '?' and press enter for menu options.
07:29:21 D Thread: Starting autoinit loginserver thread...
07:29:22 I World: Connected to LoginServer: 127.0.0.1: 9100
07:31:51 D Net: AddAuth: 1 Key: 1490441511
07:31:52 D Net: New client from ip: 127.0.0.1 port: 56607
07:31:52 D Net: Adding new client...
07:31:52 I ZoneAuth: Access Key: 1490441511, Character Name: Ibux, Account ID: 1
07:31:52 D Player: Loading character for 'Ibux' (char_id: 3)
07:31:52 I Zone: Loading new Zone 'FrostfangSea'
07:31:52 D Zone: SpawnUpdateTimer: 200ms
07:31:52 D Zone: SpawnDeleteTimer: 30000ms
07:31:52 D Zone: Loading zone flight paths
07:31:52 D Zone: Loaded 0 flight paths for Frostfang Sea
07:31:52 D Zone: Loaded 0 flight path locations for Frostfang Sea
07:31:52 D Command: -Loading Entity Commands...
07:31:52 D Command: --Loaded 1316 entity command(s)
07:31:52 I NPC: -Loading NPC data...
07:31:52 D Player: Loaded 0 LUA history for Ibux
07:31:52 I NPC: --Loaded 708 NPC(s).
07:31:52 I NPC: --Loaded 3 NPC Spell(s).
07:31:52 D Recipes: Loaded 0 recipes for player: Ibux (3)
07:31:52 I NPC: --Loaded 0 NPC Skill(s).
07:31:52 D Achievements: Loaded 0 player achievement updates
07:31:52 I NPC: --Loaded 0 NPC Equipment Piece(s).
07:31:53 D Player: Loading character_details for 'Ibux' (char_id: 3)
07:31:53 I NPC: --Loaded 704 NPC Appearance(s).
07:31:53 I NPC: --Loaded 614 NPC Equipment Appearance(s).
07:31:53 I NPC: -Load NPC data complete!
07:31:53 I Object: -Loading Object data...
07:31:53 D Object: --Loaded 206 Object(s)
07:31:53 I Object: -Load Object data complete!
07:31:53 I Sign: -Loading Sign data...
07:31:53 D Sign: --Loaded 45 Sign(s)
07:31:53 I Sign: -Load Sign data complete!
07:31:53 I Widget: -Loading Widget data...
07:31:53 D Widget: --Loaded 34 Widget(s)
07:31:53 I Widget: -Load Widget data complete!
07:31:53 I GSpawn: -Loading Groundspawn data...
07:31:54 D GSpawn: --Loaded 19 GroundSpawn(s)
07:31:54 D GSpawn: --Loaded 33 GroundSpawn Entries.
07:31:54 D GSpawn: --Loaded 239 GroundSpawn Items.
07:31:54 I GSpawn: -Load Groundspawn data complete!
07:31:54 I Pet: -Loading Pet data...
07:31:54 D Pet: --Loaded 1707 Pet Names
07:31:54 I Pet: -Load Pet data complete!
07:31:54 I Loot: -Loading Spawn loot data...
07:31:54 D Loot: --Loading LootTables...
07:31:54 D Loot: --Loaded 0 loot tables.
07:31:54 D Loot: --Loading LootDrops...
07:31:54 D Loot: --Loaded 0 loot drops.
07:31:54 D Loot: --Assigning loot table(s) to spawn(s)...
07:31:54 D Loot: --Loaded 0 spawn loot lists.
07:31:54 I Loot: -Loading Global loot data...
07:31:54 D Loot: --Loaded 0 Global loot lists.
07:31:54 I Loot: -Loading Spawn loot data complete!
07:31:54 I Transport: -Loading Transporters...
07:31:54 D Transport: --Loaded 30 Transporter(s)
07:31:54 D Transport: -Loading Transporter Maps...
07:31:54 D Transport: --Loaded 1 Transporter Maps
07:31:54 I Transport: -Loading Transporters complete!
07:31:55 I Spawn: Loaded for zone 'FrostfangSea' (470):
	1806 NPC(s), 1238 Object(s), 34 Widget(s)
	81 Sign(s), 1920 Ground Spawn(s), 1828 Spawn Group(s)
	1161 Spawn Group Association(s), 0 Spawn Group Chance(s)
07:32:10 D NPC: Loaded NPC: 'a portal jumped Ry'Gorr raider' (4700096).
07:32:10 D Client: SendLoginInfo to new client...
07:32:10 D World: Increment Server_Accepted_Connection + 1
07:32:10 D Client: Populate Skill Map...
07:32:10 D Client: Toggle Character Online...
07:32:10 D Player: Toggling Character ONLINE!
07:32:10 D Client: Loading Character Skills for player 'Ibux'...
07:32:10 D World: Loading Titles for player 'Ibux'...
07:32:10 D World: Loading Languages for player 'Ibux'...
07:32:10 D Client: No character languages loaded!
07:32:10 D Spells: Loading Character Spells for player Ibux...
07:32:10 D Recipes: Loading Character Recipe Books for player 'Ibux' ...
07:32:10 D Client: No character recipe books found!
07:32:10 D Packet: Sending Login Accepted packet (LS_LoginResponse, 1193)
07:32:10 D World: Send MOTD...
07:32:10 D Packet: Sending Character Macro packet (WS_MacroInit, 1193)
07:32:10 D World: Sending FriendList...
07:32:10 D Player: Loading Player Factions...
07:32:10 D Player: Loading Character Quests...
07:32:10 D Player: Loading Player Mail...
07:32:10 D Client: Send Quest Journal...
07:32:10 D Client: Loading Faction Updates...
07:32:10 D Client: Send Command List...
07:32:10 D Client: Send Language Updates...
07:32:10 D Player: Getting current language for player 'Ibux'...
07:32:10 D Client: SendFriendList
07:32:10 D Client: SendIgnoreList
07:32:17 D Items: Loading items for character 'Ibux' (3)
07:32:17 D Player: Getting current title index for player 'Ibux'...
07:32:17 D Player: Getting current title index for player 'Ibux'...
07:32:17 D Merchant: Loading Buyback - Player: 3
07:32:22 D Command: Player 'Ibux' (1), Command: autoattack
07:32:22 D Command: Player 'Ibux' (1), Command: enablequeuedabilities
07:32:22 D Command: Player 'Ibux' (1), Command: welcome_info
07:32:25 D Client: Saving paperdoll image for player Ibux (3)
07:32:25 D Client: Saving headshot image for player Ibux (3)
07:32:43 D Player: Ibux left grid 4294967295 and entered grid 3646759888
07:32:50 D Command: Player 'Ibux' (1), Command: hail
07:32:50 D Command: Player 'Ibux' (1), Command: clearallqueuedabilities
07:32:52 D Player: Saving History for Player: 'Ibux'
07:32:52 D Player: Saving LUA History for Player: 'Ibux'
07:33:01 D LUA: Found LUA Spell Script: 'Spells/Commoner/harvest.lua'
07:33:01 D Command: Player 'Ibux' (1), Command: clearallqueuedabilities
07:33:04 D GSpawn: Process harvesting for player 'Ibux' (2)
07:33:04 D GSpawn: Process harvest complete for player 'Ibux' (2)
07:33:04 D Spell: Concentration is now 0 on Ibux
07:33:04 D Command: Player 'Ibux' (1), Command: clearallqueuedabilities
07:33:04 D Command: Player 'Ibux' (1), Command: autoattack
07:33:13 D Command: Player 'Ibux' (1), Command: inventory
07:33:13 I Command: command: inventory
07:33:15 D Command: Player 'Ibux' (1), Command: inventory
07:33:15 I Command: command: inventory
07:33:21 D Command: Player 'Ibux' (1), Command: smp
07:33:23 D Command: Player 'Ibux' (1), Command: inventory
07:33:23 I Command: command: inventory
07:33:26 D Command: Player 'Ibux' (1), Command: inventory
07:33:26 I Command: command: inventory
07:33:29 D Command: Player 'Ibux' (1), Command: inventory
07:33:29 I Command: command: inventory
07:33:31 D Command: Player 'Ibux' (1), Command: smp
07:33:41 D Command: Player 'Ibux' (1), Command: smp
07:33:51 D Command: Player 'Ibux' (1), Command: smp
07:33:52 D Player: Saving History for Player: 'Ibux'
07:33:52 D Player: Saving LUA History for Player: 'Ibux'
07:34:01 D Command: Player 'Ibux' (1), Command: smp
07:34:02 D Command: Player 'Ibux' (1), Command: info
07:34:02 D Collect: Adding collection from master list 789

07:34:11 D Command: Player 'Ibux' (1), Command: smp
07:34:20 D Command: Player 'Ibux' (1), Command: info
07:34:20 D Collect: Adding collection from master list 789

07:34:21 D Command: Player 'Ibux' (1), Command: smp
07:34:25 D Command: Player 'Ibux' (1), Command: info
07:34:25 D Collect: Adding collection from master list 789

07:34:31 D Command: Player 'Ibux' (1), Command: smp
07:34:44 D Zone: Client is disconnecting in ZoneServer::ClientProcess (camping = false)
07:34:44 D CClient: Client Disconnect...
07:34:44 D Player: Saving History for Player: 'Ibux'
07:34:44 D Player: Saving LUA History for Player: 'Ibux'
07:34:44 D Zone: Sending login equipment appearance updates...
07:34:44 D Zone: Removing client 'Ibux' (3) due to LD/Exit...
07:34:44 D Zone: Calling clients.Remove(client)...
07:34:44 I Zone: Scheduling client 'Ibux' for removal.
07:34:44 D Player: Toggling Character OFFLINE!
07:34:45 I Zone: Starting zone shutdown timers...
07:34:57 D World: Removing connection...
07:39:46 I Zone: Initiating zone shutdown of 'FrostfangSea'
07:39:46 I Zone: Completed zone shutdown of 'FrostfangSea'
