11:35:38 I Init: Starting EQ2Emulator WorldServer...
11:35:38 I DB: Using database 'eq2world' at localhost
11:35:38 D World: Randomizing World...
11:35:38 D Init: ./LoginServer.ini read...
11:35:38 I Patcher: Connecting to DB PatchServer...
11:35:39 E Patcher: PatchServer::ConnectToUpdateServer: ' '
11:35:39 I Patcher: DB Update check completed...
11:35:39 I World: Loading System Data...
11:35:48 I World: Loaded System Data (took 9 seconds)
11:35:48 W Threaded: Using Threaded loading of static data...
11:35:48 W Thread: Item Loading Thread started.
11:35:48 I DB: Using database 'eq2world' at localhost
11:35:48 I Items: Loading Items...
11:35:48 I Guilds: Loading Guilds...
11:35:48 W Thread: Spell Loading Thread started.
11:35:48 I DB: Using database 'eq2world' at localhost
11:35:48 I Spells: Loading Spells...
11:35:48 I Guilds: 	Loaded 0 Guild(s)
11:35:48 I Recipes: Loading Recipe Books...
11:35:48 D Recipes: 	Loaded 2619 Recipe Books 
11:35:48 I Recipes: Loading Recipes...
11:35:48 D Recipes: 	Loaded 981 recipes
11:35:48 I Tradeskills: Loading Tradeskill Events...
11:35:49 D Tradeskills: 	Loaded 144 tradeskill events
11:35:49 I AA: Loading Alternate Advancements...
11:35:49 I AA: Loaded 3084 Alternate Advancement(s)
11:35:49 I AA: Loading AA Tree Nodes...
11:35:49 I AA: Loaded 0 AA Tree Nodes
11:35:49 I Titles: Loading Titles...
11:35:49 D World: 	Loaded 472 Titles
11:35:49 I Languages: Loading Languages...
11:35:49 D World: 	Loaded 44 Languages
11:35:49 I Chat: Loading channels...
11:35:49 I LUA: Loading Spawn Scripts...
11:35:49 D Spells: Loading Spell Effects...
11:35:50 D LUA: 	Loaded 114199 SpawnScripts
11:35:50 I LUA: Loading Zone Scripts...
11:35:50 D LUA: 	Loaded 6 ZoneScripts
11:35:50 I World: Loading House Zone Data...
11:35:50 I World: Loading Heroic OP Data...
11:35:50 I World: Loading Race Types Data...
11:35:51 I World: - Loaded 0 Race Types
11:35:51 I World: Waiting for load threads to finish.
11:35:51 D Spells: 	Loaded 20434 Spell Effects.
11:35:51 D Spells: Loading Spell LUA Data...
11:35:51 D Spells: 	Loaded 25006 Spell LUA Data entries.
11:35:51 D Spells: Loading Spells Scripts...
11:35:54 D Items: 	Loaded 14664 Normal Items
11:35:54 D Items: 	Loaded 4205 Baubles
11:35:54 D Items: 	Loaded 350 Bags
11:35:54 D Items: 	Loaded 537 Books
11:35:54 D Items: 	Loaded 6677 House Items
11:35:54 D Items: 	Loaded 2627 Food Items
11:35:54 D Items: 	Loaded 20459 Weapons
11:35:54 D Items: 	Loaded 3548 Ranged Weapons
11:35:54 D Items: 	Loaded 157 Thrown Weapons
11:35:54 D Items: 	Loaded 62188 Armor Pieces
11:35:54 D Items: 	Loaded 5661 Shields
11:35:55 D Items: 	Loaded 24843 Skill Items
11:35:55 D Items: 	Loaded 25979 Recipe Book Items
11:35:55 D Items: 	Loaded 65 House Containers
11:35:55 D Items: Loading Item Appearances...
11:35:55 D Items: 	Loaded 73859 Item Appearances
11:35:55 D Items: Loading Item Stats...
11:35:58 D Spells: 	Loaded 13551 SpellScripts
11:35:58 I Spells: Loaded 11498 Spells (took 10 seconds)
11:35:58 I Spells: Loading Spell Errors...
11:35:58 I Traits: Loading Traits...
11:35:58 I Traits: Loaded 0 Trait(s)
11:35:58 W Thread: Spell Loading Thread completed.
11:35:58 D Items: 	Loaded 451278 Item Stats
11:35:58 D Items: Loading Item Effects...
11:35:59 D Items: 	Loaded 167559 Item Effects
11:35:59 D Items: Loading Item Level Overrides...
11:35:59 D Items: 	Loaded 0 Item Level Overrides
11:35:59 I Items: Loaded 153019 Total Items (took 11 seconds)
11:35:59 D Items: WorldDatabase::LoadNextUniqueItemID: max(id): 8928
11:35:59 I Collect: Loading Collections...
11:36:00 D Collect: 	Loaded 1174 collections
11:36:00 D Collect: 	Loaded 3819 collection items
11:36:00 D Collect: 	Loaded 2951 collection rewards
11:36:00 I Merchants: Loading Merchants...
11:36:00 D Merchant: 	Clearing Merchant Inventory...
11:36:00 D Merchant: 	Loading Merchant Inventory...
11:36:00 D Merchant: 	Loaded 22638 Merchant Inventory Item(s)
11:36:00 D Merchant: 	Loaded 774 Merchant List(s)
11:36:00 I Quests: Loading Quests...
11:36:00 D Quest: 	Loaded 183 Quest(s)
11:36:00 W Thread: Item Loading Thread completed.
11:36:00 I World: Load threads finished.
11:36:00 I World: Total World startup time: 22 seconds.
11:36:00 D World: Starting factory Reader
11:36:00 D World: Starting factory Writer
11:36:00 I Net: World server listening on: 127.0.0.1:9000
11:36:00 I Zone: Starting static zones...
11:36:00 I IRC: Starting global IRC server...
11:36:00 D IRC: Connecting to IRC server irc.eq2emulator.net:6667.
11:36:01 D IRC: Successfully connected to the global IRC server!
11:36:01 D Thread: Starting console command thread...
11:36:01 I Console: Type 'help' or '?' and press enter for menu options.
11:36:01 D Thread: Starting autoinit loginserver thread...
11:36:01 I World: Connected to LoginServer: 127.0.0.1: 9100
