09:57:13 I Init: Starting EQ2Emulator WorldServer...
09:57:13 I DB: Using database 'eq2world' at localhost
09:57:13 D World: Randomizing World...
09:57:13 D Init: ./LoginServer.ini read...
09:57:13 I World: Loading System Data...
09:57:16 I World: Loaded System Data (took 3 seconds)
09:57:16 W Threaded: Using Threaded loading of static data...
09:57:16 W Thread: Item Loading Thread started.
09:57:16 I Guilds: Loading Guilds...
09:57:16 W Thread: Spell Loading Thread started.
09:57:16 I DB: Using database 'eq2world' at localhost
09:57:16 I DB: Using database 'eq2world' at localhost
09:57:16 I Items: Loading Items...
09:57:16 I Guilds: 	Loaded 0 Guild(s)
09:57:16 I Recipes: Loading Recipe Books...
09:57:16 I Spells: Loading Spells...
09:57:16 D Recipes: 	Loaded 2619 Recipe Books 
09:57:16 I Recipes: Loading Recipes...
09:57:16 D Recipes: 	Loaded 981 recipes
09:57:16 I Tradeskills: Loading Tradeskill Events...
09:57:16 D Tradeskills: 	Loaded 144 tradeskill events
09:57:16 I AA: Loading Alternate Advancements...
09:57:16 I AA: Loaded 3084 Alternate Advancement(s)
09:57:16 I AA: Loading AA Tree Nodes...
09:57:16 I AA: Loaded 0 AA Tree Nodes
09:57:16 I Titles: Loading Titles...
09:57:16 D World: 	Loaded 472 Titles
09:57:16 I Languages: Loading Languages...
09:57:16 D World: 	Loaded 44 Languages
09:57:16 I Chat: Loading channels...
09:57:16 I LUA: Loading Spawn Scripts...
09:57:17 D LUA: 	Loaded 114199 SpawnScripts
09:57:17 I LUA: Loading Zone Scripts...
09:57:17 D LUA: 	Loaded 6 ZoneScripts
09:57:17 I World: Loading House Zone Data...
09:57:17 I World: Loading Heroic OP Data...
09:57:17 I World: Loading Race Types Data...
09:57:17 I World: - Loaded 0 Race Types
09:57:17 I World: Waiting for load threads to finish.
09:57:17 D Spells: Loading Spell Effects...
09:57:18 D Spells: 	Loaded 20434 Spell Effects.
09:57:18 D Spells: Loading Spell LUA Data...
09:57:18 D Spells: 	Loaded 25006 Spell LUA Data entries.
09:57:18 D Spells: Loading Spells Scripts...
09:57:19 D Items: 	Loaded 14664 Normal Items
09:57:19 D Items: 	Loaded 4205 Baubles
09:57:19 D Items: 	Loaded 350 Bags
09:57:19 D Items: 	Loaded 537 Books
09:57:19 D Items: 	Loaded 6677 House Items
09:57:19 D Items: 	Loaded 2627 Food Items
09:57:19 D Items: 	Loaded 20459 Weapons
09:57:19 D Items: 	Loaded 3548 Ranged Weapons
09:57:19 D Items: 	Loaded 157 Thrown Weapons
09:57:19 D Items: 	Loaded 62188 Armor Pieces
09:57:19 D Items: 	Loaded 5661 Shields
09:57:19 D Items: 	Loaded 24843 Skill Items
09:57:19 D Items: 	Loaded 25979 Recipe Book Items
09:57:19 D Items: 	Loaded 65 House Containers
09:57:19 D Items: Loading Item Appearances...
09:57:19 D Items: 	Loaded 73859 Item Appearances
09:57:19 D Items: Loading Item Stats...
09:57:19 D Spells: 	Loaded 13551 SpellScripts
09:57:19 I Spells: Loaded 11498 Spells (took 3 seconds)
09:57:19 I Spells: Loading Spell Errors...
09:57:20 I Traits: Loading Traits...
09:57:20 I Traits: Loaded 0 Trait(s)
09:57:20 W Thread: Spell Loading Thread completed.
09:57:20 D Items: 	Loaded 451278 Item Stats
09:57:20 D Items: Loading Item Effects...
09:57:20 D Items: 	Loaded 167559 Item Effects
09:57:20 D Items: Loading Item Level Overrides...
09:57:20 D Items: 	Loaded 0 Item Level Overrides
09:57:20 I Items: Loaded 153019 Total Items (took 4 seconds)
09:57:20 D Items: WorldDatabase::LoadNextUniqueItemID: max(id): 7249
09:57:20 I Collect: Loading Collections...
09:57:21 D Collect: 	Loaded 553 collections
09:57:21 D Collect: 	Loaded 2661 collection items
09:57:21 D Collect: 	Loaded 606 collection rewards
09:57:21 I Merchants: Loading Merchants...
09:57:21 D Merchant: 	Clearing Merchant Inventory...
09:57:21 D Merchant: 	Loading Merchant Inventory...
09:57:21 D Merchant: 	Loaded 22638 Merchant Inventory Item(s)
09:57:21 D Merchant: 	Loaded 774 Merchant List(s)
09:57:21 I Quests: Loading Quests...
09:57:21 D Quest: 	Loaded 183 Quest(s)
09:57:21 W Thread: Item Loading Thread completed.
09:57:21 I World: Load threads finished.
09:57:21 I World: Total World startup time: 8 seconds.
09:57:21 D World: Starting factory Reader
09:57:21 D World: Starting factory Writer
09:57:21 I Net: World server listening on: 127.0.0.1:9000
09:57:21 I Zone: Starting static zones...
09:57:21 I IRC: Starting global IRC server...
09:57:21 D IRC: Connecting to IRC server irc.eq2emulator.net:6667.
09:57:21 D IRC: Successfully connected to the global IRC server!
09:57:21 D Thread: Starting console command thread...
09:57:21 I Console: Type 'help' or '?' and press enter for menu options.
09:57:21 D Thread: Starting autoinit loginserver thread...
09:57:21 I World: Connected to LoginServer: 127.0.0.1: 9100
