10:08:38 I Init: Starting EQ2Emulator WorldServer...
10:08:38 I DB: Using database 'eq2world' at localhost
10:08:38 D World: Randomizing World...
10:08:38 D Init: ./LoginServer.ini read...
10:08:38 I World: Loading System Data...
10:08:41 I World: Loaded System Data (took 3 seconds)
10:08:41 W Threaded: Using Threaded loading of static data...
10:08:41 W Thread: Item Loading Thread started.
10:08:41 I Guilds: Loading Guilds...
10:08:41 W Thread: Spell Loading Thread started.
10:08:41 I Guilds: 	Loaded 0 Guild(s)
10:08:41 I Recipes: Loading Recipe Books...
10:08:41 I DB: Using database 'eq2world' at localhost
10:08:41 I DB: Using database 'eq2world' at localhost
10:08:41 I Items: Loading Items...
10:08:41 I Spells: Loading Spells...
10:08:41 D Recipes: 	Loaded 2619 Recipe Books 
10:08:41 I Recipes: Loading Recipes...
10:08:41 D Recipes: 	Loaded 981 recipes
10:08:41 I Tradeskills: Loading Tradeskill Events...
10:08:41 D Tradeskills: 	Loaded 144 tradeskill events
10:08:41 I AA: Loading Alternate Advancements...
10:08:41 I AA: Loaded 3084 Alternate Advancement(s)
10:08:41 I AA: Loading AA Tree Nodes...
10:08:41 I AA: Loaded 0 AA Tree Nodes
10:08:41 I Titles: Loading Titles...
10:08:41 D World: 	Loaded 472 Titles
10:08:41 I Languages: Loading Languages...
10:08:41 D World: 	Loaded 44 Languages
10:08:41 I Chat: Loading channels...
10:08:41 I LUA: Loading Spawn Scripts...
10:08:42 D LUA: 	Loaded 114199 SpawnScripts
10:08:42 I LUA: Loading Zone Scripts...
10:08:42 D LUA: 	Loaded 6 ZoneScripts
10:08:42 I World: Loading House Zone Data...
10:08:42 I World: Loading Heroic OP Data...
10:08:42 I World: Loading Race Types Data...
10:08:42 I World: - Loaded 0 Race Types
10:08:42 I World: Waiting for load threads to finish.
10:08:42 D Spells: Loading Spell Effects...
10:08:43 D Spells: 	Loaded 20434 Spell Effects.
10:08:43 D Spells: Loading Spell LUA Data...
10:08:43 D Spells: 	Loaded 25006 Spell LUA Data entries.
10:08:43 D Spells: Loading Spells Scripts...
10:08:44 D Items: 	Loaded 14664 Normal Items
10:08:44 D Items: 	Loaded 4205 Baubles
10:08:44 D Items: 	Loaded 350 Bags
10:08:44 D Items: 	Loaded 537 Books
10:08:44 D Items: 	Loaded 6677 House Items
10:08:44 D Items: 	Loaded 2627 Food Items
10:08:44 D Items: 	Loaded 20459 Weapons
10:08:44 D Items: 	Loaded 3548 Ranged Weapons
10:08:44 D Items: 	Loaded 157 Thrown Weapons
10:08:44 D Items: 	Loaded 62188 Armor Pieces
10:08:44 D Items: 	Loaded 5661 Shields
10:08:44 D Items: 	Loaded 24843 Skill Items
10:08:44 D Items: 	Loaded 25979 Recipe Book Items
10:08:44 D Items: 	Loaded 65 House Containers
10:08:44 D Items: Loading Item Appearances...
10:08:44 D Items: 	Loaded 73859 Item Appearances
10:08:44 D Items: Loading Item Stats...
10:08:44 D Spells: 	Loaded 13551 SpellScripts
10:08:44 I Spells: Loaded 11498 Spells (took 3 seconds)
10:08:44 I Spells: Loading Spell Errors...
10:08:45 I Traits: Loading Traits...
10:08:45 I Traits: Loaded 0 Trait(s)
10:08:45 W Thread: Spell Loading Thread completed.
10:08:45 D Items: 	Loaded 451278 Item Stats
10:08:45 D Items: Loading Item Effects...
10:08:45 D Items: 	Loaded 167559 Item Effects
10:08:45 D Items: Loading Item Level Overrides...
10:08:45 D Items: 	Loaded 0 Item Level Overrides
10:08:45 I Items: Loaded 153019 Total Items (took 4 seconds)
10:08:45 D Items: WorldDatabase::LoadNextUniqueItemID: max(id): 7249
10:08:45 I Collect: Loading Collections...
10:08:46 D Collect: 	Loaded 553 collections
10:08:46 D Collect: 	Loaded 2661 collection items
10:08:46 D Collect: 	Loaded 606 collection rewards
10:08:46 I Merchants: Loading Merchants...
10:08:46 D Merchant: 	Clearing Merchant Inventory...
10:08:46 D Merchant: 	Loading Merchant Inventory...
10:08:46 D Merchant: 	Loaded 22638 Merchant Inventory Item(s)
10:08:46 D Merchant: 	Loaded 774 Merchant List(s)
10:08:46 I Quests: Loading Quests...
