10:09:07 I Init: Starting EQ2Emulator WorldServer...
10:09:07 I DB: Using database 'eq2world' at localhost
10:09:07 D World: Randomizing World...
10:09:07 D Init: ./LoginServer.ini read...
10:09:07 I World: Loading System Data...
10:09:11 I World: Loaded System Data (took 4 seconds)
10:09:11 W Threaded: Using Threaded loading of static data...
10:09:11 W Thread: Item Loading Thread started.
10:09:11 I Guilds: Loading Guilds...
10:09:11 W Thread: Spell Loading Thread started.
10:09:11 I Guilds: 	Loaded 0 Guild(s)
10:09:11 I Recipes: Loading Recipe Books...
10:09:11 I DB: Using database 'eq2world' at localhost
10:09:11 I DB: Using database 'eq2world' at localhost
10:09:11 I Items: Loading Items...
10:09:11 I Spells: Loading Spells...
10:09:11 D Recipes: 	Loaded 2619 Recipe Books 
10:09:11 I Recipes: Loading Recipes...
10:09:11 D Recipes: 	Loaded 981 recipes
10:09:11 I Tradeskills: Loading Tradeskill Events...
10:09:11 D Tradeskills: 	Loaded 144 tradeskill events
10:09:11 I AA: Loading Alternate Advancements...
10:09:11 I AA: Loaded 3084 Alternate Advancement(s)
10:09:11 I AA: Loading AA Tree Nodes...
10:09:11 I AA: Loaded 0 AA Tree Nodes
10:09:11 I Titles: Loading Titles...
10:09:11 D World: 	Loaded 472 Titles
10:09:11 I Languages: Loading Languages...
10:09:11 D World: 	Loaded 44 Languages
10:09:11 I Chat: Loading channels...
10:09:11 I LUA: Loading Spawn Scripts...
10:09:11 D LUA: 	Loaded 114199 SpawnScripts
10:09:11 I LUA: Loading Zone Scripts...
10:09:11 D LUA: 	Loaded 6 ZoneScripts
10:09:11 I World: Loading House Zone Data...
10:09:11 I World: Loading Heroic OP Data...
10:09:11 I World: Loading Race Types Data...
10:09:11 I World: - Loaded 0 Race Types
10:09:11 I World: Waiting for load threads to finish.
10:09:11 D Spells: Loading Spell Effects...
10:09:12 D Spells: 	Loaded 20434 Spell Effects.
10:09:12 D Spells: Loading Spell LUA Data...
10:09:12 D Spells: 	Loaded 25006 Spell LUA Data entries.
10:09:12 D Spells: Loading Spells Scripts...
10:09:13 D Items: 	Loaded 14664 Normal Items
10:09:13 D Items: 	Loaded 4205 Baubles
10:09:13 D Items: 	Loaded 350 Bags
10:09:13 D Items: 	Loaded 537 Books
10:09:13 D Items: 	Loaded 6677 House Items
10:09:13 D Items: 	Loaded 2627 Food Items
10:09:13 D Items: 	Loaded 20459 Weapons
10:09:13 D Items: 	Loaded 3548 Ranged Weapons
10:09:13 D Items: 	Loaded 157 Thrown Weapons
10:09:13 D Items: 	Loaded 62188 Armor Pieces
10:09:13 D Items: 	Loaded 5661 Shields
10:09:13 D Items: 	Loaded 24843 Skill Items
10:09:13 D Items: 	Loaded 25979 Recipe Book Items
10:09:13 D Items: 	Loaded 65 House Containers
10:09:13 D Items: Loading Item Appearances...
10:09:13 D Items: 	Loaded 73859 Item Appearances
10:09:13 D Items: Loading Item Stats...
10:09:14 D Spells: 	Loaded 13551 SpellScripts
10:09:14 I Spells: Loaded 11498 Spells (took 3 seconds)
10:09:14 I Spells: Loading Spell Errors...
10:09:14 I Traits: Loading Traits...
10:09:14 I Traits: Loaded 0 Trait(s)
10:09:14 W Thread: Spell Loading Thread completed.
10:09:14 D Items: 	Loaded 451278 Item Stats
10:09:14 D Items: Loading Item Effects...
10:09:15 D Items: 	Loaded 167559 Item Effects
10:09:15 D Items: Loading Item Level Overrides...
10:09:15 D Items: 	Loaded 0 Item Level Overrides
10:09:15 I Items: Loaded 153019 Total Items (took 4 seconds)
10:09:15 D Items: WorldDatabase::LoadNextUniqueItemID: max(id): 7249
10:09:15 I Collect: Loading Collections...
10:09:15 D Collect: 	Loaded 553 collections
10:09:15 D Collect: 	Loaded 2661 collection items
10:09:15 D Collect: 	Loaded 606 collection rewards
10:09:15 I Merchants: Loading Merchants...
10:09:15 D Merchant: 	Clearing Merchant Inventory...
10:09:15 D Merchant: 	Loading Merchant Inventory...
10:09:15 D Merchant: 	Loaded 22638 Merchant Inventory Item(s)
10:09:15 D Merchant: 	Loaded 774 Merchant List(s)
10:09:15 I Quests: Loading Quests...
10:09:15 D Quest: 	Loaded 183 Quest(s)
10:09:15 W Thread: Item Loading Thread completed.
10:09:15 I World: Load threads finished.
10:09:15 I World: Total World startup time: 8 seconds.
10:09:15 D World: Starting factory Reader
10:09:15 D World: Starting factory Writer
10:09:15 I Net: World server listening on: 127.0.0.1:9000
10:09:15 I Zone: Starting static zones...
10:09:15 I IRC: Starting global IRC server...
10:09:15 D IRC: Connecting to IRC server irc.eq2emulator.net:6667.
10:09:15 D IRC: Successfully connected to the global IRC server!
10:09:15 D Thread: Starting console command thread...
10:09:15 I Console: Type 'help' or '?' and press enter for menu options.
10:09:15 D Thread: Starting autoinit loginserver thread...
10:09:15 I World: Connected to LoginServer: 127.0.0.1: 9100
