Build started 3/25/2017 7:49:35 AM.
     1>Project "C:\My server\eq2emu\trunk\win\VC10Projects\EQ2World.vcxproj" on node 2 (Build target(s)).
     1>ClCompile:
         C:\Program Files (x86)\Microsoft Visual Studio 12.0\VC\bin\x86_amd64\CL.exe /c /Zi /nologo /W1 /WX- /Od /Ob2 /D WORLD /D _DEBUG /D _EQDEBUG /D _WIN32_WINNT=0x0400 /D WIN32 /D _CONSOLE /D EQ2 /D EQN_DEBUG /D _CRT_SECURE_NO_DEPRECATE /D _VC80_UPGRADE=0x0710 /D _MBCS /Gm /EHsc /RTC1 /MTd /GS /Gy- /fp:precise /Zc:wchar_t /Zc:forScope /GR- /Fo".\EQ2World__Debug_x64\\" /Fd".\EQ2World__Debug_x64\vc120.pdb" /Gd /TP /wd4996 /errorReport:prompt ..\..\source\common\DatabaseNew.cpp ..\..\source\common\DatabaseResult.cpp ..\..\source\WorldServer\Achievements\Achievements.cpp ..\..\source\WorldServer\Achievements\AchievementsDB.cpp ..\..\source\WorldServer\AltAdvancement\AltAdvancement.cpp ..\..\source\WorldServer\AltAdvancement\AltAdvancementDB.cpp ..\..\source\WorldServer\Chat\Chat.cpp ..\..\source\WorldServer\Chat\ChatChannel.cpp ..\..\source\WorldServer\Chat\ChatDB.cpp ..\..\source\WorldServer\classes.cpp ..\..\source\WorldServer\client.cpp ..\..\source\WorldServer\ClientPacketFunctions.cpp ..\..\source\WorldServer\Collections\Collections.cpp ..\..\source\WorldServer\Collections\CollectionsDB.cpp ..\..\source\WorldServer\Combat.cpp ..\..\source\WorldServer\Commands\CommandsDB.cpp ..\..\source\WorldServer\Entity.cpp ..\..\source\WorldServer\Factions.cpp ..\..\source\WorldServer\GroundSpawn.cpp ..\..\source\WorldServer\Guilds\Guild.cpp ..\..\source\WorldServer\Guilds\GuildDB.cpp ..\..\source\WorldServer\HeroicOp\HeroicOp.cpp ..\..\source\WorldServer\HeroicOp\HeroicOpDB.cpp ..\..\source\WorldServer\HeroicOp\HeroicOpPackets.cpp ..\..\source\WorldServer\Housing\HousingDB.cpp ..\..\source\WorldServer\Housing\HousingPackets.cpp ..\..\source\WorldServer\IRC\IRC.cpp ..\..\source\WorldServer\IRC\IRCChannel.cpp ..\..\source\WorldServer\IRC\IRCMessage.cpp ..\..\source\WorldServer\IRC\IRCServer.cpp ..\..\source\WorldServer\Items\Items.cpp ..\..\source\WorldServer\Items\ItemsDB.cpp ..\..\source\WorldServer\Items\Loot.cpp ..\..\source\WorldServer\Items\LootDB.cpp ..\..\source\WorldServer\Languages.cpp ..\..\source\WorldServer\LoginServer.cpp ..\..\source\WorldServer\LuaFunctions.cpp ..\..\source\WorldServer\LuaInterface.cpp ..\..\source\WorldServer\net.cpp ..\..\source\WorldServer\NPC.cpp ..\..\source\WorldServer\NPC_AI.cpp ..\..\source\WorldServer\Object.cpp ..\..\source\WorldServer\Player.cpp ..\..\source\WorldServer\PlayerGroups.cpp ..\..\source\WorldServer\Quests.cpp ..\..\source\WorldServer\races.cpp ..\..\source\WorldServer\RaceTypes\RaceTypes.cpp ..\..\source\WorldServer\RaceTypes\RaceTypesDB.cpp ..\..\source\WorldServer\Recipes\Recipe.cpp ..\..\source\WorldServer\Recipes\RecipeDB.cpp ..\..\source\WorldServer\Rules\Rules.cpp ..\..\source\WorldServer\Rules\RulesDB.cpp ..\..\source\WorldServer\Sign.cpp ..\..\source\WorldServer\Skills.cpp ..\..\source\WorldServer\Spawn.cpp ..\..\source\WorldServer\SpellProcess.cpp ..\..\source\WorldServer\Spells.cpp ..\..\source\WorldServer\Titles.cpp ..\..\source\WorldServer\Tradeskills\TradeskillsDB.cpp ..\..\source\WorldServer\Tradeskills\TradeskillsPackets.cpp ..\..\source\WorldServer\Traits\Traits.cpp ..\..\source\WorldServer\Widget.cpp ..\..\source\WorldServer\World.cpp ..\..\source\WorldServer\WorldDatabase.cpp ..\..\source\WorldServer\zoneserver.cpp ..\..\source\WorldServer\Tradeskills\Tradeskills.cpp ..\..\source\WorldServer\Commands\Commands.cpp ..\..\source\WorldServer\Commands\ConsoleCommands.cpp ..\..\source\common\Condition.cpp ..\..\source\common\ConfigReader.cpp ..\..\source\common\CRC16.cpp ..\..\source\common\Crypto.cpp ..\..\source\common\database.cpp ..\..\source\common\dbcore.cpp ..\..\source\common\debug.cpp ..\..\source\common\emu_opcodes.cpp ..\..\source\common\EQEMuError.cpp ..\..\source\common\EQPacket.cpp ..\..\source\common\EQStream.cpp ..\..\source\common\EQStreamFactory.cpp ..\..\source\common\Log.cpp ..\..\source\common\md5.cpp ..\..\source\common\misc.cpp ..\..\source\common\MiscFunctions.cpp ..\..\source\common\Mutex.cpp ..\..\source\common\opcodemgr.cpp ..\..\source\common\packet_dump.cpp ..\..\source\common\packet_functions.cpp ..\..\source\common\PacketStruct.cpp ..\..\source\common\RC4.cpp ..\..\source\common\TCPConnection.cpp ..\..\source\common\timer.cpp ..\..\source\common\xmlParser.cpp
         xmlParser.cpp
         timer.cpp
         TCPConnection.cpp
         RC4.cpp
         PacketStruct.cpp
         packet_functions.cpp
         packet_dump.cpp
         opcodemgr.cpp
         Mutex.cpp
         MiscFunctions.cpp
         misc.cpp
         md5.cpp
         Log.cpp
         EQStreamFactory.cpp
         EQStream.cpp
         EQPacket.cpp
         EQEMuError.cpp
         emu_opcodes.cpp
         debug.cpp
         dbcore.cpp
         Generating Code...
         Compiling...
         database.cpp
         Crypto.cpp
         CRC16.cpp
         ConfigReader.cpp
         Condition.cpp
         ConsoleCommands.cpp
         Commands.cpp
         Tradeskills.cpp
         zoneserver.cpp
         WorldDatabase.cpp
         World.cpp
         Widget.cpp
         Traits.cpp
         TradeskillsPackets.cpp
         TradeskillsDB.cpp
         Titles.cpp
         Spells.cpp
         SpellProcess.cpp
         Spawn.cpp
         Skills.cpp
         Generating Code...
         Compiling...
         Sign.cpp
         RulesDB.cpp
         Rules.cpp
         RecipeDB.cpp
         Recipe.cpp
         RaceTypesDB.cpp
         RaceTypes.cpp
         races.cpp
         Quests.cpp
         PlayerGroups.cpp
         Player.cpp
         Object.cpp
         NPC_AI.cpp
         NPC.cpp
         net.cpp
         LuaInterface.cpp
         LuaFunctions.cpp
         LoginServer.cpp
         Languages.cpp
         LootDB.cpp
         Generating Code...
         Compiling...
         Loot.cpp
         ItemsDB.cpp
         Items.cpp
         IRCServer.cpp
         IRCMessage.cpp
         IRCChannel.cpp
         IRC.cpp
         HousingPackets.cpp
         HousingDB.cpp
         HeroicOpPackets.cpp
         HeroicOpDB.cpp
         HeroicOp.cpp
         GuildDB.cpp
         Guild.cpp
         GroundSpawn.cpp
         Factions.cpp
         Entity.cpp
         CommandsDB.cpp
         Combat.cpp
         CollectionsDB.cpp
         Generating Code...
         Compiling...
         Collections.cpp
         ClientPacketFunctions.cpp
         client.cpp
         classes.cpp
         ChatDB.cpp
         ChatChannel.cpp
         Chat.cpp
         AltAdvancementDB.cpp
         AltAdvancement.cpp
         AchievementsDB.cpp
         Achievements.cpp
         DatabaseResult.cpp
         DatabaseNew.cpp
         Generating Code...
       Link:
         C:\Program Files (x86)\Microsoft Visual Studio 12.0\VC\bin\x86_amd64\link.exe /ERRORREPORT:PROMPT /OUT:"C:\My server\eq2emu\trunk\win\worldserver\EQ2World__Debug_x64.exe" /INCREMENTAL:NO /NOLOGO /LIBPATH:..\..\source\LUA odbc32.lib odbccp32.lib wsock32.lib Zlibx64_debug.lib mysqlclient_debug.lib LUALibx64_debug.lib kernel32.lib user32.lib gdi32.lib winspool.lib comdlg32.lib advapi32.lib shell32.lib ole32.lib oleaut32.lib uuid.lib odbc32.lib odbccp32.lib /NODEFAULTLIB:LIBCMT /NODEFAULTLIB:LIBC /MANIFEST:NO /DEBUG /PDB:".\EQ2World__Debug_x64\EQ2World__Debug_x64.pdb" /OPT:REF /OPT:ICF /TLBID:1 /DYNAMICBASE:NO /IMPLIB:"C:\My server\eq2emu\trunk\win\worldserver\EQ2World__Debug_x64.lib" /MACHINE:X64 /ignore:4099 .\EQ2World__Debug_x64\DatabaseNew.obj
         .\EQ2World__Debug_x64\DatabaseResult.obj
         .\EQ2World__Debug_x64\Achievements.obj
         .\EQ2World__Debug_x64\AchievementsDB.obj
         .\EQ2World__Debug_x64\AltAdvancement.obj
         .\EQ2World__Debug_x64\AltAdvancementDB.obj
         .\EQ2World__Debug_x64\Chat.obj
         .\EQ2World__Debug_x64\ChatChannel.obj
         .\EQ2World__Debug_x64\ChatDB.obj
         .\EQ2World__Debug_x64\classes.obj
         .\EQ2World__Debug_x64\client.obj
         .\EQ2World__Debug_x64\ClientPacketFunctions.obj
         .\EQ2World__Debug_x64\Collections.obj
         .\EQ2World__Debug_x64\CollectionsDB.obj
         .\EQ2World__Debug_x64\Combat.obj
         .\EQ2World__Debug_x64\CommandsDB.obj
         .\EQ2World__Debug_x64\Entity.obj
         .\EQ2World__Debug_x64\Factions.obj
         .\EQ2World__Debug_x64\GroundSpawn.obj
         .\EQ2World__Debug_x64\Guild.obj
         .\EQ2World__Debug_x64\GuildDB.obj
         .\EQ2World__Debug_x64\HeroicOp.obj
         .\EQ2World__Debug_x64\HeroicOpDB.obj
         .\EQ2World__Debug_x64\HeroicOpPackets.obj
         .\EQ2World__Debug_x64\HousingDB.obj
         .\EQ2World__Debug_x64\HousingPackets.obj
         .\EQ2World__Debug_x64\IRC.obj
         .\EQ2World__Debug_x64\IRCChannel.obj
         .\EQ2World__Debug_x64\IRCMessage.obj
         .\EQ2World__Debug_x64\IRCServer.obj
         .\EQ2World__Debug_x64\Items.obj
         .\EQ2World__Debug_x64\ItemsDB.obj
         .\EQ2World__Debug_x64\Loot.obj
         .\EQ2World__Debug_x64\LootDB.obj
         .\EQ2World__Debug_x64\Languages.obj
         .\EQ2World__Debug_x64\LoginServer.obj
         .\EQ2World__Debug_x64\LuaFunctions.obj
         .\EQ2World__Debug_x64\LuaInterface.obj
         .\EQ2World__Debug_x64\net.obj
         .\EQ2World__Debug_x64\NPC.obj
         .\EQ2World__Debug_x64\NPC_AI.obj
         .\EQ2World__Debug_x64\Object.obj
         .\EQ2World__Debug_x64\Player.obj
         .\EQ2World__Debug_x64\PlayerGroups.obj
         .\EQ2World__Debug_x64\Quests.obj
         .\EQ2World__Debug_x64\races.obj
         .\EQ2World__Debug_x64\RaceTypes.obj
         .\EQ2World__Debug_x64\RaceTypesDB.obj
         .\EQ2World__Debug_x64\Recipe.obj
         .\EQ2World__Debug_x64\RecipeDB.obj
         .\EQ2World__Debug_x64\Rules.obj
         .\EQ2World__Debug_x64\RulesDB.obj
         .\EQ2World__Debug_x64\Sign.obj
         .\EQ2World__Debug_x64\Skills.obj
         .\EQ2World__Debug_x64\Spawn.obj
         .\EQ2World__Debug_x64\SpellProcess.obj
         .\EQ2World__Debug_x64\Spells.obj
         .\EQ2World__Debug_x64\Titles.obj
         .\EQ2World__Debug_x64\TradeskillsDB.obj
         .\EQ2World__Debug_x64\TradeskillsPackets.obj
         .\EQ2World__Debug_x64\Traits.obj
         .\EQ2World__Debug_x64\Widget.obj
         .\EQ2World__Debug_x64\World.obj
         .\EQ2World__Debug_x64\WorldDatabase.obj
         .\EQ2World__Debug_x64\zoneserver.obj
         .\EQ2World__Debug_x64\Tradeskills.obj
         .\EQ2World__Debug_x64\Commands.obj
         .\EQ2World__Debug_x64\ConsoleCommands.obj
         .\EQ2World__Debug_x64\Condition.obj
         .\EQ2World__Debug_x64\ConfigReader.obj
         .\EQ2World__Debug_x64\CRC16.obj
         .\EQ2World__Debug_x64\Crypto.obj
         .\EQ2World__Debug_x64\database.obj
         .\EQ2World__Debug_x64\dbcore.obj
         .\EQ2World__Debug_x64\debug.obj
         .\EQ2World__Debug_x64\emu_opcodes.obj
         .\EQ2World__Debug_x64\EQEMuError.obj
         .\EQ2World__Debug_x64\EQPacket.obj
         .\EQ2World__Debug_x64\EQStream.obj
         .\EQ2World__Debug_x64\EQStreamFactory.obj
         .\EQ2World__Debug_x64\Log.obj
         .\EQ2World__Debug_x64\md5.obj
         .\EQ2World__Debug_x64\misc.obj
         .\EQ2World__Debug_x64\MiscFunctions.obj
         .\EQ2World__Debug_x64\Mutex.obj
         .\EQ2World__Debug_x64\opcodemgr.obj
         .\EQ2World__Debug_x64\packet_dump.obj
         .\EQ2World__Debug_x64\packet_functions.obj
         .\EQ2World__Debug_x64\PacketStruct.obj
         .\EQ2World__Debug_x64\RC4.obj
         .\EQ2World__Debug_x64\TCPConnection.obj
         .\EQ2World__Debug_x64\timer.obj
         .\EQ2World__Debug_x64\xmlParser.obj
         EQ2World.vcxproj -> C:\My server\eq2emu\trunk\win\worldserver\EQ2World__Debug_x64.exe
     1>Done Building Project "C:\My server\eq2emu\trunk\win\VC10Projects\EQ2World.vcxproj" (Build target(s)).

Build succeeded.

Time Elapsed 00:07:50.28
